2025-08-14 10:36:24,920 WARN c.z.h.p.HikariPool$HouseKeeper [HikariPool-1 housekeeper] HikariPool-1 - Thread starvation or clock leap detected (housekeeper delta=12h27m33s433ms107µs700ns).
2025-08-14 11:38:50,292 WARN c.z.h.p.HikariPool$HouseKeeper [HikariPool-1 housekeeper] HikariPool-1 - Thread starvation or clock leap detected (housekeeper delta=31m55s316ms161µs800ns).
2025-08-14 12:10:24,997 WARN c.z.h.p.HikariPool$HouseKeeper [HikariPool-1 housekeeper] HikariPool-1 - Thread starvation or clock leap detected (housekeeper delta=21m34s685ms674µs500ns).
2025-08-14 12:34:44,961 INFO o.a.j.l.DirectJDKLog [http-nio-8080-exec-4] Initializing Spring DispatcherServlet 'dispatcherServlet'
2025-08-14 12:34:44,961 INFO o.s.w.s.FrameworkServlet [http-nio-8080-exec-4] Initializing Servlet 'dispatcherServlet'
2025-08-14 12:34:44,972 INFO o.s.w.s.FrameworkServlet [http-nio-8080-exec-4] Completed initialization in 10 ms
2025-08-14 12:34:45,068 INFO o.s.m.c.UserController [http-nio-8080-exec-4] BEGIN login
2025-08-14 12:34:45,239 INFO o.s.m.c.UserController [http-nio-8080-exec-4] END login - success
2025-08-14 12:34:45,394 INFO o.s.m.c.PublicationController [http-nio-8080-exec-1] Begin getAll
2025-08-14 12:34:45,426 INFO o.s.m.c.PublicationController [http-nio-8080-exec-1] End getAll
2025-08-14 13:05:32,799 INFO o.s.m.c.UserController [http-nio-8080-exec-3] BEGIN login
2025-08-14 13:05:32,804 INFO o.s.m.c.UserController [http-nio-8080-exec-3] END login - success
2025-08-14 13:05:32,929 INFO o.s.m.c.PublicationController [http-nio-8080-exec-5] Begin getAll
2025-08-14 13:05:32,932 INFO o.s.m.c.PublicationController [http-nio-8080-exec-5] End getAll
2025-08-14 13:06:18,156 INFO o.s.m.c.PublicationController [http-nio-8080-exec-9] Begin getAll
2025-08-14 13:06:18,159 INFO o.s.m.c.PublicationController [http-nio-8080-exec-9] End getAll
2025-08-14 13:09:50,622 INFO o.s.m.c.UserController [http-nio-8080-exec-7] BEGIN login
2025-08-14 13:09:50,625 INFO o.s.m.c.UserController [http-nio-8080-exec-7] END login - success
2025-08-14 13:09:50,741 INFO o.s.m.c.PublicationController [http-nio-8080-exec-4] Begin getAll
2025-08-14 13:09:50,744 INFO o.s.m.c.PublicationController [http-nio-8080-exec-4] End getAll
2025-08-14 13:12:10,497 INFO o.s.m.c.UserController [http-nio-8080-exec-2] BEGIN login
2025-08-14 13:12:10,500 INFO o.s.m.c.UserController [http-nio-8080-exec-2] END login - success
2025-08-14 13:12:10,615 INFO o.s.m.c.PublicationController [http-nio-8080-exec-3] Begin getAll
2025-08-14 13:12:10,618 INFO o.s.m.c.PublicationController [http-nio-8080-exec-3] End getAll
2025-08-14 13:12:12,645 INFO o.s.m.c.FriendshipController [http-nio-8080-exec-5] Begin Get all friendships
2025-08-14 13:12:12,652 INFO o.s.m.c.FriendshipController [http-nio-8080-exec-5] End Get all friendships
2025-08-14 14:13:16,377 WARN c.z.h.p.HikariPool$HouseKeeper [HikariPool-1 housekeeper] HikariPool-1 - Thread starvation or clock leap detected (housekeeper delta=25m21s193ms181µs200ns).
2025-08-14 14:21:59,476 INFO o.s.m.c.PublicationController [http-nio-8080-exec-9] Begin getAll
2025-08-14 14:21:59,491 INFO o.s.m.c.PublicationController [http-nio-8080-exec-9] End getAll
2025-08-14 14:22:44,826 INFO o.s.m.c.FriendshipController [http-nio-8080-exec-6] Begin Get all friendships
2025-08-14 14:22:44,829 INFO o.s.m.c.FriendshipController [http-nio-8080-exec-6] End Get all friendships
2025-08-14 14:22:47,219 INFO o.s.m.c.PublicationController [http-nio-8080-exec-10] Begin getAll
2025-08-14 14:22:47,221 INFO o.s.m.c.PublicationController [http-nio-8080-exec-10] End getAll
2025-08-14 14:22:50,048 INFO o.s.m.c.PublicationController [http-nio-8080-exec-7] Begin getAll
2025-08-14 14:22:50,050 INFO o.s.m.c.PublicationController [http-nio-8080-exec-7] End getAll
2025-08-14 14:22:51,047 INFO o.s.m.c.PublicationController [http-nio-8080-exec-4] Begin getAll
2025-08-14 14:22:51,050 INFO o.s.m.c.PublicationController [http-nio-8080-exec-4] End getAll
2025-08-14 15:02:36,392 INFO o.s.m.c.PublicationController [http-nio-8080-exec-2] Begin getUserPublications by user 1
2025-08-14 15:02:36,392 INFO o.s.m.c.UserController [http-nio-8080-exec-3] BEGIN getUser
2025-08-14 15:02:36,402 INFO o.s.m.c.PublicationController [http-nio-8080-exec-2] End getUserPublications by user 1
2025-08-14 15:02:36,407 INFO o.s.m.c.UserController [http-nio-8080-exec-3] END getUser
2025-08-14 15:03:52,570 INFO o.s.m.c.PublicationController [http-nio-8080-exec-9] Begin modifyPublication
2025-08-14 15:03:52,626 INFO o.s.m.c.PublicationController [http-nio-8080-exec-9] End modifyPublication
2025-08-14 15:03:52,658 INFO o.s.m.c.UserController [http-nio-8080-exec-6] BEGIN getUser
2025-08-14 15:03:52,659 INFO o.s.m.c.UserController [http-nio-8080-exec-6] END getUser
2025-08-14 15:03:52,660 INFO o.s.m.c.PublicationController [http-nio-8080-exec-10] Begin getUserPublications by user 1
2025-08-14 15:03:52,662 INFO o.s.m.c.PublicationController [http-nio-8080-exec-10] End getUserPublications by user 1
2025-08-14 15:03:54,274 INFO o.s.m.c.PublicationController [http-nio-8080-exec-1] Begin getAll
2025-08-14 15:03:54,278 INFO o.s.m.c.PublicationController [http-nio-8080-exec-1] End getAll
2025-08-14 15:07:20,989 INFO o.s.m.c.PublicationController [http-nio-8080-exec-3] Begin getAll
2025-08-14 15:07:20,992 INFO o.s.m.c.PublicationController [http-nio-8080-exec-3] End getAll
2025-08-14 15:07:22,561 INFO o.s.m.c.UserController [http-nio-8080-exec-5] BEGIN getUser
2025-08-14 15:07:22,562 INFO o.s.m.c.UserController [http-nio-8080-exec-5] END getUser
2025-08-14 15:07:22,567 INFO o.s.m.c.PublicationController [http-nio-8080-exec-8] Begin getUserPublications by user 1
2025-08-14 15:07:22,570 INFO o.s.m.c.PublicationController [http-nio-8080-exec-8] End getUserPublications by user 1
2025-08-14 15:07:39,764 INFO o.s.m.c.PublicationController [http-nio-8080-exec-9] Begin getAll
2025-08-14 15:07:39,766 INFO o.s.m.c.PublicationController [http-nio-8080-exec-9] End getAll
2025-08-14 15:07:43,081 INFO o.s.m.c.PublicationController [http-nio-8080-exec-6] Begin getAll
2025-08-14 15:07:43,083 INFO o.s.m.c.PublicationController [http-nio-8080-exec-6] End getAll
2025-08-14 15:07:50,247 INFO o.s.m.c.PublicationController [http-nio-8080-exec-10] Begin getAll
2025-08-14 15:07:50,250 INFO o.s.m.c.PublicationController [http-nio-8080-exec-10] End getAll
2025-08-14 16:21:27,682 INFO o.s.m.c.UserController [http-nio-8080-exec-1] BEGIN login
2025-08-14 16:21:27,698 INFO o.s.m.c.UserController [http-nio-8080-exec-1] END login - success
2025-08-14 16:21:27,858 INFO o.s.m.c.PublicationController [http-nio-8080-exec-2] Begin getAll
2025-08-14 16:21:27,862 INFO o.s.m.c.PublicationController [http-nio-8080-exec-2] End getAll
2025-08-14 16:21:35,649 INFO o.s.m.c.UserController [http-nio-8080-exec-3] BEGIN getUser
2025-08-14 16:21:35,650 INFO o.s.m.c.UserController [http-nio-8080-exec-3] END getUser
2025-08-14 16:21:35,654 INFO o.s.m.c.PublicationController [http-nio-8080-exec-5] Begin getUserPublications by user 1
2025-08-14 16:21:35,656 INFO o.s.m.c.PublicationController [http-nio-8080-exec-5] End getUserPublications by user 1
2025-08-14 16:21:41,508 INFO o.s.m.c.PublicationController [http-nio-8080-exec-8] Begin getAll
2025-08-14 16:21:41,511 INFO o.s.m.c.PublicationController [http-nio-8080-exec-8] End getAll
2025-08-14 16:21:42,918 INFO o.s.m.c.FriendshipController [http-nio-8080-exec-9] Begin Get all friendships
2025-08-14 16:21:42,920 INFO o.s.m.c.FriendshipController [http-nio-8080-exec-9] End Get all friendships
2025-08-14 16:21:47,501 INFO o.s.m.c.PublicationController [http-nio-8080-exec-6] Begin getAll
2025-08-14 16:21:47,503 INFO o.s.m.c.PublicationController [http-nio-8080-exec-6] End getAll
2025-08-14 16:26:36,671 INFO o.s.m.c.UserController [http-nio-8080-exec-4] BEGIN login
2025-08-14 16:26:36,673 INFO o.s.m.c.UserController [http-nio-8080-exec-4] END login - success
2025-08-14 16:26:36,796 INFO o.s.m.c.PublicationController [http-nio-8080-exec-1] Begin getAll
2025-08-14 16:26:36,799 INFO o.s.m.c.PublicationController [http-nio-8080-exec-1] End getAll
2025-08-14 16:28:28,644 INFO o.s.m.c.UserController [http-nio-8080-exec-3] BEGIN login
2025-08-14 16:28:28,645 INFO o.s.m.c.UserController [http-nio-8080-exec-3] END login - success
2025-08-14 16:28:28,762 INFO o.s.m.c.PublicationController [http-nio-8080-exec-5] Begin getAll
2025-08-14 16:28:28,765 INFO o.s.m.c.PublicationController [http-nio-8080-exec-5] End getAll
2025-08-14 16:28:48,779 INFO o.s.m.c.PublicationController [http-nio-8080-exec-8] Begin getAll
2025-08-14 16:28:48,781 INFO o.s.m.c.PublicationController [http-nio-8080-exec-8] End getAll
2025-08-14 16:29:04,779 INFO o.s.m.c.PublicationController [http-nio-8080-exec-9] Begin getAll
2025-08-14 16:29:04,782 INFO o.s.m.c.PublicationController [http-nio-8080-exec-9] End getAll
2025-08-14 16:57:22,425 WARN c.z.h.p.HikariPool$HouseKeeper [HikariPool-1 housekeeper] HikariPool-1 - Thread starvation or clock leap detected (housekeeper delta=14m5s709ms553µs).
2025-08-14 17:21:11,727 INFO o.h.v.i.u.Version [background-preinit] HV000001: Hibernate Validator 8.0.2.Final
2025-08-14 17:21:11,781 INFO o.s.b.StartupInfoLogger [main] Starting MemesConClaseApplication using Java 21.0.4 with PID 30768 (C:\Users\josem\IdeaProjects\MemesConClase\target\classes started by josem in C:\Users\josem\IdeaProjects\MemesConClase)
2025-08-14 17:21:11,782 INFO o.s.b.SpringApplication [main] No active profile set, falling back to 1 default profile: "default"
2025-08-14 17:21:12,254 INFO o.s.d.r.c.RepositoryConfigurationDelegate [main] Bootstrapping Spring Data JPA repositories in DEFAULT mode.
2025-08-14 17:21:12,297 INFO o.s.d.r.c.RepositoryConfigurationDelegate [main] Finished Spring Data repository scanning in 37 ms. Found 5 JPA repository interfaces.
2025-08-14 17:21:12,670 INFO o.s.b.w.e.t.TomcatWebServer [main] Tomcat initialized with port 8080 (http)
2025-08-14 17:21:12,680 INFO o.a.j.l.DirectJDKLog [main] Initializing ProtocolHandler ["http-nio-8080"]
2025-08-14 17:21:12,682 INFO o.a.j.l.DirectJDKLog [main] Starting service [Tomcat]
2025-08-14 17:21:12,682 INFO o.a.j.l.DirectJDKLog [main] Starting Servlet engine: [Apache Tomcat/10.1.34]
2025-08-14 17:21:12,728 INFO o.a.j.l.DirectJDKLog [main] Initializing Spring embedded WebApplicationContext
2025-08-14 17:21:12,729 INFO o.s.b.w.s.c.ServletWebServerApplicationContext [main] Root WebApplicationContext: initialization completed in 912 ms
2025-08-14 17:21:12,828 INFO o.h.j.i.u.LogHelper [main] HHH000204: Processing PersistenceUnitInfo [name: default]
2025-08-14 17:21:12,878 INFO o.h.Version [main] HHH000412: Hibernate ORM core version 6.6.4.Final
2025-08-14 17:21:12,904 INFO o.h.c.i.RegionFactoryInitiator [main] HHH000026: Second-level cache disabled
2025-08-14 17:21:13,103 INFO o.s.o.j.p.SpringPersistenceUnitInfo [main] No LoadTimeWeaver setup: ignoring JPA class transformer
2025-08-14 17:21:13,127 INFO c.z.h.HikariDataSource [main] HikariPool-1 - Starting...
2025-08-14 17:21:13,294 INFO c.z.h.p.HikariPool [main] HikariPool-1 - Added connection conn0: url=jdbc:h2:file:./data/MemesConClase.db user=SA
2025-08-14 17:21:13,295 INFO c.z.h.HikariDataSource [main] HikariPool-1 - Start completed.
2025-08-14 17:21:13,317 WARN o.h.e.j.d.i.DialectFactoryImpl [main] HHH90000025: H2Dialect does not need to be specified explicitly using 'hibernate.dialect' (remove the property setting and it will be selected by default)
2025-08-14 17:21:13,336 INFO o.h.e.j.e.i.JdbcEnvironmentInitiator [main] HHH10001005: Database info:
	Database JDBC URL [Connecting through datasource 'HikariDataSource (HikariPool-1)']
	Database driver: undefined/unknown
	Database version: 2.3.232
	Autocommit mode: undefined/unknown
	Isolation level: undefined/unknown
	Minimum pool size: undefined/unknown
	Maximum pool size: undefined/unknown
2025-08-14 17:21:13,972 INFO o.h.e.t.j.p.i.JtaPlatformInitiator [main] HHH000489: No JTA platform available (set 'hibernate.transaction.jta.platform' to enable JTA platform integration)
2025-08-14 17:21:14,012 INFO o.s.o.j.AbstractEntityManagerFactoryBean [main] Initialized JPA EntityManagerFactory for persistence unit 'default'
2025-08-14 17:21:14,512 WARN o.s.b.a.o.j.JpaBaseConfiguration$JpaWebConfiguration [main] spring.jpa.open-in-view is enabled by default. Therefore, database queries may be performed during view rendering. Explicitly configure spring.jpa.open-in-view to disable this warning
2025-08-14 17:21:14,748 INFO o.s.b.a.h.H2ConsoleAutoConfiguration$H2ConsoleLogger [main] H2 console available at '/h2-console'. Database available at 'jdbc:h2:file:./data/MemesConClase.db'
2025-08-14 17:21:14,780 INFO o.a.j.l.DirectJDKLog [main] Starting ProtocolHandler ["http-nio-8080"]
2025-08-14 17:21:14,799 INFO o.s.b.w.e.t.TomcatWebServer [main] Tomcat started on port 8080 (http) with context path '/'
2025-08-14 17:21:14,804 INFO o.s.b.StartupInfoLogger [main] Started MemesConClaseApplication in 3.458 seconds (process running for 3.731)
2025-08-14 17:21:21,260 INFO o.a.j.l.DirectJDKLog [http-nio-8080-exec-1] Initializing Spring DispatcherServlet 'dispatcherServlet'
2025-08-14 17:21:21,261 INFO o.s.w.s.FrameworkServlet [http-nio-8080-exec-1] Initializing Servlet 'dispatcherServlet'
2025-08-14 17:21:21,262 INFO o.s.w.s.FrameworkServlet [http-nio-8080-exec-1] Completed initialization in 1 ms
2025-08-14 17:21:21,327 INFO o.s.m.c.UserController [http-nio-8080-exec-1] BEGIN login
2025-08-14 17:21:21,421 INFO o.s.m.c.UserController [http-nio-8080-exec-1] END login - success
2025-08-14 17:21:21,530 INFO o.s.m.c.PublicationController [http-nio-8080-exec-5] Begin getAll
2025-08-14 17:21:21,556 INFO o.s.m.c.PublicationController [http-nio-8080-exec-5] End getAll
2025-08-14 17:21:25,871 INFO o.s.m.c.PublicationController [http-nio-8080-exec-8] Begin getAll
2025-08-14 17:21:25,874 INFO o.s.m.c.PublicationController [http-nio-8080-exec-8] End getAll
2025-08-14 17:21:27,984 INFO o.s.m.c.PublicationController [http-nio-8080-exec-4] Begin getAll
2025-08-14 17:21:27,989 INFO o.s.m.c.PublicationController [http-nio-8080-exec-4] End getAll
2025-08-14 17:21:29,250 INFO o.s.m.c.FriendshipController [http-nio-8080-exec-2] Begin Get all friendships
2025-08-14 17:21:29,253 INFO o.s.m.c.FriendshipController [http-nio-8080-exec-2] End Get all friendships
2025-08-14 17:21:32,357 INFO o.s.m.c.PublicationController [http-nio-8080-exec-6] Begin getAll
2025-08-14 17:21:32,360 INFO o.s.m.c.PublicationController [http-nio-8080-exec-6] End getAll
2025-08-14 17:21:37,302 INFO o.s.m.c.PublicationController [http-nio-8080-exec-7] Begin getAll
2025-08-14 17:21:37,307 INFO o.s.m.c.PublicationController [http-nio-8080-exec-7] End getAll
2025-08-14 17:21:39,407 INFO o.s.m.c.UserController [http-nio-8080-exec-9] BEGIN getUser
2025-08-14 17:21:39,409 INFO o.s.m.c.PublicationController [http-nio-8080-exec-3] Begin getUserPublications by user 1
2025-08-14 17:21:39,411 INFO o.s.m.c.UserController [http-nio-8080-exec-9] END getUser
2025-08-14 17:21:39,414 INFO o.s.m.c.PublicationController [http-nio-8080-exec-3] End getUserPublications by user 1
2025-08-14 17:21:42,233 INFO o.s.m.c.PublicationController [http-nio-8080-exec-10] Begin getAll
2025-08-14 17:21:42,236 INFO o.s.m.c.PublicationController [http-nio-8080-exec-10] End getAll
2025-08-14 18:40:02,375 WARN c.z.h.p.HikariPool$HouseKeeper [HikariPool-1 housekeeper] HikariPool-1 - Thread starvation or clock leap detected (housekeeper delta=3m17s753ms447µs).
2025-08-14 19:32:49,000 WARN c.z.h.p.HikariPool$HouseKeeper [HikariPool-1 housekeeper] HikariPool-1 - Thread starvation or clock leap detected (housekeeper delta=40m16s403ms94µs800ns).
2025-08-14 19:37:41,139 INFO o.s.m.c.UserController [http-nio-8080-exec-8] BEGIN login
2025-08-14 19:37:41,152 WARN o.s.m.c.UserController [http-nio-8080-exec-8] END login - unauthorized
2025-08-14 19:38:37,049 INFO o.s.m.c.UserController [http-nio-8080-exec-4] BEGIN login
2025-08-14 19:38:37,052 INFO o.s.m.c.UserController [http-nio-8080-exec-4] END login - success
2025-08-14 19:38:37,129 INFO o.s.m.c.PublicationController [http-nio-8080-exec-2] Begin getAll
2025-08-14 19:38:37,139 INFO o.s.m.c.PublicationController [http-nio-8080-exec-2] End getAll
2025-08-14 19:38:41,148 INFO o.s.m.c.PublicationController [http-nio-8080-exec-6] Begin getUserPublications by user 1
2025-08-14 19:38:41,150 INFO o.s.m.c.UserController [http-nio-8080-exec-7] BEGIN getUser
2025-08-14 19:38:41,153 INFO o.s.m.c.UserController [http-nio-8080-exec-7] END getUser
2025-08-14 19:38:41,157 INFO o.s.m.c.PublicationController [http-nio-8080-exec-6] End getUserPublications by user 1
2025-08-14 19:44:48,618 INFO o.s.m.c.UserController [http-nio-8080-exec-10] BEGIN login
2025-08-14 19:44:48,640 INFO o.s.m.c.UserController [http-nio-8080-exec-10] END login - success
2025-08-14 19:44:48,716 INFO o.s.m.c.PublicationController [http-nio-8080-exec-1] Begin getAll
2025-08-14 19:44:48,720 INFO o.s.m.c.PublicationController [http-nio-8080-exec-1] End getAll
2025-08-14 19:44:52,845 INFO o.s.m.c.UserController [http-nio-8080-exec-5] BEGIN getUser
2025-08-14 19:44:52,848 INFO o.s.m.c.UserController [http-nio-8080-exec-5] END getUser
2025-08-14 19:44:52,849 INFO o.s.m.c.PublicationController [http-nio-8080-exec-8] Begin getUserPublications by user 1
2025-08-14 19:44:52,853 INFO o.s.m.c.PublicationController [http-nio-8080-exec-8] End getUserPublications by user 1
2025-08-14 19:50:05,272 INFO o.s.m.c.UserController [http-nio-8080-exec-7] BEGIN login
2025-08-14 19:50:05,276 INFO o.s.m.c.UserController [http-nio-8080-exec-7] END login - success
2025-08-14 19:50:05,355 INFO o.s.m.c.PublicationController [http-nio-8080-exec-6] Begin getAll
2025-08-14 19:50:05,360 INFO o.s.m.c.PublicationController [http-nio-8080-exec-6] End getAll
2025-08-14 19:50:09,848 INFO o.s.m.c.PublicationController [http-nio-8080-exec-9] Begin getUserPublications by user 1
2025-08-14 19:50:09,857 INFO o.s.m.c.PublicationController [http-nio-8080-exec-9] End getUserPublications by user 1
2025-08-14 19:50:09,863 INFO o.s.m.c.UserController [http-nio-8080-exec-3] BEGIN getUser
2025-08-14 19:50:09,866 INFO o.s.m.c.UserController [http-nio-8080-exec-3] END getUser
2025-08-14 19:50:47,283 INFO o.s.m.c.PublicationController [http-nio-8080-exec-10] Begin getAll
2025-08-14 19:50:47,286 INFO o.s.m.c.PublicationController [http-nio-8080-exec-10] End getAll
2025-08-14 19:50:48,993 INFO o.s.m.c.FriendshipController [http-nio-8080-exec-1] Begin Get all friendships
2025-08-14 19:50:48,997 INFO o.s.m.c.FriendshipController [http-nio-8080-exec-1] End Get all friendships
2025-08-14 19:50:52,986 INFO o.s.m.c.PublicationController [http-nio-8080-exec-5] Begin getAll
2025-08-14 19:50:52,989 INFO o.s.m.c.PublicationController [http-nio-8080-exec-5] End getAll
2025-08-14 19:50:54,289 INFO o.s.m.c.FriendshipController [http-nio-8080-exec-8] Begin Get all friendships
2025-08-14 19:50:54,292 INFO o.s.m.c.FriendshipController [http-nio-8080-exec-8] End Get all friendships
2025-08-14 19:50:57,017 INFO o.s.m.c.PublicationController [http-nio-8080-exec-2] Begin getAll
2025-08-14 19:50:57,020 INFO o.s.m.c.PublicationController [http-nio-8080-exec-2] End getAll
2025-08-14 19:50:59,514 INFO o.s.m.c.UserController [http-nio-8080-exec-4] BEGIN getUser
2025-08-14 19:50:59,515 INFO o.s.m.c.PublicationController [http-nio-8080-exec-7] Begin getUserPublications by user 1
2025-08-14 19:50:59,520 INFO o.s.m.c.UserController [http-nio-8080-exec-4] END getUser
2025-08-14 19:50:59,520 INFO o.s.m.c.PublicationController [http-nio-8080-exec-7] End getUserPublications by user 1
2025-08-14 19:55:07,119 INFO o.s.m.c.PublicationController [http-nio-8080-exec-3] Begin getAll
2025-08-14 19:55:07,123 INFO o.s.m.c.PublicationController [http-nio-8080-exec-3] End getAll
2025-08-14 19:55:09,273 INFO o.s.m.c.FriendshipController [http-nio-8080-exec-10] Begin Get all friendships
2025-08-14 19:55:09,275 INFO o.s.m.c.FriendshipController [http-nio-8080-exec-10] End Get all friendships
2025-08-14 19:55:11,621 INFO o.s.m.c.PublicationController [http-nio-8080-exec-1] Begin getAll
2025-08-14 19:55:11,626 INFO o.s.m.c.PublicationController [http-nio-8080-exec-1] End getAll
2025-08-14 19:55:14,040 INFO o.s.m.c.UserController [http-nio-8080-exec-5] BEGIN getUser
2025-08-14 19:55:14,041 INFO o.s.m.c.UserController [http-nio-8080-exec-5] END getUser
2025-08-14 19:55:14,041 INFO o.s.m.c.PublicationController [http-nio-8080-exec-8] Begin getUserPublications by user 1
2025-08-14 19:55:14,043 INFO o.s.m.c.PublicationController [http-nio-8080-exec-8] End getUserPublications by user 1
2025-08-14 21:25:26,391 INFO o.s.m.c.UserController [http-nio-8080-exec-7] BEGIN login
2025-08-14 21:25:26,422 INFO o.s.m.c.UserController [http-nio-8080-exec-7] END login - success
2025-08-14 21:25:26,516 INFO o.s.m.c.PublicationController [http-nio-8080-exec-9] Begin getAll
2025-08-14 21:25:26,529 INFO o.s.m.c.PublicationController [http-nio-8080-exec-9] End getAll
2025-08-14 21:25:29,643 INFO o.s.m.c.UserController [http-nio-8080-exec-6] BEGIN getUser
2025-08-14 21:25:29,645 INFO o.s.m.c.PublicationController [http-nio-8080-exec-3] Begin getUserPublications by user 1
2025-08-14 21:25:29,646 INFO o.s.m.c.UserController [http-nio-8080-exec-6] END getUser
2025-08-14 21:25:29,650 INFO o.s.m.c.PublicationController [http-nio-8080-exec-3] End getUserPublications by user 1
2025-08-14 21:25:43,210 INFO o.s.m.c.UserController [http-nio-8080-exec-10] BEGIN modifyUser
2025-08-14 21:25:43,269 INFO o.s.m.c.UserController [http-nio-8080-exec-10] END modifyUser
2025-08-14 21:25:43,280 INFO o.s.m.c.UserController [http-nio-8080-exec-1] BEGIN getUser
2025-08-14 21:25:43,280 INFO o.s.m.c.PublicationController [http-nio-8080-exec-5] Begin getUserPublications by user 1
2025-08-14 21:25:43,282 INFO o.s.m.c.UserController [http-nio-8080-exec-1] END getUser
2025-08-14 21:25:43,283 INFO o.s.m.c.PublicationController [http-nio-8080-exec-5] End getUserPublications by user 1
2025-08-14 21:25:44,146 INFO o.s.m.c.PublicationController [http-nio-8080-exec-4] Begin getAll
2025-08-14 21:25:44,151 INFO o.s.m.c.PublicationController [http-nio-8080-exec-4] End getAll
2025-08-14 21:25:55,745 INFO o.s.m.c.PublicationController [http-nio-8080-exec-7] Begin getUserPublications by user 1
2025-08-14 21:25:55,748 INFO o.s.m.c.UserController [http-nio-8080-exec-9] BEGIN getUser
2025-08-14 21:25:55,749 INFO o.s.m.c.UserController [http-nio-8080-exec-9] END getUser
2025-08-14 21:25:55,751 INFO o.s.m.c.PublicationController [http-nio-8080-exec-7] End getUserPublications by user 1
2025-08-14 21:27:54,895 INFO o.s.m.c.UserController [http-nio-8080-exec-10] BEGIN login
2025-08-14 21:27:54,897 INFO o.s.m.c.UserController [http-nio-8080-exec-10] END login - success
2025-08-14 21:27:54,969 INFO o.s.m.c.PublicationController [http-nio-8080-exec-1] Begin getAll
2025-08-14 21:27:54,972 INFO o.s.m.c.PublicationController [http-nio-8080-exec-1] End getAll
2025-08-14 21:27:58,842 INFO o.s.m.c.PublicationController [http-nio-8080-exec-5] Begin getUserPublications by user 1
2025-08-14 21:27:58,848 INFO o.s.m.c.UserController [http-nio-8080-exec-8] BEGIN getUser
2025-08-14 21:27:58,846 INFO o.s.m.c.PublicationController [http-nio-8080-exec-5] End getUserPublications by user 1
2025-08-14 21:27:58,851 INFO o.s.m.c.UserController [http-nio-8080-exec-8] END getUser
2025-08-14 21:28:15,890 INFO o.s.m.c.UserController [http-nio-8080-exec-2] BEGIN modifyUser
2025-08-14 21:28:15,933 INFO o.s.m.c.UserController [http-nio-8080-exec-2] END modifyUser
2025-08-14 21:28:15,961 INFO o.s.m.c.UserController [http-nio-8080-exec-9] BEGIN getUser
2025-08-14 21:28:15,961 INFO o.s.m.c.PublicationController [http-nio-8080-exec-4] Begin getUserPublications by user 1
2025-08-14 21:28:15,967 INFO o.s.m.c.UserController [http-nio-8080-exec-9] END getUser
2025-08-14 21:28:15,972 INFO o.s.m.c.PublicationController [http-nio-8080-exec-4] End getUserPublications by user 1
2025-08-14 21:28:16,799 INFO o.s.m.c.PublicationController [http-nio-8080-exec-3] Begin getAll
2025-08-14 21:28:16,803 INFO o.s.m.c.PublicationController [http-nio-8080-exec-3] End getAll
2025-08-14 21:28:43,735 INFO o.s.m.c.UserController [http-nio-8080-exec-10] BEGIN login
2025-08-14 21:28:43,737 INFO o.s.m.c.UserController [http-nio-8080-exec-10] END login - success
2025-08-14 21:28:43,786 INFO o.s.m.c.PublicationController [http-nio-8080-exec-1] Begin getAll
2025-08-14 21:28:43,789 INFO o.s.m.c.PublicationController [http-nio-8080-exec-1] End getAll
2025-08-14 21:28:46,371 INFO o.s.m.c.FriendshipController [http-nio-8080-exec-5] Begin Get all friendships
2025-08-14 21:28:46,376 INFO o.s.m.c.FriendshipController [http-nio-8080-exec-5] End Get all friendships
2025-08-14 21:28:49,500 INFO o.s.m.c.PublicationController [http-nio-8080-exec-8] Begin getAll
2025-08-14 21:28:49,504 INFO o.s.m.c.PublicationController [http-nio-8080-exec-8] End getAll
2025-08-14 21:28:51,824 INFO o.s.m.c.PublicationController [http-nio-8080-exec-2] Begin getUserPublications by user 1
2025-08-14 21:28:51,825 INFO o.s.m.c.UserController [http-nio-8080-exec-9] BEGIN getUser
2025-08-14 21:28:51,827 INFO o.s.m.c.UserController [http-nio-8080-exec-9] END getUser
2025-08-14 21:28:51,838 INFO o.s.m.c.PublicationController [http-nio-8080-exec-2] End getUserPublications by user 1
2025-08-14 21:29:25,446 INFO o.s.m.c.UserController [http-nio-8080-exec-4] BEGIN modifyUser
2025-08-14 21:29:25,450 INFO o.s.m.c.UserController [http-nio-8080-exec-4] END modifyUser
2025-08-14 21:29:25,526 INFO o.s.m.c.UserController [http-nio-8080-exec-7] BEGIN getUser
2025-08-14 21:29:25,526 INFO o.s.m.c.PublicationController [http-nio-8080-exec-6] Begin getUserPublications by user 1
2025-08-14 21:29:25,529 INFO o.s.m.c.UserController [http-nio-8080-exec-7] END getUser
2025-08-14 21:29:25,531 INFO o.s.m.c.PublicationController [http-nio-8080-exec-6] End getUserPublications by user 1
2025-08-14 21:29:25,576 INFO o.s.m.c.PublicationController [http-nio-8080-exec-3] Begin getAll
2025-08-14 21:29:25,579 INFO o.s.m.c.PublicationController [http-nio-8080-exec-3] End getAll
2025-08-14 21:29:56,436 INFO o.s.m.c.UserController [http-nio-8080-exec-5] BEGIN login
2025-08-14 21:29:56,440 INFO o.s.m.c.UserController [http-nio-8080-exec-5] END login - success
2025-08-14 21:29:56,554 INFO o.s.m.c.PublicationController [http-nio-8080-exec-8] Begin getAll
2025-08-14 21:29:56,558 INFO o.s.m.c.PublicationController [http-nio-8080-exec-8] End getAll
2025-08-14 21:29:58,704 INFO o.s.m.c.FriendshipController [http-nio-8080-exec-9] Begin Get all friendships
2025-08-14 21:29:58,708 INFO o.s.m.c.FriendshipController [http-nio-8080-exec-9] End Get all friendships
2025-08-14 21:30:02,427 INFO o.s.m.c.PublicationController [http-nio-8080-exec-2] Begin getAll
2025-08-14 21:30:02,430 INFO o.s.m.c.PublicationController [http-nio-8080-exec-2] End getAll
2025-08-14 21:30:04,662 INFO o.s.m.c.UserController [http-nio-8080-exec-4] BEGIN getUser
2025-08-14 21:30:04,666 INFO o.s.m.c.PublicationController [http-nio-8080-exec-7] Begin getUserPublications by user 1
2025-08-14 21:30:04,666 INFO o.s.m.c.UserController [http-nio-8080-exec-4] END getUser
2025-08-14 21:30:04,674 INFO o.s.m.c.PublicationController [http-nio-8080-exec-7] End getUserPublications by user 1
2025-08-14 21:30:24,728 INFO o.s.m.c.PublicationController [http-nio-8080-exec-6] Begin getAll
2025-08-14 21:30:24,731 INFO o.s.m.c.PublicationController [http-nio-8080-exec-6] End getAll
2025-08-14 21:30:26,074 INFO o.s.m.c.PublicationController [http-nio-8080-exec-3] Begin getAll
2025-08-14 21:30:26,077 INFO o.s.m.c.PublicationController [http-nio-8080-exec-3] End getAll
2025-08-14 21:30:29,323 INFO o.s.m.c.PublicationController [http-nio-8080-exec-1] Begin getAll
2025-08-14 21:30:29,324 INFO o.s.m.c.PublicationController [http-nio-8080-exec-1] End getAll
2025-08-14 22:44:07,179 WARN c.z.h.p.HikariPool$HouseKeeper [HikariPool-1 housekeeper] HikariPool-1 - Thread starvation or clock leap detected (housekeeper delta=1h7m17s408ms304µs800ns).
