2025-05-24 23:46:00,542 INFO o.h.v.i.u.Version [background-preinit] HV000001: Hibernate Validator 8.0.2.Final
2025-05-24 23:46:00,580 INFO o.s.b.StartupInfoLogger [main] Starting MemesConClaseApplicationTests using Java 21.0.4 with PID 7328 (started by josem in C:\Users\josem\IdeaProjects\MemesConClase)
2025-05-24 23:46:00,580 INFO o.s.b.SpringApplication [main] No active profile set, falling back to 1 default profile: "default"
2025-05-24 23:46:01,111 INFO o.s.d.r.c.RepositoryConfigurationDelegate [main] Bootstrapping Spring Data JPA repositories in DEFAULT mode.
2025-05-24 23:46:01,161 INFO o.s.d.r.c.RepositoryConfigurationDelegate [main] Finished Spring Data repository scanning in 41 ms. Found 5 JPA repository interfaces.
2025-05-24 23:46:01,594 INFO o.h.j.i.u.LogHelper [main] HHH000204: Processing PersistenceUnitInfo [name: default]
2025-05-24 23:46:01,703 INFO o.h.Version [main] HHH000412: Hibernate ORM core version 6.6.4.Final
2025-05-24 23:46:01,742 INFO o.h.c.i.RegionFactoryInitiator [main] HHH000026: Second-level cache disabled
2025-05-24 23:46:02,011 INFO o.s.o.j.p.SpringPersistenceUnitInfo [main] No LoadTimeWeaver setup: ignoring JPA class transformer
2025-05-24 23:46:02,034 INFO c.z.h.HikariDataSource [main] HikariPool-1 - Starting...
2025-05-24 23:46:02,203 INFO c.z.h.p.HikariPool [main] HikariPool-1 - Added connection conn0: url=jdbc:h2:file:./data/MemesConClase.db user=SA
2025-05-24 23:46:02,204 INFO c.z.h.HikariDataSource [main] HikariPool-1 - Start completed.
2025-05-24 23:46:02,224 WARN o.h.e.j.d.i.DialectFactoryImpl [main] HHH90000025: H2Dialect does not need to be specified explicitly using 'hibernate.dialect' (remove the property setting and it will be selected by default)
2025-05-24 23:46:02,238 INFO o.h.e.j.e.i.JdbcEnvironmentInitiator [main] HHH10001005: Database info:
	Database JDBC URL [Connecting through datasource 'HikariDataSource (HikariPool-1)']
	Database driver: undefined/unknown
	Database version: 2.3.232
	Autocommit mode: undefined/unknown
	Isolation level: undefined/unknown
	Minimum pool size: undefined/unknown
	Maximum pool size: undefined/unknown
2025-05-24 23:46:02,935 INFO o.h.e.t.j.p.i.JtaPlatformInitiator [main] HHH000489: No JTA platform available (set 'hibernate.transaction.jta.platform' to enable JTA platform integration)
2025-05-24 23:46:02,975 INFO o.s.o.j.AbstractEntityManagerFactoryBean [main] Initialized JPA EntityManagerFactory for persistence unit 'default'
2025-05-24 23:46:03,496 WARN o.s.b.a.o.j.JpaBaseConfiguration$JpaWebConfiguration [main] spring.jpa.open-in-view is enabled by default. Therefore, database queries may be performed during view rendering. Explicitly configure spring.jpa.open-in-view to disable this warning
2025-05-24 23:46:03,823 INFO o.s.b.a.h.H2ConsoleAutoConfiguration$H2ConsoleLogger [main] H2 console available at '/h2-console'. Database available at 'jdbc:h2:file:./data/MemesConClase.db'
2025-05-24 23:46:03,884 INFO o.s.b.StartupInfoLogger [main] Started MemesConClaseApplicationTests in 3.595 seconds (process running for 4.335)
2025-05-24 23:46:04,192 INFO o.s.o.j.AbstractEntityManagerFactoryBean [SpringApplicationShutdownHook] Closing JPA EntityManagerFactory for persistence unit 'default'
2025-05-24 23:46:04,193 INFO c.z.h.HikariDataSource [SpringApplicationShutdownHook] HikariPool-1 - Shutdown initiated...
2025-05-24 23:46:04,195 INFO c.z.h.HikariDataSource [SpringApplicationShutdownHook] HikariPool-1 - Shutdown completed.
2025-05-24 23:46:05,440 INFO o.h.v.i.u.Version [background-preinit] HV000001: Hibernate Validator 8.0.2.Final
2025-05-24 23:46:05,470 INFO o.s.b.StartupInfoLogger [main] Starting MemesConClaseApplication using Java 21.0.4 with PID 724 (C:\Users\josem\IdeaProjects\MemesConClase\target\classes started by josem in C:\Users\josem\IdeaProjects\MemesConClase)
2025-05-24 23:46:05,471 INFO o.s.b.SpringApplication [main] No active profile set, falling back to 1 default profile: "default"
2025-05-24 23:46:05,797 INFO o.s.d.r.c.RepositoryConfigurationDelegate [main] Bootstrapping Spring Data JPA repositories in DEFAULT mode.
2025-05-24 23:46:05,829 INFO o.s.d.r.c.RepositoryConfigurationDelegate [main] Finished Spring Data repository scanning in 27 ms. Found 5 JPA repository interfaces.
2025-05-24 23:46:06,105 INFO o.s.b.w.e.t.TomcatWebServer [main] Tomcat initialized with port 8080 (http)
2025-05-24 23:46:06,114 INFO o.a.j.l.DirectJDKLog [main] Initializing ProtocolHandler ["http-nio-8080"]
2025-05-24 23:46:06,115 INFO o.a.j.l.DirectJDKLog [main] Starting service [Tomcat]
2025-05-24 23:46:06,116 INFO o.a.j.l.DirectJDKLog [main] Starting Servlet engine: [Apache Tomcat/10.1.34]
2025-05-24 23:46:06,153 INFO o.a.j.l.DirectJDKLog [main] Initializing Spring embedded WebApplicationContext
2025-05-24 23:46:06,154 INFO o.s.b.w.s.c.ServletWebServerApplicationContext [main] Root WebApplicationContext: initialization completed in 659 ms
2025-05-24 23:46:06,231 INFO o.h.j.i.u.LogHelper [main] HHH000204: Processing PersistenceUnitInfo [name: default]
2025-05-24 23:46:06,258 INFO o.h.Version [main] HHH000412: Hibernate ORM core version 6.6.4.Final
2025-05-24 23:46:06,275 INFO o.h.c.i.RegionFactoryInitiator [main] HHH000026: Second-level cache disabled
2025-05-24 23:46:06,414 INFO o.s.o.j.p.SpringPersistenceUnitInfo [main] No LoadTimeWeaver setup: ignoring JPA class transformer
2025-05-24 23:46:06,429 INFO c.z.h.HikariDataSource [main] HikariPool-1 - Starting...
2025-05-24 23:46:06,551 INFO c.z.h.p.HikariPool [main] HikariPool-1 - Added connection conn0: url=jdbc:h2:file:./data/MemesConClase.db user=SA
2025-05-24 23:46:06,552 INFO c.z.h.HikariDataSource [main] HikariPool-1 - Start completed.
2025-05-24 23:46:06,564 WARN o.h.e.j.d.i.DialectFactoryImpl [main] HHH90000025: H2Dialect does not need to be specified explicitly using 'hibernate.dialect' (remove the property setting and it will be selected by default)
2025-05-24 23:46:06,575 INFO o.h.e.j.e.i.JdbcEnvironmentInitiator [main] HHH10001005: Database info:
	Database JDBC URL [Connecting through datasource 'HikariDataSource (HikariPool-1)']
	Database driver: undefined/unknown
	Database version: 2.3.232
	Autocommit mode: undefined/unknown
	Isolation level: undefined/unknown
	Minimum pool size: undefined/unknown
	Maximum pool size: undefined/unknown
2025-05-24 23:46:07,087 INFO o.h.e.t.j.p.i.JtaPlatformInitiator [main] HHH000489: No JTA platform available (set 'hibernate.transaction.jta.platform' to enable JTA platform integration)
2025-05-24 23:46:07,121 INFO o.s.o.j.AbstractEntityManagerFactoryBean [main] Initialized JPA EntityManagerFactory for persistence unit 'default'
2025-05-24 23:46:07,350 WARN o.s.b.a.o.j.JpaBaseConfiguration$JpaWebConfiguration [main] spring.jpa.open-in-view is enabled by default. Therefore, database queries may be performed during view rendering. Explicitly configure spring.jpa.open-in-view to disable this warning
2025-05-24 23:46:07,486 INFO o.s.b.a.h.H2ConsoleAutoConfiguration$H2ConsoleLogger [main] H2 console available at '/h2-console'. Database available at 'jdbc:h2:file:./data/MemesConClase.db'
2025-05-24 23:46:07,515 INFO o.a.j.l.DirectJDKLog [main] Starting ProtocolHandler ["http-nio-8080"]
2025-05-24 23:46:07,528 INFO o.s.b.w.e.t.TomcatWebServer [main] Tomcat started on port 8080 (http) with context path '/'
2025-05-24 23:46:07,533 INFO o.s.b.StartupInfoLogger [main] Started MemesConClaseApplication in 2.333 seconds (process running for 2.525)
2025-05-24 23:46:14,651 INFO o.s.b.w.e.t.GracefulShutdown [SpringApplicationShutdownHook] Commencing graceful shutdown. Waiting for active requests to complete
2025-05-24 23:46:14,665 INFO o.s.b.w.e.t.GracefulShutdown [tomcat-shutdown] Graceful shutdown complete
2025-05-24 23:46:14,667 INFO o.s.o.j.AbstractEntityManagerFactoryBean [SpringApplicationShutdownHook] Closing JPA EntityManagerFactory for persistence unit 'default'
2025-05-24 23:46:14,668 INFO c.z.h.HikariDataSource [SpringApplicationShutdownHook] HikariPool-1 - Shutdown initiated...
2025-05-24 23:46:14,669 INFO c.z.h.HikariDataSource [SpringApplicationShutdownHook] HikariPool-1 - Shutdown completed.
2025-05-24 23:46:20,403 INFO o.h.v.i.u.Version [background-preinit] HV000001: Hibernate Validator 8.0.2.Final
2025-05-24 23:46:20,435 INFO o.s.b.StartupInfoLogger [main] Starting MemesConClaseApplication using Java 21.0.4 with PID 17076 (C:\Users\josem\IdeaProjects\MemesConClase\target\classes started by josem in C:\Users\josem\IdeaProjects\MemesConClase)
2025-05-24 23:46:20,436 INFO o.s.b.SpringApplication [main] No active profile set, falling back to 1 default profile: "default"
2025-05-24 23:46:20,752 INFO o.s.d.r.c.RepositoryConfigurationDelegate [main] Bootstrapping Spring Data JPA repositories in DEFAULT mode.
2025-05-24 23:46:20,786 INFO o.s.d.r.c.RepositoryConfigurationDelegate [main] Finished Spring Data repository scanning in 29 ms. Found 5 JPA repository interfaces.
2025-05-24 23:46:21,046 INFO o.s.b.w.e.t.TomcatWebServer [main] Tomcat initialized with port 8080 (http)
2025-05-24 23:46:21,054 INFO o.a.j.l.DirectJDKLog [main] Initializing ProtocolHandler ["http-nio-8080"]
2025-05-24 23:46:21,055 INFO o.a.j.l.DirectJDKLog [main] Starting service [Tomcat]
2025-05-24 23:46:21,055 INFO o.a.j.l.DirectJDKLog [main] Starting Servlet engine: [Apache Tomcat/10.1.34]
2025-05-24 23:46:21,085 INFO o.a.j.l.DirectJDKLog [main] Initializing Spring embedded WebApplicationContext
2025-05-24 23:46:21,086 INFO o.s.b.w.s.c.ServletWebServerApplicationContext [main] Root WebApplicationContext: initialization completed in 627 ms
2025-05-24 23:46:21,156 INFO o.h.j.i.u.LogHelper [main] HHH000204: Processing PersistenceUnitInfo [name: default]
2025-05-24 23:46:21,183 INFO o.h.Version [main] HHH000412: Hibernate ORM core version 6.6.4.Final
2025-05-24 23:46:21,198 INFO o.h.c.i.RegionFactoryInitiator [main] HHH000026: Second-level cache disabled
2025-05-24 23:46:21,341 INFO o.s.o.j.p.SpringPersistenceUnitInfo [main] No LoadTimeWeaver setup: ignoring JPA class transformer
2025-05-24 23:46:21,356 INFO c.z.h.HikariDataSource [main] HikariPool-1 - Starting...
2025-05-24 23:46:21,478 INFO c.z.h.p.HikariPool [main] HikariPool-1 - Added connection conn0: url=jdbc:h2:file:./data/MemesConClase.db user=SA
2025-05-24 23:46:21,480 INFO c.z.h.HikariDataSource [main] HikariPool-1 - Start completed.
2025-05-24 23:46:21,492 WARN o.h.e.j.d.i.DialectFactoryImpl [main] HHH90000025: H2Dialect does not need to be specified explicitly using 'hibernate.dialect' (remove the property setting and it will be selected by default)
2025-05-24 23:46:21,502 INFO o.h.e.j.e.i.JdbcEnvironmentInitiator [main] HHH10001005: Database info:
	Database JDBC URL [Connecting through datasource 'HikariDataSource (HikariPool-1)']
	Database driver: undefined/unknown
	Database version: 2.3.232
	Autocommit mode: undefined/unknown
	Isolation level: undefined/unknown
	Minimum pool size: undefined/unknown
	Maximum pool size: undefined/unknown
2025-05-24 23:46:22,018 INFO o.h.e.t.j.p.i.JtaPlatformInitiator [main] HHH000489: No JTA platform available (set 'hibernate.transaction.jta.platform' to enable JTA platform integration)
2025-05-24 23:46:22,053 INFO o.s.o.j.AbstractEntityManagerFactoryBean [main] Initialized JPA EntityManagerFactory for persistence unit 'default'
2025-05-24 23:46:22,291 WARN o.s.b.a.o.j.JpaBaseConfiguration$JpaWebConfiguration [main] spring.jpa.open-in-view is enabled by default. Therefore, database queries may be performed during view rendering. Explicitly configure spring.jpa.open-in-view to disable this warning
2025-05-24 23:46:22,432 INFO o.s.b.a.h.H2ConsoleAutoConfiguration$H2ConsoleLogger [main] H2 console available at '/h2-console'. Database available at 'jdbc:h2:file:./data/MemesConClase.db'
2025-05-24 23:46:22,460 INFO o.a.j.l.DirectJDKLog [main] Starting ProtocolHandler ["http-nio-8080"]
2025-05-24 23:46:22,474 INFO o.s.b.w.e.t.TomcatWebServer [main] Tomcat started on port 8080 (http) with context path '/'
2025-05-24 23:46:22,478 INFO o.s.b.StartupInfoLogger [main] Started MemesConClaseApplication in 2.327 seconds (process running for 2.512)
2025-05-24 23:46:24,899 INFO o.s.b.w.e.t.GracefulShutdown [SpringApplicationShutdownHook] Commencing graceful shutdown. Waiting for active requests to complete
2025-05-24 23:46:24,910 INFO o.s.b.w.e.t.GracefulShutdown [tomcat-shutdown] Graceful shutdown complete
2025-05-24 23:46:24,913 INFO o.s.o.j.AbstractEntityManagerFactoryBean [SpringApplicationShutdownHook] Closing JPA EntityManagerFactory for persistence unit 'default'
2025-05-24 23:46:24,914 INFO c.z.h.HikariDataSource [SpringApplicationShutdownHook] HikariPool-1 - Shutdown initiated...
2025-05-24 23:46:24,915 INFO c.z.h.HikariDataSource [SpringApplicationShutdownHook] HikariPool-1 - Shutdown completed.
2025-05-24 23:46:30,682 INFO o.h.v.i.u.Version [background-preinit] HV000001: Hibernate Validator 8.0.2.Final
2025-05-24 23:46:30,703 INFO o.s.b.StartupInfoLogger [main] Starting MemesConClaseApplicationTests using Java 21.0.4 with PID 25156 (started by josem in C:\Users\josem\IdeaProjects\MemesConClase)
2025-05-24 23:46:30,704 INFO o.s.b.SpringApplication [main] No active profile set, falling back to 1 default profile: "default"
2025-05-24 23:46:31,171 INFO o.s.d.r.c.RepositoryConfigurationDelegate [main] Bootstrapping Spring Data JPA repositories in DEFAULT mode.
2025-05-24 23:46:31,218 INFO o.s.d.r.c.RepositoryConfigurationDelegate [main] Finished Spring Data repository scanning in 41 ms. Found 5 JPA repository interfaces.
2025-05-24 23:46:31,642 INFO o.h.j.i.u.LogHelper [main] HHH000204: Processing PersistenceUnitInfo [name: default]
2025-05-24 23:46:31,734 INFO o.h.Version [main] HHH000412: Hibernate ORM core version 6.6.4.Final
2025-05-24 23:46:31,785 INFO o.h.c.i.RegionFactoryInitiator [main] HHH000026: Second-level cache disabled
2025-05-24 23:46:32,007 INFO o.s.o.j.p.SpringPersistenceUnitInfo [main] No LoadTimeWeaver setup: ignoring JPA class transformer
2025-05-24 23:46:32,034 INFO c.z.h.HikariDataSource [main] HikariPool-1 - Starting...
2025-05-24 23:46:32,186 INFO c.z.h.p.HikariPool [main] HikariPool-1 - Added connection conn0: url=jdbc:h2:file:./data/MemesConClase.db user=SA
2025-05-24 23:46:32,187 INFO c.z.h.HikariDataSource [main] HikariPool-1 - Start completed.
2025-05-24 23:46:32,200 WARN o.h.e.j.d.i.DialectFactoryImpl [main] HHH90000025: H2Dialect does not need to be specified explicitly using 'hibernate.dialect' (remove the property setting and it will be selected by default)
2025-05-24 23:46:32,211 INFO o.h.e.j.e.i.JdbcEnvironmentInitiator [main] HHH10001005: Database info:
	Database JDBC URL [Connecting through datasource 'HikariDataSource (HikariPool-1)']
	Database driver: undefined/unknown
	Database version: 2.3.232
	Autocommit mode: undefined/unknown
	Isolation level: undefined/unknown
	Minimum pool size: undefined/unknown
	Maximum pool size: undefined/unknown
2025-05-24 23:46:32,822 INFO o.h.e.t.j.p.i.JtaPlatformInitiator [main] HHH000489: No JTA platform available (set 'hibernate.transaction.jta.platform' to enable JTA platform integration)
2025-05-24 23:46:32,859 INFO o.s.o.j.AbstractEntityManagerFactoryBean [main] Initialized JPA EntityManagerFactory for persistence unit 'default'
2025-05-24 23:46:33,368 WARN o.s.b.a.o.j.JpaBaseConfiguration$JpaWebConfiguration [main] spring.jpa.open-in-view is enabled by default. Therefore, database queries may be performed during view rendering. Explicitly configure spring.jpa.open-in-view to disable this warning
2025-05-24 23:46:33,618 INFO o.s.b.a.h.H2ConsoleAutoConfiguration$H2ConsoleLogger [main] H2 console available at '/h2-console'. Database available at 'jdbc:h2:file:./data/MemesConClase.db'
2025-05-24 23:46:33,659 INFO o.s.b.StartupInfoLogger [main] Started MemesConClaseApplicationTests in 3.202 seconds (process running for 3.803)
2025-05-24 23:46:33,936 INFO o.s.o.j.AbstractEntityManagerFactoryBean [SpringApplicationShutdownHook] Closing JPA EntityManagerFactory for persistence unit 'default'
2025-05-24 23:46:33,937 INFO c.z.h.HikariDataSource [SpringApplicationShutdownHook] HikariPool-1 - Shutdown initiated...
2025-05-24 23:46:33,938 INFO c.z.h.HikariDataSource [SpringApplicationShutdownHook] HikariPool-1 - Shutdown completed.
