2025-07-12 19:52:53,303 INFO o.h.v.i.u.Version [background-preinit] HV000001: Hibernate Validator 8.0.2.Final
2025-07-12 19:52:53,346 INFO o.s.b.StartupInfoLogger [main] Starting MemesConClaseApplication using Java 21.0.4 with PID 28276 (C:\Users\josem\IdeaProjects\MemesConClase\target\classes started by josem in C:\Users\josem\IdeaProjects\MemesConClase)
2025-07-12 19:52:53,348 INFO o.s.b.SpringApplication [main] No active profile set, falling back to 1 default profile: "default"
2025-07-12 19:52:53,783 INFO o.s.d.r.c.RepositoryConfigurationDelegate [main] Bootstrapping Spring Data JPA repositories in DEFAULT mode.
2025-07-12 19:52:53,824 INFO o.s.d.r.c.RepositoryConfigurationDelegate [main] Finished Spring Data repository scanning in 34 ms. Found 5 JPA repository interfaces.
2025-07-12 19:52:54,158 INFO o.s.b.w.e.t.TomcatWebServer [main] Tomcat initialized with port 8080 (http)
2025-07-12 19:52:54,166 INFO o.a.j.l.DirectJDKLog [main] Initializing ProtocolHandler ["http-nio-8080"]
2025-07-12 19:52:54,169 INFO o.a.j.l.DirectJDKLog [main] Starting service [Tomcat]
2025-07-12 19:52:54,169 INFO o.a.j.l.DirectJDKLog [main] Starting Servlet engine: [Apache Tomcat/10.1.34]
2025-07-12 19:52:54,214 INFO o.a.j.l.DirectJDKLog [main] Initializing Spring embedded WebApplicationContext
2025-07-12 19:52:54,215 INFO o.s.b.w.s.c.ServletWebServerApplicationContext [main] Root WebApplicationContext: initialization completed in 838 ms
2025-07-12 19:52:54,307 INFO o.h.j.i.u.LogHelper [main] HHH000204: Processing PersistenceUnitInfo [name: default]
2025-07-12 19:52:54,354 INFO o.h.Version [main] HHH000412: Hibernate ORM core version 6.6.4.Final
2025-07-12 19:52:54,379 INFO o.h.c.i.RegionFactoryInitiator [main] HHH000026: Second-level cache disabled
2025-07-12 19:52:54,572 INFO o.s.o.j.p.SpringPersistenceUnitInfo [main] No LoadTimeWeaver setup: ignoring JPA class transformer
2025-07-12 19:52:54,591 INFO c.z.h.HikariDataSource [main] HikariPool-1 - Starting...
2025-07-12 19:52:54,751 INFO c.z.h.p.HikariPool [main] HikariPool-1 - Added connection conn0: url=jdbc:h2:file:./data/MemesConClase.db user=SA
2025-07-12 19:52:54,752 INFO c.z.h.HikariDataSource [main] HikariPool-1 - Start completed.
2025-07-12 19:52:54,772 WARN o.h.e.j.d.i.DialectFactoryImpl [main] HHH90000025: H2Dialect does not need to be specified explicitly using 'hibernate.dialect' (remove the property setting and it will be selected by default)
2025-07-12 19:52:54,783 INFO o.h.e.j.e.i.JdbcEnvironmentInitiator [main] HHH10001005: Database info:
	Database JDBC URL [Connecting through datasource 'HikariDataSource (HikariPool-1)']
	Database driver: undefined/unknown
	Database version: 2.3.232
	Autocommit mode: undefined/unknown
	Isolation level: undefined/unknown
	Minimum pool size: undefined/unknown
	Maximum pool size: undefined/unknown
2025-07-12 19:52:55,395 INFO o.h.e.t.j.p.i.JtaPlatformInitiator [main] HHH000489: No JTA platform available (set 'hibernate.transaction.jta.platform' to enable JTA platform integration)
2025-07-12 19:52:55,434 INFO o.s.o.j.AbstractEntityManagerFactoryBean [main] Initialized JPA EntityManagerFactory for persistence unit 'default'
2025-07-12 19:52:55,923 WARN o.s.b.a.o.j.JpaBaseConfiguration$JpaWebConfiguration [main] spring.jpa.open-in-view is enabled by default. Therefore, database queries may be performed during view rendering. Explicitly configure spring.jpa.open-in-view to disable this warning
2025-07-12 19:52:56,095 INFO o.s.b.a.h.H2ConsoleAutoConfiguration$H2ConsoleLogger [main] H2 console available at '/h2-console'. Database available at 'jdbc:h2:file:./data/MemesConClase.db'
2025-07-12 19:52:56,131 INFO o.a.j.l.DirectJDKLog [main] Starting ProtocolHandler ["http-nio-8080"]
2025-07-12 19:52:56,150 INFO o.s.b.w.e.t.TomcatWebServer [main] Tomcat started on port 8080 (http) with context path '/'
2025-07-12 19:52:56,154 INFO o.s.b.StartupInfoLogger [main] Started MemesConClaseApplication in 3.164 seconds (process running for 3.404)
2025-07-12 19:54:37,800 INFO o.a.j.l.DirectJDKLog [http-nio-8080-exec-2] Initializing Spring DispatcherServlet 'dispatcherServlet'
2025-07-12 19:54:37,800 INFO o.s.w.s.FrameworkServlet [http-nio-8080-exec-2] Initializing Servlet 'dispatcherServlet'
2025-07-12 19:54:37,801 INFO o.s.w.s.FrameworkServlet [http-nio-8080-exec-2] Completed initialization in 0 ms
2025-07-12 19:54:37,851 INFO o.s.m.c.UserController [http-nio-8080-exec-2] BEGIN getAll
2025-07-12 19:54:38,081 INFO o.s.m.c.UserController [http-nio-8080-exec-2] END getAll
2025-07-12 19:54:52,225 INFO o.s.m.c.UserController [http-nio-8080-exec-1] BEGIN login
2025-07-12 19:54:52,268 INFO o.s.m.c.UserController [http-nio-8080-exec-1] END login - success
2025-07-12 19:54:52,336 INFO o.s.m.c.PublicationController [http-nio-8080-exec-5] Begin getAll
2025-07-12 19:54:52,366 INFO o.s.m.c.PublicationController [http-nio-8080-exec-5] End getAll
2025-07-12 19:55:45,748 INFO o.s.m.c.PublicationController [http-nio-8080-exec-6] Begin addPublication
2025-07-12 19:55:45,812 INFO o.s.m.c.PublicationController [http-nio-8080-exec-6] End addPublication
2025-07-12 19:56:08,807 INFO o.s.m.c.PublicationController [http-nio-8080-exec-3] Begin getAll
2025-07-12 19:56:08,812 INFO o.s.m.c.PublicationController [http-nio-8080-exec-3] End getAll
2025-07-12 19:56:18,701 INFO o.s.m.c.UserController [http-nio-8080-exec-7] BEGIN login
2025-07-12 19:56:18,703 INFO o.s.m.c.UserController [http-nio-8080-exec-7] END login - success
2025-07-12 19:56:18,732 INFO o.s.m.c.PublicationController [http-nio-8080-exec-9] Begin getAll
2025-07-12 19:56:18,738 INFO o.s.m.c.PublicationController [http-nio-8080-exec-9] End getAll
2025-07-12 21:17:12,345 WARN c.z.h.p.HikariPool$HouseKeeper [HikariPool-1 housekeeper] HikariPool-1 - Thread starvation or clock leap detected (housekeeper delta=13m46s350ms359µs400ns).
2025-07-12 21:31:18,683 WARN c.z.h.p.HikariPool$HouseKeeper [HikariPool-1 housekeeper] HikariPool-1 - Thread starvation or clock leap detected (housekeeper delta=2m6s114ms673µs900ns).
2025-07-12 21:43:44,391 INFO o.s.m.c.UserController [http-nio-8080-exec-10] BEGIN login
2025-07-12 21:43:44,413 INFO o.s.m.c.UserController [http-nio-8080-exec-10] END login - success
2025-07-12 21:43:44,483 INFO o.s.m.c.PublicationController [http-nio-8080-exec-2] Begin getAll
2025-07-12 21:43:44,489 INFO o.s.m.c.PublicationController [http-nio-8080-exec-2] End getAll
2025-07-12 22:07:37,450 WARN c.z.h.p.HikariPool$HouseKeeper [HikariPool-1 housekeeper] HikariPool-1 - Thread starvation or clock leap detected (housekeeper delta=10m18s400ms412µs300ns).
