2025-05-24 23:46:00,542 INFO o.h.v.i.u.Version [background-preinit] HV000001: Hibernate Validator 8.0.2.Final
2025-05-24 23:46:00,580 INFO o.s.b.StartupInfoLogger [main] Starting MemesConClaseApplicationTests using Java 21.0.4 with PID 7328 (started by josem in C:\Users\josem\IdeaProjects\MemesConClase)
2025-05-24 23:46:00,580 INFO o.s.b.SpringApplication [main] No active profile set, falling back to 1 default profile: "default"
2025-05-24 23:46:01,111 INFO o.s.d.r.c.RepositoryConfigurationDelegate [main] Bootstrapping Spring Data JPA repositories in DEFAULT mode.
2025-05-24 23:46:01,161 INFO o.s.d.r.c.RepositoryConfigurationDelegate [main] Finished Spring Data repository scanning in 41 ms. Found 5 JPA repository interfaces.
2025-05-24 23:46:01,594 INFO o.h.j.i.u.LogHelper [main] HHH000204: Processing PersistenceUnitInfo [name: default]
2025-05-24 23:46:01,703 INFO o.h.Version [main] HHH000412: Hibernate ORM core version 6.6.4.Final
2025-05-24 23:46:01,742 INFO o.h.c.i.RegionFactoryInitiator [main] HHH000026: Second-level cache disabled
2025-05-24 23:46:02,011 INFO o.s.o.j.p.SpringPersistenceUnitInfo [main] No LoadTimeWeaver setup: ignoring JPA class transformer
2025-05-24 23:46:02,034 INFO c.z.h.HikariDataSource [main] HikariPool-1 - Starting...
2025-05-24 23:46:02,203 INFO c.z.h.p.HikariPool [main] HikariPool-1 - Added connection conn0: url=jdbc:h2:file:./data/MemesConClase.db user=SA
2025-05-24 23:46:02,204 INFO c.z.h.HikariDataSource [main] HikariPool-1 - Start completed.
2025-05-24 23:46:02,224 WARN o.h.e.j.d.i.DialectFactoryImpl [main] HHH90000025: H2Dialect does not need to be specified explicitly using 'hibernate.dialect' (remove the property setting and it will be selected by default)
2025-05-24 23:46:02,238 INFO o.h.e.j.e.i.JdbcEnvironmentInitiator [main] HHH10001005: Database info:
	Database JDBC URL [Connecting through datasource 'HikariDataSource (HikariPool-1)']
	Database driver: undefined/unknown
	Database version: 2.3.232
	Autocommit mode: undefined/unknown
	Isolation level: undefined/unknown
	Minimum pool size: undefined/unknown
	Maximum pool size: undefined/unknown
2025-05-24 23:46:02,935 INFO o.h.e.t.j.p.i.JtaPlatformInitiator [main] HHH000489: No JTA platform available (set 'hibernate.transaction.jta.platform' to enable JTA platform integration)
2025-05-24 23:46:02,975 INFO o.s.o.j.AbstractEntityManagerFactoryBean [main] Initialized JPA EntityManagerFactory for persistence unit 'default'
2025-05-24 23:46:03,496 WARN o.s.b.a.o.j.JpaBaseConfiguration$JpaWebConfiguration [main] spring.jpa.open-in-view is enabled by default. Therefore, database queries may be performed during view rendering. Explicitly configure spring.jpa.open-in-view to disable this warning
2025-05-24 23:46:03,823 INFO o.s.b.a.h.H2ConsoleAutoConfiguration$H2ConsoleLogger [main] H2 console available at '/h2-console'. Database available at 'jdbc:h2:file:./data/MemesConClase.db'
2025-05-24 23:46:03,884 INFO o.s.b.StartupInfoLogger [main] Started MemesConClaseApplicationTests in 3.595 seconds (process running for 4.335)
2025-05-24 23:46:04,192 INFO o.s.o.j.AbstractEntityManagerFactoryBean [SpringApplicationShutdownHook] Closing JPA EntityManagerFactory for persistence unit 'default'
2025-05-24 23:46:04,193 INFO c.z.h.HikariDataSource [SpringApplicationShutdownHook] HikariPool-1 - Shutdown initiated...
2025-05-24 23:46:04,195 INFO c.z.h.HikariDataSource [SpringApplicationShutdownHook] HikariPool-1 - Shutdown completed.
2025-05-24 23:46:05,440 INFO o.h.v.i.u.Version [background-preinit] HV000001: Hibernate Validator 8.0.2.Final
2025-05-24 23:46:05,470 INFO o.s.b.StartupInfoLogger [main] Starting MemesConClaseApplication using Java 21.0.4 with PID 724 (C:\Users\josem\IdeaProjects\MemesConClase\target\classes started by josem in C:\Users\josem\IdeaProjects\MemesConClase)
2025-05-24 23:46:05,471 INFO o.s.b.SpringApplication [main] No active profile set, falling back to 1 default profile: "default"
2025-05-24 23:46:05,797 INFO o.s.d.r.c.RepositoryConfigurationDelegate [main] Bootstrapping Spring Data JPA repositories in DEFAULT mode.
2025-05-24 23:46:05,829 INFO o.s.d.r.c.RepositoryConfigurationDelegate [main] Finished Spring Data repository scanning in 27 ms. Found 5 JPA repository interfaces.
2025-05-24 23:46:06,105 INFO o.s.b.w.e.t.TomcatWebServer [main] Tomcat initialized with port 8080 (http)
2025-05-24 23:46:06,114 INFO o.a.j.l.DirectJDKLog [main] Initializing ProtocolHandler ["http-nio-8080"]
2025-05-24 23:46:06,115 INFO o.a.j.l.DirectJDKLog [main] Starting service [Tomcat]
2025-05-24 23:46:06,116 INFO o.a.j.l.DirectJDKLog [main] Starting Servlet engine: [Apache Tomcat/10.1.34]
2025-05-24 23:46:06,153 INFO o.a.j.l.DirectJDKLog [main] Initializing Spring embedded WebApplicationContext
2025-05-24 23:46:06,154 INFO o.s.b.w.s.c.ServletWebServerApplicationContext [main] Root WebApplicationContext: initialization completed in 659 ms
2025-05-24 23:46:06,231 INFO o.h.j.i.u.LogHelper [main] HHH000204: Processing PersistenceUnitInfo [name: default]
2025-05-24 23:46:06,258 INFO o.h.Version [main] HHH000412: Hibernate ORM core version 6.6.4.Final
2025-05-24 23:46:06,275 INFO o.h.c.i.RegionFactoryInitiator [main] HHH000026: Second-level cache disabled
2025-05-24 23:46:06,414 INFO o.s.o.j.p.SpringPersistenceUnitInfo [main] No LoadTimeWeaver setup: ignoring JPA class transformer
2025-05-24 23:46:06,429 INFO c.z.h.HikariDataSource [main] HikariPool-1 - Starting...
2025-05-24 23:46:06,551 INFO c.z.h.p.HikariPool [main] HikariPool-1 - Added connection conn0: url=jdbc:h2:file:./data/MemesConClase.db user=SA
2025-05-24 23:46:06,552 INFO c.z.h.HikariDataSource [main] HikariPool-1 - Start completed.
2025-05-24 23:46:06,564 WARN o.h.e.j.d.i.DialectFactoryImpl [main] HHH90000025: H2Dialect does not need to be specified explicitly using 'hibernate.dialect' (remove the property setting and it will be selected by default)
2025-05-24 23:46:06,575 INFO o.h.e.j.e.i.JdbcEnvironmentInitiator [main] HHH10001005: Database info:
	Database JDBC URL [Connecting through datasource 'HikariDataSource (HikariPool-1)']
	Database driver: undefined/unknown
	Database version: 2.3.232
	Autocommit mode: undefined/unknown
	Isolation level: undefined/unknown
	Minimum pool size: undefined/unknown
	Maximum pool size: undefined/unknown
2025-05-24 23:46:07,087 INFO o.h.e.t.j.p.i.JtaPlatformInitiator [main] HHH000489: No JTA platform available (set 'hibernate.transaction.jta.platform' to enable JTA platform integration)
2025-05-24 23:46:07,121 INFO o.s.o.j.AbstractEntityManagerFactoryBean [main] Initialized JPA EntityManagerFactory for persistence unit 'default'
2025-05-24 23:46:07,350 WARN o.s.b.a.o.j.JpaBaseConfiguration$JpaWebConfiguration [main] spring.jpa.open-in-view is enabled by default. Therefore, database queries may be performed during view rendering. Explicitly configure spring.jpa.open-in-view to disable this warning
2025-05-24 23:46:07,486 INFO o.s.b.a.h.H2ConsoleAutoConfiguration$H2ConsoleLogger [main] H2 console available at '/h2-console'. Database available at 'jdbc:h2:file:./data/MemesConClase.db'
2025-05-24 23:46:07,515 INFO o.a.j.l.DirectJDKLog [main] Starting ProtocolHandler ["http-nio-8080"]
2025-05-24 23:46:07,528 INFO o.s.b.w.e.t.TomcatWebServer [main] Tomcat started on port 8080 (http) with context path '/'
2025-05-24 23:46:07,533 INFO o.s.b.StartupInfoLogger [main] Started MemesConClaseApplication in 2.333 seconds (process running for 2.525)
2025-05-24 23:46:14,651 INFO o.s.b.w.e.t.GracefulShutdown [SpringApplicationShutdownHook] Commencing graceful shutdown. Waiting for active requests to complete
2025-05-24 23:46:14,665 INFO o.s.b.w.e.t.GracefulShutdown [tomcat-shutdown] Graceful shutdown complete
2025-05-24 23:46:14,667 INFO o.s.o.j.AbstractEntityManagerFactoryBean [SpringApplicationShutdownHook] Closing JPA EntityManagerFactory for persistence unit 'default'
2025-05-24 23:46:14,668 INFO c.z.h.HikariDataSource [SpringApplicationShutdownHook] HikariPool-1 - Shutdown initiated...
2025-05-24 23:46:14,669 INFO c.z.h.HikariDataSource [SpringApplicationShutdownHook] HikariPool-1 - Shutdown completed.
2025-05-24 23:46:20,403 INFO o.h.v.i.u.Version [background-preinit] HV000001: Hibernate Validator 8.0.2.Final
2025-05-24 23:46:20,435 INFO o.s.b.StartupInfoLogger [main] Starting MemesConClaseApplication using Java 21.0.4 with PID 17076 (C:\Users\josem\IdeaProjects\MemesConClase\target\classes started by josem in C:\Users\josem\IdeaProjects\MemesConClase)
2025-05-24 23:46:20,436 INFO o.s.b.SpringApplication [main] No active profile set, falling back to 1 default profile: "default"
2025-05-24 23:46:20,752 INFO o.s.d.r.c.RepositoryConfigurationDelegate [main] Bootstrapping Spring Data JPA repositories in DEFAULT mode.
2025-05-24 23:46:20,786 INFO o.s.d.r.c.RepositoryConfigurationDelegate [main] Finished Spring Data repository scanning in 29 ms. Found 5 JPA repository interfaces.
2025-05-24 23:46:21,046 INFO o.s.b.w.e.t.TomcatWebServer [main] Tomcat initialized with port 8080 (http)
2025-05-24 23:46:21,054 INFO o.a.j.l.DirectJDKLog [main] Initializing ProtocolHandler ["http-nio-8080"]
2025-05-24 23:46:21,055 INFO o.a.j.l.DirectJDKLog [main] Starting service [Tomcat]
2025-05-24 23:46:21,055 INFO o.a.j.l.DirectJDKLog [main] Starting Servlet engine: [Apache Tomcat/10.1.34]
2025-05-24 23:46:21,085 INFO o.a.j.l.DirectJDKLog [main] Initializing Spring embedded WebApplicationContext
2025-05-24 23:46:21,086 INFO o.s.b.w.s.c.ServletWebServerApplicationContext [main] Root WebApplicationContext: initialization completed in 627 ms
2025-05-24 23:46:21,156 INFO o.h.j.i.u.LogHelper [main] HHH000204: Processing PersistenceUnitInfo [name: default]
2025-05-24 23:46:21,183 INFO o.h.Version [main] HHH000412: Hibernate ORM core version 6.6.4.Final
2025-05-24 23:46:21,198 INFO o.h.c.i.RegionFactoryInitiator [main] HHH000026: Second-level cache disabled
2025-05-24 23:46:21,341 INFO o.s.o.j.p.SpringPersistenceUnitInfo [main] No LoadTimeWeaver setup: ignoring JPA class transformer
2025-05-24 23:46:21,356 INFO c.z.h.HikariDataSource [main] HikariPool-1 - Starting...
2025-05-24 23:46:21,478 INFO c.z.h.p.HikariPool [main] HikariPool-1 - Added connection conn0: url=jdbc:h2:file:./data/MemesConClase.db user=SA
2025-05-24 23:46:21,480 INFO c.z.h.HikariDataSource [main] HikariPool-1 - Start completed.
2025-05-24 23:46:21,492 WARN o.h.e.j.d.i.DialectFactoryImpl [main] HHH90000025: H2Dialect does not need to be specified explicitly using 'hibernate.dialect' (remove the property setting and it will be selected by default)
2025-05-24 23:46:21,502 INFO o.h.e.j.e.i.JdbcEnvironmentInitiator [main] HHH10001005: Database info:
	Database JDBC URL [Connecting through datasource 'HikariDataSource (HikariPool-1)']
	Database driver: undefined/unknown
	Database version: 2.3.232
	Autocommit mode: undefined/unknown
	Isolation level: undefined/unknown
	Minimum pool size: undefined/unknown
	Maximum pool size: undefined/unknown
2025-05-24 23:46:22,018 INFO o.h.e.t.j.p.i.JtaPlatformInitiator [main] HHH000489: No JTA platform available (set 'hibernate.transaction.jta.platform' to enable JTA platform integration)
2025-05-24 23:46:22,053 INFO o.s.o.j.AbstractEntityManagerFactoryBean [main] Initialized JPA EntityManagerFactory for persistence unit 'default'
2025-05-24 23:46:22,291 WARN o.s.b.a.o.j.JpaBaseConfiguration$JpaWebConfiguration [main] spring.jpa.open-in-view is enabled by default. Therefore, database queries may be performed during view rendering. Explicitly configure spring.jpa.open-in-view to disable this warning
2025-05-24 23:46:22,432 INFO o.s.b.a.h.H2ConsoleAutoConfiguration$H2ConsoleLogger [main] H2 console available at '/h2-console'. Database available at 'jdbc:h2:file:./data/MemesConClase.db'
2025-05-24 23:46:22,460 INFO o.a.j.l.DirectJDKLog [main] Starting ProtocolHandler ["http-nio-8080"]
2025-05-24 23:46:22,474 INFO o.s.b.w.e.t.TomcatWebServer [main] Tomcat started on port 8080 (http) with context path '/'
2025-05-24 23:46:22,478 INFO o.s.b.StartupInfoLogger [main] Started MemesConClaseApplication in 2.327 seconds (process running for 2.512)
2025-05-24 23:46:24,899 INFO o.s.b.w.e.t.GracefulShutdown [SpringApplicationShutdownHook] Commencing graceful shutdown. Waiting for active requests to complete
2025-05-24 23:46:24,910 INFO o.s.b.w.e.t.GracefulShutdown [tomcat-shutdown] Graceful shutdown complete
2025-05-24 23:46:24,913 INFO o.s.o.j.AbstractEntityManagerFactoryBean [SpringApplicationShutdownHook] Closing JPA EntityManagerFactory for persistence unit 'default'
2025-05-24 23:46:24,914 INFO c.z.h.HikariDataSource [SpringApplicationShutdownHook] HikariPool-1 - Shutdown initiated...
2025-05-24 23:46:24,915 INFO c.z.h.HikariDataSource [SpringApplicationShutdownHook] HikariPool-1 - Shutdown completed.
2025-05-24 23:46:30,682 INFO o.h.v.i.u.Version [background-preinit] HV000001: Hibernate Validator 8.0.2.Final
2025-05-24 23:46:30,703 INFO o.s.b.StartupInfoLogger [main] Starting MemesConClaseApplicationTests using Java 21.0.4 with PID 25156 (started by josem in C:\Users\josem\IdeaProjects\MemesConClase)
2025-05-24 23:46:30,704 INFO o.s.b.SpringApplication [main] No active profile set, falling back to 1 default profile: "default"
2025-05-24 23:46:31,171 INFO o.s.d.r.c.RepositoryConfigurationDelegate [main] Bootstrapping Spring Data JPA repositories in DEFAULT mode.
2025-05-24 23:46:31,218 INFO o.s.d.r.c.RepositoryConfigurationDelegate [main] Finished Spring Data repository scanning in 41 ms. Found 5 JPA repository interfaces.
2025-05-24 23:46:31,642 INFO o.h.j.i.u.LogHelper [main] HHH000204: Processing PersistenceUnitInfo [name: default]
2025-05-24 23:46:31,734 INFO o.h.Version [main] HHH000412: Hibernate ORM core version 6.6.4.Final
2025-05-24 23:46:31,785 INFO o.h.c.i.RegionFactoryInitiator [main] HHH000026: Second-level cache disabled
2025-05-24 23:46:32,007 INFO o.s.o.j.p.SpringPersistenceUnitInfo [main] No LoadTimeWeaver setup: ignoring JPA class transformer
2025-05-24 23:46:32,034 INFO c.z.h.HikariDataSource [main] HikariPool-1 - Starting...
2025-05-24 23:46:32,186 INFO c.z.h.p.HikariPool [main] HikariPool-1 - Added connection conn0: url=jdbc:h2:file:./data/MemesConClase.db user=SA
2025-05-24 23:46:32,187 INFO c.z.h.HikariDataSource [main] HikariPool-1 - Start completed.
2025-05-24 23:46:32,200 WARN o.h.e.j.d.i.DialectFactoryImpl [main] HHH90000025: H2Dialect does not need to be specified explicitly using 'hibernate.dialect' (remove the property setting and it will be selected by default)
2025-05-24 23:46:32,211 INFO o.h.e.j.e.i.JdbcEnvironmentInitiator [main] HHH10001005: Database info:
	Database JDBC URL [Connecting through datasource 'HikariDataSource (HikariPool-1)']
	Database driver: undefined/unknown
	Database version: 2.3.232
	Autocommit mode: undefined/unknown
	Isolation level: undefined/unknown
	Minimum pool size: undefined/unknown
	Maximum pool size: undefined/unknown
2025-05-24 23:46:32,822 INFO o.h.e.t.j.p.i.JtaPlatformInitiator [main] HHH000489: No JTA platform available (set 'hibernate.transaction.jta.platform' to enable JTA platform integration)
2025-05-24 23:46:32,859 INFO o.s.o.j.AbstractEntityManagerFactoryBean [main] Initialized JPA EntityManagerFactory for persistence unit 'default'
2025-05-24 23:46:33,368 WARN o.s.b.a.o.j.JpaBaseConfiguration$JpaWebConfiguration [main] spring.jpa.open-in-view is enabled by default. Therefore, database queries may be performed during view rendering. Explicitly configure spring.jpa.open-in-view to disable this warning
2025-05-24 23:46:33,618 INFO o.s.b.a.h.H2ConsoleAutoConfiguration$H2ConsoleLogger [main] H2 console available at '/h2-console'. Database available at 'jdbc:h2:file:./data/MemesConClase.db'
2025-05-24 23:46:33,659 INFO o.s.b.StartupInfoLogger [main] Started MemesConClaseApplicationTests in 3.202 seconds (process running for 3.803)
2025-05-24 23:46:33,936 INFO o.s.o.j.AbstractEntityManagerFactoryBean [SpringApplicationShutdownHook] Closing JPA EntityManagerFactory for persistence unit 'default'
2025-05-24 23:46:33,937 INFO c.z.h.HikariDataSource [SpringApplicationShutdownHook] HikariPool-1 - Shutdown initiated...
2025-05-24 23:46:33,938 INFO c.z.h.HikariDataSource [SpringApplicationShutdownHook] HikariPool-1 - Shutdown completed.
2025-05-25 13:05:46,394 INFO o.h.v.i.u.Version [background-preinit] HV000001: Hibernate Validator 8.0.2.Final
2025-05-25 13:05:46,426 INFO o.s.b.StartupInfoLogger [main] Starting MemesConClaseApplicationTests using Java 21.0.4 with PID 6240 (started by josem in C:\Users\josem\IdeaProjects\MemesConClase)
2025-05-25 13:05:46,427 INFO o.s.b.SpringApplication [main] No active profile set, falling back to 1 default profile: "default"
2025-05-25 13:05:46,922 INFO o.s.d.r.c.RepositoryConfigurationDelegate [main] Bootstrapping Spring Data JPA repositories in DEFAULT mode.
2025-05-25 13:05:46,972 INFO o.s.d.r.c.RepositoryConfigurationDelegate [main] Finished Spring Data repository scanning in 43 ms. Found 5 JPA repository interfaces.
2025-05-25 13:05:47,366 INFO o.h.j.i.u.LogHelper [main] HHH000204: Processing PersistenceUnitInfo [name: default]
2025-05-25 13:05:47,451 INFO o.h.Version [main] HHH000412: Hibernate ORM core version 6.6.4.Final
2025-05-25 13:05:47,494 INFO o.h.c.i.RegionFactoryInitiator [main] HHH000026: Second-level cache disabled
2025-05-25 13:05:47,739 INFO o.s.o.j.p.SpringPersistenceUnitInfo [main] No LoadTimeWeaver setup: ignoring JPA class transformer
2025-05-25 13:05:47,761 INFO c.z.h.HikariDataSource [main] HikariPool-1 - Starting...
2025-05-25 13:05:47,927 INFO c.z.h.p.HikariPool [main] HikariPool-1 - Added connection conn0: url=jdbc:h2:file:./data/MemesConClase.db user=SA
2025-05-25 13:05:47,929 INFO c.z.h.HikariDataSource [main] HikariPool-1 - Start completed.
2025-05-25 13:05:47,949 WARN o.h.e.j.d.i.DialectFactoryImpl [main] HHH90000025: H2Dialect does not need to be specified explicitly using 'hibernate.dialect' (remove the property setting and it will be selected by default)
2025-05-25 13:05:47,963 INFO o.h.e.j.e.i.JdbcEnvironmentInitiator [main] HHH10001005: Database info:
	Database JDBC URL [Connecting through datasource 'HikariDataSource (HikariPool-1)']
	Database driver: undefined/unknown
	Database version: 2.3.232
	Autocommit mode: undefined/unknown
	Isolation level: undefined/unknown
	Minimum pool size: undefined/unknown
	Maximum pool size: undefined/unknown
2025-05-25 13:05:48,613 INFO o.h.e.t.j.p.i.JtaPlatformInitiator [main] HHH000489: No JTA platform available (set 'hibernate.transaction.jta.platform' to enable JTA platform integration)
2025-05-25 13:05:48,649 INFO o.s.o.j.AbstractEntityManagerFactoryBean [main] Initialized JPA EntityManagerFactory for persistence unit 'default'
2025-05-25 13:05:49,231 WARN o.s.b.a.o.j.JpaBaseConfiguration$JpaWebConfiguration [main] spring.jpa.open-in-view is enabled by default. Therefore, database queries may be performed during view rendering. Explicitly configure spring.jpa.open-in-view to disable this warning
2025-05-25 13:05:49,504 INFO o.s.b.a.h.H2ConsoleAutoConfiguration$H2ConsoleLogger [main] H2 console available at '/h2-console'. Database available at 'jdbc:h2:file:./data/MemesConClase.db'
2025-05-25 13:05:49,562 INFO o.s.b.StartupInfoLogger [main] Started MemesConClaseApplicationTests in 3.42 seconds (process running for 4.229)
2025-05-25 13:05:49,874 INFO o.s.t.c.s.AnnotationConfigContextLoaderUtils [main] Could not detect default configuration classes for test class [org.svalero.memesconclase.unitary.CommentControllerTest]: CommentControllerTest does not declare any static, non-private, non-final, nested classes annotated with @Configuration.
2025-05-25 13:05:49,892 INFO o.s.b.t.c.SpringBootTestContextBootstrapper [main] Found @SpringBootConfiguration org.svalero.memesconclase.MemesConClaseApplication for test class org.svalero.memesconclase.unitary.CommentControllerTest
2025-05-25 13:05:49,916 INFO o.s.b.StartupInfoLogger [main] Starting CommentControllerTest using Java 21.0.4 with PID 6240 (started by josem in C:\Users\josem\IdeaProjects\MemesConClase)
2025-05-25 13:05:49,916 INFO o.s.b.SpringApplication [main] No active profile set, falling back to 1 default profile: "default"
2025-05-25 13:05:50,297 INFO o.s.m.w.MockServletContext [main] Initializing Spring TestDispatcherServlet ''
2025-05-25 13:05:50,299 INFO o.s.w.s.FrameworkServlet [main] Initializing Servlet ''
2025-05-25 13:05:50,303 INFO o.s.w.s.FrameworkServlet [main] Completed initialization in 0 ms
2025-05-25 13:05:50,328 INFO o.s.b.StartupInfoLogger [main] Started CommentControllerTest in 0.434 seconds (process running for 4.996)
2025-05-25 13:05:50,582 INFO o.s.m.c.CommentController [main] Begin getById
2025-05-25 13:05:50,601 ERROR o.s.m.c.CommentController [main] The comment does not exist
2025-05-25 13:05:50,897 WARN o.s.w.s.h.AbstractHandlerExceptionResolver [main] Resolved [org.springframework.web.bind.MethodArgumentNotValidException: Validation failed for argument [1] in public org.springframework.http.ResponseEntity<org.svalero.memesconclase.domain.dto.CommentOutDto> org.svalero.memesconclase.controller.CommentController.modifyComment(long,org.svalero.memesconclase.domain.dto.CommentInDto) throws org.svalero.memesconclase.exception.CommentNotFoundException: [Field error in object 'commentInDto' on field 'userId': rejected value [null]; codes [NotNull.commentInDto.userId,NotNull.userId,NotNull.java.lang.Long,NotNull]; arguments [org.springframework.context.support.DefaultMessageSourceResolvable: codes [commentInDto.userId,userId]; arguments []; default message [userId]]; default message [El ID del usuario es obligatorio.]] ]
2025-05-25 13:05:50,922 INFO o.s.m.c.CommentController [main] Begin delete
2025-05-25 13:05:50,923 INFO o.s.m.c.CommentController [main] End delete
2025-05-25 13:05:50,933 INFO o.s.m.c.CommentController [main] Begin getById
2025-05-25 13:05:50,936 INFO o.s.m.c.CommentController [main] End getById
2025-05-25 13:05:51,006 WARN o.s.w.s.h.AbstractHandlerExceptionResolver [main] Resolved [org.springframework.web.bind.MethodArgumentNotValidException: Validation failed for argument [0] in public org.springframework.http.ResponseEntity<org.svalero.memesconclase.domain.dto.CommentOutDto> org.svalero.memesconclase.controller.CommentController.addComment(org.svalero.memesconclase.domain.dto.CommentInDto) throws org.svalero.memesconclase.exception.CommentNotFoundException: [Field error in object 'commentInDto' on field 'userId': rejected value [null]; codes [NotNull.commentInDto.userId,NotNull.userId,NotNull.java.lang.Long,NotNull]; arguments [org.springframework.context.support.DefaultMessageSourceResolvable: codes [commentInDto.userId,userId]; arguments []; default message [userId]]; default message [El ID del usuario es obligatorio.]] ]
2025-05-25 13:05:51,020 INFO o.s.m.c.CommentController [main] Begin getAll comments
2025-05-25 13:05:51,021 INFO o.s.m.c.CommentController [main] End getAll comments
2025-05-25 13:05:51,036 INFO o.s.t.c.s.AnnotationConfigContextLoaderUtils [main] Could not detect default configuration classes for test class [org.svalero.memesconclase.unitary.CommentRepositoryTest]: CommentRepositoryTest does not declare any static, non-private, non-final, nested classes annotated with @Configuration.
2025-05-25 13:05:51,045 INFO o.s.b.t.c.SpringBootTestContextBootstrapper [main] Found @SpringBootConfiguration org.svalero.memesconclase.MemesConClaseApplication for test class org.svalero.memesconclase.unitary.CommentRepositoryTest
2025-05-25 13:05:51,075 INFO o.s.b.StartupInfoLogger [main] Starting CommentRepositoryTest using Java 21.0.4 with PID 6240 (started by josem in C:\Users\josem\IdeaProjects\MemesConClase)
2025-05-25 13:05:51,075 INFO o.s.b.SpringApplication [main] No active profile set, falling back to 1 default profile: "default"
2025-05-25 13:05:51,160 INFO o.s.d.r.c.RepositoryConfigurationDelegate [main] Bootstrapping Spring Data JPA repositories in DEFAULT mode.
2025-05-25 13:05:51,173 INFO o.s.d.r.c.RepositoryConfigurationDelegate [main] Finished Spring Data repository scanning in 11 ms. Found 5 JPA repository interfaces.
2025-05-25 13:05:51,191 INFO o.s.b.t.a.j.TestDatabaseAutoConfiguration$EmbeddedDataSourceBeanFactoryPostProcessor [main] Replacing 'dataSource' DataSource bean with embedded version
2025-05-25 13:05:51,228 INFO o.s.j.d.e.EmbeddedDatabaseFactory [main] Starting embedded database: url='jdbc:h2:mem:cca4c3ec-bb80-46a7-90c3-90e539815785;DB_CLOSE_DELAY=-1;DB_CLOSE_ON_EXIT=false', username='sa'
2025-05-25 13:05:51,254 INFO o.h.j.i.u.LogHelper [main] HHH000204: Processing PersistenceUnitInfo [name: default]
2025-05-25 13:05:51,259 INFO o.h.c.i.RegionFactoryInitiator [main] HHH000026: Second-level cache disabled
2025-05-25 13:05:51,267 INFO o.s.o.j.p.SpringPersistenceUnitInfo [main] No LoadTimeWeaver setup: ignoring JPA class transformer
2025-05-25 13:05:51,271 WARN o.h.e.j.d.i.DialectFactoryImpl [main] HHH90000025: H2Dialect does not need to be specified explicitly using 'hibernate.dialect' (remove the property setting and it will be selected by default)
2025-05-25 13:05:51,273 INFO o.h.e.j.e.i.JdbcEnvironmentInitiator [main] HHH10001005: Database info:
	Database JDBC URL [Connecting through datasource 'org.springframework.jdbc.datasource.embedded.EmbeddedDatabaseFactory$EmbeddedDataSourceProxy@1836228d']
	Database driver: undefined/unknown
	Database version: 2.3.232
	Autocommit mode: undefined/unknown
	Isolation level: undefined/unknown
	Minimum pool size: undefined/unknown
	Maximum pool size: undefined/unknown
2025-05-25 13:05:51,363 INFO o.h.e.t.j.p.i.JtaPlatformInitiator [main] HHH000489: No JTA platform available (set 'hibernate.transaction.jta.platform' to enable JTA platform integration)
2025-05-25 13:05:51,395 INFO o.s.o.j.AbstractEntityManagerFactoryBean [main] Initialized JPA EntityManagerFactory for persistence unit 'default'
2025-05-25 13:05:51,469 INFO o.s.b.StartupInfoLogger [main] Started CommentRepositoryTest in 0.422 seconds (process running for 6.137)
2025-05-25 13:05:51,688 WARN o.h.e.j.s.SqlExceptionHelper [main] SQL Error: 23502, SQLState: 23502
2025-05-25 13:05:51,689 ERROR o.h.e.j.s.SqlExceptionHelper [main] La columna "content" no permite valores nulos (NULL)
NULL not allowed for column "content"; SQL statement:
insert into "publications" ("content","image_url","privacy","publication_date","type_content","user_id","id") values (?,?,?,?,?,?,default) [23502-232]
2025-05-25 13:05:51,713 WARN o.h.e.j.s.SqlExceptionHelper [main] SQL Error: 23502, SQLState: 23502
2025-05-25 13:05:51,714 ERROR o.h.e.j.s.SqlExceptionHelper [main] La columna "content" no permite valores nulos (NULL)
NULL not allowed for column "content"; SQL statement:
insert into "publications" ("content","image_url","privacy","publication_date","type_content","user_id","id") values (?,?,?,?,?,?,default) [23502-232]
2025-05-25 13:05:51,961 INFO o.s.t.c.s.AnnotationConfigContextLoaderUtils [main] Could not detect default configuration classes for test class [org.svalero.memesconclase.unitary.FriendshipControllerTest]: FriendshipControllerTest does not declare any static, non-private, non-final, nested classes annotated with @Configuration.
2025-05-25 13:05:51,967 INFO o.s.b.t.c.SpringBootTestContextBootstrapper [main] Found @SpringBootConfiguration org.svalero.memesconclase.MemesConClaseApplication for test class org.svalero.memesconclase.unitary.FriendshipControllerTest
2025-05-25 13:05:51,983 INFO o.s.b.StartupInfoLogger [main] Starting FriendshipControllerTest using Java 21.0.4 with PID 6240 (started by josem in C:\Users\josem\IdeaProjects\MemesConClase)
2025-05-25 13:05:51,984 INFO o.s.b.SpringApplication [main] No active profile set, falling back to 1 default profile: "default"
2025-05-25 13:05:52,124 INFO o.s.m.w.MockServletContext [main] Initializing Spring TestDispatcherServlet ''
2025-05-25 13:05:52,125 INFO o.s.w.s.FrameworkServlet [main] Initializing Servlet ''
2025-05-25 13:05:52,126 INFO o.s.w.s.FrameworkServlet [main] Completed initialization in 1 ms
2025-05-25 13:05:52,129 INFO o.s.b.StartupInfoLogger [main] Started FriendshipControllerTest in 0.159 seconds (process running for 6.796)
2025-05-25 13:05:52,169 WARN o.s.w.s.h.AbstractHandlerExceptionResolver [main] Resolved [org.springframework.web.bind.MethodArgumentNotValidException: Validation failed for argument [1] in public org.springframework.http.ResponseEntity<org.svalero.memesconclase.domain.dto.FriendshipOutDto> org.svalero.memesconclase.controller.FriendshipController.modifyFriendship(long,org.svalero.memesconclase.domain.dto.FriendshipInDto) throws org.svalero.memesconclase.exception.FriendshipNotFoundException: [Field error in object 'friendshipInDto' on field 'status': rejected value [accepted]; codes [Pattern.friendshipInDto.status,Pattern.status,Pattern.java.lang.String,Pattern]; arguments [org.springframework.context.support.DefaultMessageSourceResolvable: codes [friendshipInDto.status,status]; arguments []; default message [status],[Ljakarta.validation.constraints.Pattern$Flag;@7f1f6c22,PENDING|ACCEPTED|BLOCKED]; default message [El estado no es válido.]] ]
2025-05-25 13:05:52,174 INFO o.s.m.c.FriendshipController [main] Begin Get friendship by id
2025-05-25 13:05:52,175 INFO o.s.m.c.FriendshipController [main] End Get friendship by id
2025-05-25 13:05:52,188 INFO o.s.m.c.FriendshipController [main] Begin Get all friendships
2025-05-25 13:05:52,189 INFO o.s.m.c.FriendshipController [main] End Get all friendships
2025-05-25 13:05:52,195 INFO o.s.m.c.FriendshipController [main] Begin Get friendship by id
2025-05-25 13:05:52,199 WARN o.s.w.s.h.AbstractHandlerExceptionResolver [main] Resolved [org.springframework.web.bind.MethodArgumentNotValidException: Validation failed for argument [0] in public org.springframework.http.ResponseEntity<org.svalero.memesconclase.domain.dto.FriendshipOutDto> org.svalero.memesconclase.controller.FriendshipController.addFriendship(org.svalero.memesconclase.domain.dto.FriendshipInDto): [Field error in object 'friendshipInDto' on field 'status': rejected value [accepted]; codes [Pattern.friendshipInDto.status,Pattern.status,Pattern.java.lang.String,Pattern]; arguments [org.springframework.context.support.DefaultMessageSourceResolvable: codes [friendshipInDto.status,status]; arguments []; default message [status],[Ljakarta.validation.constraints.Pattern$Flag;@7f1f6c22,PENDING|ACCEPTED|BLOCKED]; default message [El estado no es válido.]] ]
2025-05-25 13:05:52,203 INFO o.s.m.c.FriendshipController [main] Begin Delete friendship
2025-05-25 13:05:52,204 INFO o.s.m.c.FriendshipController [main] End Delete friendship
2025-05-25 13:05:52,208 INFO o.s.t.c.s.AnnotationConfigContextLoaderUtils [main] Could not detect default configuration classes for test class [org.svalero.memesconclase.unitary.FriendshipRepositoryTest]: FriendshipRepositoryTest does not declare any static, non-private, non-final, nested classes annotated with @Configuration.
2025-05-25 13:05:52,212 INFO o.s.b.t.c.SpringBootTestContextBootstrapper [main] Found @SpringBootConfiguration org.svalero.memesconclase.MemesConClaseApplication for test class org.svalero.memesconclase.unitary.FriendshipRepositoryTest
2025-05-25 13:05:52,470 INFO o.s.t.c.s.AnnotationConfigContextLoaderUtils [main] Could not detect default configuration classes for test class [org.svalero.memesconclase.unitary.PublicationControllerTest]: PublicationControllerTest does not declare any static, non-private, non-final, nested classes annotated with @Configuration.
2025-05-25 13:05:52,474 INFO o.s.b.t.c.SpringBootTestContextBootstrapper [main] Found @SpringBootConfiguration org.svalero.memesconclase.MemesConClaseApplication for test class org.svalero.memesconclase.unitary.PublicationControllerTest
2025-05-25 13:05:52,487 INFO o.s.b.StartupInfoLogger [main] Starting PublicationControllerTest using Java 21.0.4 with PID 6240 (started by josem in C:\Users\josem\IdeaProjects\MemesConClase)
2025-05-25 13:05:52,488 INFO o.s.b.SpringApplication [main] No active profile set, falling back to 1 default profile: "default"
2025-05-25 13:05:52,610 INFO o.s.m.w.MockServletContext [main] Initializing Spring TestDispatcherServlet ''
2025-05-25 13:05:52,610 INFO o.s.w.s.FrameworkServlet [main] Initializing Servlet ''
2025-05-25 13:05:52,611 INFO o.s.w.s.FrameworkServlet [main] Completed initialization in 0 ms
2025-05-25 13:05:52,613 INFO o.s.b.StartupInfoLogger [main] Started PublicationControllerTest in 0.137 seconds (process running for 7.281)
2025-05-25 13:05:52,619 INFO o.s.m.c.PublicationController [main] Begin deletePublication
2025-05-25 13:05:52,620 INFO o.s.m.c.PublicationController [main] End deletePublication
2025-05-25 13:05:52,627 WARN o.s.w.s.h.AbstractHandlerExceptionResolver [main] Resolved [org.springframework.web.bind.MethodArgumentNotValidException: Validation failed for argument [0] in public org.springframework.http.ResponseEntity<org.svalero.memesconclase.domain.dto.PublicationOutDto> org.svalero.memesconclase.controller.PublicationController.addPublication(org.svalero.memesconclase.domain.dto.PublicationInDto) with 3 errors: [Field error in object 'publicationInDto' on field 'content': rejected value [null]; codes [NotBlank.publicationInDto.content,NotBlank.content,NotBlank.java.lang.String,NotBlank]; arguments [org.springframework.context.support.DefaultMessageSourceResolvable: codes [publicationInDto.content,content]; arguments []; default message [content]]; default message [El contenido no puede estar vacío.]] [Field error in object 'publicationInDto' on field 'typeContent': rejected value [image]; codes [Pattern.publicationInDto.typeContent,Pattern.typeContent,Pattern.java.lang.String,Pattern]; arguments [org.springframework.context.support.DefaultMessageSourceResolvable: codes [publicationInDto.typeContent,typeContent]; arguments []; default message [typeContent],[Ljakarta.validation.constraints.Pattern$Flag;@7f1f6c22,TEXT|IMAGE|VIDEO]; default message [El tipo de contenido debe ser TEXT, IMAGE o VIDEO.]] [Field error in object 'publicationInDto' on field 'privacy': rejected value [public]; codes [Pattern.publicationInDto.privacy,Pattern.privacy,Pattern.java.lang.String,Pattern]; arguments [org.springframework.context.support.DefaultMessageSourceResolvable: codes [publicationInDto.privacy,privacy]; arguments []; default message [privacy],[Ljakarta.validation.constraints.Pattern$Flag;@7f1f6c22,PUBLIC|PRIVATE]; default message [La privacidad debe ser PUBLIC o PRIVATE.]] ]
2025-05-25 13:05:52,631 INFO o.s.m.c.PublicationController [main] Begin getPublicationById
2025-05-25 13:05:52,633 ERROR o.s.m.c.PublicationController [main] Publication not found: The publication does not exist
2025-05-25 13:05:52,636 INFO o.s.m.c.PublicationController [main] Begin getAll
2025-05-25 13:05:52,637 INFO o.s.m.c.PublicationController [main] End getAll
2025-05-25 13:05:52,642 INFO o.s.m.c.PublicationController [main] Begin getPublicationById
2025-05-25 13:05:52,643 INFO o.s.m.c.PublicationController [main] End getPublicationById
2025-05-25 13:05:52,649 WARN o.s.w.s.h.AbstractHandlerExceptionResolver [main] Resolved [org.springframework.web.bind.MethodArgumentNotValidException: Validation failed for argument [1] in public org.springframework.http.ResponseEntity<org.svalero.memesconclase.domain.dto.PublicationOutDto> org.svalero.memesconclase.controller.PublicationController.modifyPublication(long,org.svalero.memesconclase.domain.dto.PublicationInDto) throws org.svalero.memesconclase.exception.PublicationNotFoundException with 3 errors: [Field error in object 'publicationInDto' on field 'content': rejected value [null]; codes [NotBlank.publicationInDto.content,NotBlank.content,NotBlank.java.lang.String,NotBlank]; arguments [org.springframework.context.support.DefaultMessageSourceResolvable: codes [publicationInDto.content,content]; arguments []; default message [content]]; default message [El contenido no puede estar vacío.]] [Field error in object 'publicationInDto' on field 'privacy': rejected value [public]; codes [Pattern.publicationInDto.privacy,Pattern.privacy,Pattern.java.lang.String,Pattern]; arguments [org.springframework.context.support.DefaultMessageSourceResolvable: codes [publicationInDto.privacy,privacy]; arguments []; default message [privacy],[Ljakarta.validation.constraints.Pattern$Flag;@7f1f6c22,PUBLIC|PRIVATE]; default message [La privacidad debe ser PUBLIC o PRIVATE.]] [Field error in object 'publicationInDto' on field 'typeContent': rejected value [image]; codes [Pattern.publicationInDto.typeContent,Pattern.typeContent,Pattern.java.lang.String,Pattern]; arguments [org.springframework.context.support.DefaultMessageSourceResolvable: codes [publicationInDto.typeContent,typeContent]; arguments []; default message [typeContent],[Ljakarta.validation.constraints.Pattern$Flag;@7f1f6c22,TEXT|IMAGE|VIDEO]; default message [El tipo de contenido debe ser TEXT, IMAGE o VIDEO.]] ]
2025-05-25 13:05:52,653 INFO o.s.t.c.s.AnnotationConfigContextLoaderUtils [main] Could not detect default configuration classes for test class [org.svalero.memesconclase.unitary.PublicationRepositoryTest]: PublicationRepositoryTest does not declare any static, non-private, non-final, nested classes annotated with @Configuration.
2025-05-25 13:05:52,657 INFO o.s.b.t.c.SpringBootTestContextBootstrapper [main] Found @SpringBootConfiguration org.svalero.memesconclase.MemesConClaseApplication for test class org.svalero.memesconclase.unitary.PublicationRepositoryTest
2025-05-25 13:05:52,661 WARN o.h.e.j.s.SqlExceptionHelper [main] SQL Error: 23502, SQLState: 23502
2025-05-25 13:05:52,662 ERROR o.h.e.j.s.SqlExceptionHelper [main] La columna "content" no permite valores nulos (NULL)
NULL not allowed for column "content"; SQL statement:
insert into "publications" ("content","image_url","privacy","publication_date","type_content","user_id","id") values (?,?,?,?,?,?,default) [23502-232]
2025-05-25 13:05:52,748 INFO o.s.t.c.s.AnnotationConfigContextLoaderUtils [main] Could not detect default configuration classes for test class [org.svalero.memesconclase.unitary.ReactionControllerTest]: ReactionControllerTest does not declare any static, non-private, non-final, nested classes annotated with @Configuration.
2025-05-25 13:05:52,752 INFO o.s.b.t.c.SpringBootTestContextBootstrapper [main] Found @SpringBootConfiguration org.svalero.memesconclase.MemesConClaseApplication for test class org.svalero.memesconclase.unitary.ReactionControllerTest
2025-05-25 13:05:52,766 INFO o.s.b.StartupInfoLogger [main] Starting ReactionControllerTest using Java 21.0.4 with PID 6240 (started by josem in C:\Users\josem\IdeaProjects\MemesConClase)
2025-05-25 13:05:52,767 INFO o.s.b.SpringApplication [main] No active profile set, falling back to 1 default profile: "default"
2025-05-25 13:05:52,884 INFO o.s.m.w.MockServletContext [main] Initializing Spring TestDispatcherServlet ''
2025-05-25 13:05:52,885 INFO o.s.w.s.FrameworkServlet [main] Initializing Servlet ''
2025-05-25 13:05:52,885 INFO o.s.w.s.FrameworkServlet [main] Completed initialization in 0 ms
2025-05-25 13:05:52,887 INFO o.s.b.StartupInfoLogger [main] Started ReactionControllerTest in 0.134 seconds (process running for 7.555)
2025-05-25 13:05:52,891 INFO o.s.m.c.ReactionController [main] Begin getById reaction
2025-05-25 13:05:52,895 INFO o.s.m.c.ReactionController [main] Begin getById reaction
2025-05-25 13:05:52,896 INFO o.s.m.c.ReactionController [main] End getById reaction
2025-05-25 13:05:52,906 WARN o.s.w.s.h.AbstractHandlerExceptionResolver [main] Resolved [org.springframework.web.bind.MethodArgumentNotValidException: Validation failed for argument [1] in public org.springframework.http.ResponseEntity<org.svalero.memesconclase.domain.dto.ReactionOutDto> org.svalero.memesconclase.controller.ReactionController.modifyReaction(long,org.svalero.memesconclase.domain.dto.ReactionInDto) throws org.svalero.memesconclase.exception.ReactionNotFoundException: [Field error in object 'reactionInDto' on field 'type': rejected value [like]; codes [Pattern.reactionInDto.type,Pattern.type,Pattern.java.lang.String,Pattern]; arguments [org.springframework.context.support.DefaultMessageSourceResolvable: codes [reactionInDto.type,type]; arguments []; default message [type],[Ljakarta.validation.constraints.Pattern$Flag;@7f1f6c22,LIKE|LOVE|HAHA|WOW|SAD|ANGRY]; default message [El tipo de reacción no es válido.]] ]
2025-05-25 13:05:52,910 WARN o.s.w.s.h.AbstractHandlerExceptionResolver [main] Resolved [org.springframework.web.bind.MethodArgumentNotValidException: Validation failed for argument [0] in public org.springframework.http.ResponseEntity<org.svalero.memesconclase.domain.dto.ReactionOutDto> org.svalero.memesconclase.controller.ReactionController.addReaction(org.svalero.memesconclase.domain.dto.ReactionInDto) throws org.svalero.memesconclase.exception.ReactionNotFoundException: [Field error in object 'reactionInDto' on field 'type': rejected value [like]; codes [Pattern.reactionInDto.type,Pattern.type,Pattern.java.lang.String,Pattern]; arguments [org.springframework.context.support.DefaultMessageSourceResolvable: codes [reactionInDto.type,type]; arguments []; default message [type],[Ljakarta.validation.constraints.Pattern$Flag;@7f1f6c22,LIKE|LOVE|HAHA|WOW|SAD|ANGRY]; default message [El tipo de reacción no es válido.]] ]
2025-05-25 13:05:52,914 INFO o.s.m.c.ReactionController [main] Begin delete reaction
2025-05-25 13:05:52,915 INFO o.s.m.c.ReactionController [main] End delete reaction
2025-05-25 13:05:52,918 INFO o.s.m.c.ReactionController [main] Begin getAll reactions
2025-05-25 13:05:52,918 INFO o.s.m.c.ReactionController [main] End getAll reactions
2025-05-25 13:05:52,923 INFO o.s.t.c.s.AnnotationConfigContextLoaderUtils [main] Could not detect default configuration classes for test class [org.svalero.memesconclase.unitary.ReactionRepositoryTest]: ReactionRepositoryTest does not declare any static, non-private, non-final, nested classes annotated with @Configuration.
2025-05-25 13:05:52,927 INFO o.s.b.t.c.SpringBootTestContextBootstrapper [main] Found @SpringBootConfiguration org.svalero.memesconclase.MemesConClaseApplication for test class org.svalero.memesconclase.unitary.ReactionRepositoryTest
2025-05-25 13:05:52,931 WARN o.h.e.j.s.SqlExceptionHelper [main] SQL Error: 23502, SQLState: 23502
2025-05-25 13:05:52,932 ERROR o.h.e.j.s.SqlExceptionHelper [main] La columna "content" no permite valores nulos (NULL)
NULL not allowed for column "content"; SQL statement:
insert into "publications" ("content","image_url","privacy","publication_date","type_content","user_id","id") values (?,?,?,?,?,?,default) [23502-232]
2025-05-25 13:05:52,983 INFO o.s.t.c.s.AnnotationConfigContextLoaderUtils [main] Could not detect default configuration classes for test class [org.svalero.memesconclase.unitary.UserControllerTest]: UserControllerTest does not declare any static, non-private, non-final, nested classes annotated with @Configuration.
2025-05-25 13:05:52,986 INFO o.s.b.t.c.SpringBootTestContextBootstrapper [main] Found @SpringBootConfiguration org.svalero.memesconclase.MemesConClaseApplication for test class org.svalero.memesconclase.unitary.UserControllerTest
2025-05-25 13:05:52,998 INFO o.s.b.StartupInfoLogger [main] Starting UserControllerTest using Java 21.0.4 with PID 6240 (started by josem in C:\Users\josem\IdeaProjects\MemesConClase)
2025-05-25 13:05:52,999 INFO o.s.b.SpringApplication [main] No active profile set, falling back to 1 default profile: "default"
2025-05-25 13:05:53,117 INFO o.s.m.w.MockServletContext [main] Initializing Spring TestDispatcherServlet ''
2025-05-25 13:05:53,118 INFO o.s.w.s.FrameworkServlet [main] Initializing Servlet ''
2025-05-25 13:05:53,118 INFO o.s.w.s.FrameworkServlet [main] Completed initialization in 0 ms
2025-05-25 13:05:53,121 INFO o.s.b.StartupInfoLogger [main] Started UserControllerTest in 0.133 seconds (process running for 7.789)
2025-05-25 13:05:53,126 INFO o.s.m.c.UserController [main] BEGIN getUser
2025-05-25 13:05:53,126 INFO o.s.m.c.UserController [main] END getUser
2025-05-25 13:05:53,131 INFO o.s.m.c.UserController [main] BEGIN getUser
2025-05-25 13:05:53,133 ERROR o.s.m.c.UserController [main] The user does not exist
org.svalero.memesconclase.exception.UserNotFoundException: The user does not exist
	at org.svalero.memesconclase.service.UserService.get(UserService.java:45)
	at org.svalero.memesconclase.controller.UserController.getUserById(UserController.java:40)
	at java.base/jdk.internal.reflect.DirectMethodHandleAccessor.invoke(DirectMethodHandleAccessor.java:103)
	at java.base/java.lang.reflect.Method.invoke(Method.java:580)
	at org.springframework.web.method.support.InvocableHandlerMethod.doInvoke(InvocableHandlerMethod.java:257)
	at org.springframework.web.method.support.InvocableHandlerMethod.invokeForRequest(InvocableHandlerMethod.java:190)
	at org.springframework.web.servlet.mvc.method.annotation.ServletInvocableHandlerMethod.invokeAndHandle(ServletInvocableHandlerMethod.java:118)
	at org.springframework.web.servlet.mvc.method.annotation.RequestMappingHandlerAdapter.invokeHandlerMethod(RequestMappingHandlerAdapter.java:986)
	at org.springframework.web.servlet.mvc.method.annotation.RequestMappingHandlerAdapter.handleInternal(RequestMappingHandlerAdapter.java:891)
	at org.springframework.web.servlet.mvc.method.AbstractHandlerMethodAdapter.handle(AbstractHandlerMethodAdapter.java:87)
	at org.springframework.web.servlet.DispatcherServlet.doDispatch(DispatcherServlet.java:1088)
	at org.springframework.web.servlet.DispatcherServlet.doService(DispatcherServlet.java:978)
	at org.springframework.web.servlet.FrameworkServlet.processRequest(FrameworkServlet.java:1014)
	at org.springframework.web.servlet.FrameworkServlet.doGet(FrameworkServlet.java:903)
	at jakarta.servlet.http.HttpServlet.service(HttpServlet.java:564)
	at org.springframework.web.servlet.FrameworkServlet.service(FrameworkServlet.java:885)
	at org.springframework.test.web.servlet.TestDispatcherServlet.service(TestDispatcherServlet.java:72)
	at jakarta.servlet.http.HttpServlet.service(HttpServlet.java:658)
	at org.springframework.mock.web.MockFilterChain$ServletFilterProxy.doFilter(MockFilterChain.java:165)
	at org.springframework.mock.web.MockFilterChain.doFilter(MockFilterChain.java:132)
	at org.springframework.web.filter.RequestContextFilter.doFilterInternal(RequestContextFilter.java:100)
	at org.springframework.web.filter.OncePerRequestFilter.doFilter(OncePerRequestFilter.java:116)
	at org.springframework.test.web.servlet.setup.MockMvcFilterDecorator.doFilter(MockMvcFilterDecorator.java:162)
	at org.springframework.mock.web.MockFilterChain.doFilter(MockFilterChain.java:132)
	at org.springframework.web.filter.FormContentFilter.doFilterInternal(FormContentFilter.java:93)
	at org.springframework.web.filter.OncePerRequestFilter.doFilter(OncePerRequestFilter.java:116)
	at org.springframework.test.web.servlet.setup.MockMvcFilterDecorator.doFilter(MockMvcFilterDecorator.java:162)
	at org.springframework.mock.web.MockFilterChain.doFilter(MockFilterChain.java:132)
	at org.springframework.web.filter.CharacterEncodingFilter.doFilterInternal(CharacterEncodingFilter.java:201)
	at org.springframework.web.filter.OncePerRequestFilter.doFilter(OncePerRequestFilter.java:116)
	at org.springframework.test.web.servlet.setup.MockMvcFilterDecorator.doFilter(MockMvcFilterDecorator.java:162)
	at org.springframework.mock.web.MockFilterChain.doFilter(MockFilterChain.java:132)
	at org.springframework.test.web.servlet.MockMvc.perform(MockMvc.java:201)
	at org.svalero.memesconclase.unitary.UserControllerTest.shouldReturn404WhenUserNotFound(UserControllerTest.java:92)
	at java.base/jdk.internal.reflect.DirectMethodHandleAccessor.invoke(DirectMethodHandleAccessor.java:103)
	at java.base/java.lang.reflect.Method.invoke(Method.java:580)
	at org.junit.platform.commons.util.ReflectionUtils.invokeMethod(ReflectionUtils.java:767)
	at org.junit.jupiter.engine.execution.MethodInvocation.proceed(MethodInvocation.java:60)
	at org.junit.jupiter.engine.execution.InvocationInterceptorChain$ValidatingInvocation.proceed(InvocationInterceptorChain.java:131)
	at org.junit.jupiter.engine.extension.TimeoutExtension.intercept(TimeoutExtension.java:156)
	at org.junit.jupiter.engine.extension.TimeoutExtension.interceptTestableMethod(TimeoutExtension.java:147)
	at org.junit.jupiter.engine.extension.TimeoutExtension.interceptTestMethod(TimeoutExtension.java:86)
	at org.junit.jupiter.engine.execution.InterceptingExecutableInvoker$ReflectiveInterceptorCall.lambda$ofVoidMethod$0(InterceptingExecutableInvoker.java:103)
	at org.junit.jupiter.engine.execution.InterceptingExecutableInvoker.lambda$invoke$0(InterceptingExecutableInvoker.java:93)
	at org.junit.jupiter.engine.execution.InvocationInterceptorChain$InterceptedInvocation.proceed(InvocationInterceptorChain.java:106)
	at org.junit.jupiter.engine.execution.InvocationInterceptorChain.proceed(InvocationInterceptorChain.java:64)
	at org.junit.jupiter.engine.execution.InvocationInterceptorChain.chainAndInvoke(InvocationInterceptorChain.java:45)
	at org.junit.jupiter.engine.execution.InvocationInterceptorChain.invoke(InvocationInterceptorChain.java:37)
	at org.junit.jupiter.engine.execution.InterceptingExecutableInvoker.invoke(InterceptingExecutableInvoker.java:92)
	at org.junit.jupiter.engine.execution.InterceptingExecutableInvoker.invoke(InterceptingExecutableInvoker.java:86)
	at org.junit.jupiter.engine.descriptor.TestMethodTestDescriptor.lambda$invokeTestMethod$8(TestMethodTestDescriptor.java:217)
	at org.junit.platform.engine.support.hierarchical.ThrowableCollector.execute(ThrowableCollector.java:73)
	at org.junit.jupiter.engine.descriptor.TestMethodTestDescriptor.invokeTestMethod(TestMethodTestDescriptor.java:213)
	at org.junit.jupiter.engine.descriptor.TestMethodTestDescriptor.execute(TestMethodTestDescriptor.java:138)
	at org.junit.jupiter.engine.descriptor.TestMethodTestDescriptor.execute(TestMethodTestDescriptor.java:68)
	at org.junit.platform.engine.support.hierarchical.NodeTestTask.lambda$executeRecursively$6(NodeTestTask.java:156)
	at org.junit.platform.engine.support.hierarchical.ThrowableCollector.execute(ThrowableCollector.java:73)
	at org.junit.platform.engine.support.hierarchical.NodeTestTask.lambda$executeRecursively$8(NodeTestTask.java:146)
	at org.junit.platform.engine.support.hierarchical.Node.around(Node.java:137)
	at org.junit.platform.engine.support.hierarchical.NodeTestTask.lambda$executeRecursively$9(NodeTestTask.java:144)
	at org.junit.platform.engine.support.hierarchical.ThrowableCollector.execute(ThrowableCollector.java:73)
	at org.junit.platform.engine.support.hierarchical.NodeTestTask.executeRecursively(NodeTestTask.java:143)
	at org.junit.platform.engine.support.hierarchical.NodeTestTask.execute(NodeTestTask.java:100)
	at java.base/java.util.ArrayList.forEach(ArrayList.java:1596)
	at org.junit.platform.engine.support.hierarchical.SameThreadHierarchicalTestExecutorService.invokeAll(SameThreadHierarchicalTestExecutorService.java:41)
	at org.junit.platform.engine.support.hierarchical.NodeTestTask.lambda$executeRecursively$6(NodeTestTask.java:160)
	at org.junit.platform.engine.support.hierarchical.ThrowableCollector.execute(ThrowableCollector.java:73)
	at org.junit.platform.engine.support.hierarchical.NodeTestTask.lambda$executeRecursively$8(NodeTestTask.java:146)
	at org.junit.platform.engine.support.hierarchical.Node.around(Node.java:137)
	at org.junit.platform.engine.support.hierarchical.NodeTestTask.lambda$executeRecursively$9(NodeTestTask.java:144)
	at org.junit.platform.engine.support.hierarchical.ThrowableCollector.execute(ThrowableCollector.java:73)
	at org.junit.platform.engine.support.hierarchical.NodeTestTask.executeRecursively(NodeTestTask.java:143)
	at org.junit.platform.engine.support.hierarchical.NodeTestTask.execute(NodeTestTask.java:100)
	at java.base/java.util.ArrayList.forEach(ArrayList.java:1596)
	at org.junit.platform.engine.support.hierarchical.SameThreadHierarchicalTestExecutorService.invokeAll(SameThreadHierarchicalTestExecutorService.java:41)
	at org.junit.platform.engine.support.hierarchical.NodeTestTask.lambda$executeRecursively$6(NodeTestTask.java:160)
	at org.junit.platform.engine.support.hierarchical.ThrowableCollector.execute(ThrowableCollector.java:73)
	at org.junit.platform.engine.support.hierarchical.NodeTestTask.lambda$executeRecursively$8(NodeTestTask.java:146)
	at org.junit.platform.engine.support.hierarchical.Node.around(Node.java:137)
	at org.junit.platform.engine.support.hierarchical.NodeTestTask.lambda$executeRecursively$9(NodeTestTask.java:144)
	at org.junit.platform.engine.support.hierarchical.ThrowableCollector.execute(ThrowableCollector.java:73)
	at org.junit.platform.engine.support.hierarchical.NodeTestTask.executeRecursively(NodeTestTask.java:143)
	at org.junit.platform.engine.support.hierarchical.NodeTestTask.execute(NodeTestTask.java:100)
	at org.junit.platform.engine.support.hierarchical.SameThreadHierarchicalTestExecutorService.submit(SameThreadHierarchicalTestExecutorService.java:35)
	at org.junit.platform.engine.support.hierarchical.HierarchicalTestExecutor.execute(HierarchicalTestExecutor.java:57)
	at org.junit.platform.engine.support.hierarchical.HierarchicalTestEngine.execute(HierarchicalTestEngine.java:54)
	at org.junit.platform.launcher.core.EngineExecutionOrchestrator.execute(EngineExecutionOrchestrator.java:198)
	at org.junit.platform.launcher.core.EngineExecutionOrchestrator.execute(EngineExecutionOrchestrator.java:169)
	at org.junit.platform.launcher.core.EngineExecutionOrchestrator.execute(EngineExecutionOrchestrator.java:93)
	at org.junit.platform.launcher.core.EngineExecutionOrchestrator.lambda$execute$0(EngineExecutionOrchestrator.java:58)
	at org.junit.platform.launcher.core.EngineExecutionOrchestrator.withInterceptedStreams(EngineExecutionOrchestrator.java:141)
	at org.junit.platform.launcher.core.EngineExecutionOrchestrator.execute(EngineExecutionOrchestrator.java:57)
	at org.junit.platform.launcher.core.DefaultLauncher.execute(DefaultLauncher.java:103)
	at org.junit.platform.launcher.core.DefaultLauncher.execute(DefaultLauncher.java:85)
	at org.junit.platform.launcher.core.DelegatingLauncher.execute(DelegatingLauncher.java:47)
	at org.apache.maven.surefire.junitplatform.LazyLauncher.execute(LazyLauncher.java:56)
	at org.apache.maven.surefire.junitplatform.JUnitPlatformProvider.execute(JUnitPlatformProvider.java:184)
	at org.apache.maven.surefire.junitplatform.JUnitPlatformProvider.invokeAllTests(JUnitPlatformProvider.java:148)
	at org.apache.maven.surefire.junitplatform.JUnitPlatformProvider.invoke(JUnitPlatformProvider.java:122)
	at org.apache.maven.surefire.booter.ForkedBooter.runSuitesInProcess(ForkedBooter.java:385)
	at org.apache.maven.surefire.booter.ForkedBooter.execute(ForkedBooter.java:162)
	at org.apache.maven.surefire.booter.ForkedBooter.run(ForkedBooter.java:507)
	at org.apache.maven.surefire.booter.ForkedBooter.main(ForkedBooter.java:495)
2025-05-25 13:05:53,170 WARN o.s.w.s.h.AbstractHandlerExceptionResolver [main] Resolved [org.springframework.web.bind.MethodArgumentNotValidException: Validation failed for argument [1] in public org.springframework.http.ResponseEntity<org.svalero.memesconclase.domain.dto.UserOutDto> org.svalero.memesconclase.controller.UserController.modifyUser(long,org.svalero.memesconclase.domain.dto.UserInDto) throws org.svalero.memesconclase.exception.UserNotFoundException: [Field error in object 'userInDto' on field 'password': rejected value [1234]; codes [Size.userInDto.password,Size.password,Size.java.lang.String,Size]; arguments [org.springframework.context.support.DefaultMessageSourceResolvable: codes [userInDto.password,password]; arguments []; default message [password],2147483647,6]; default message [La contraseña debe tener al menos 6 caracteres.]] ]
2025-05-25 13:05:53,175 WARN o.s.w.s.h.AbstractHandlerExceptionResolver [main] Resolved [org.springframework.web.bind.MethodArgumentNotValidException: Validation failed for argument [0] in public org.springframework.http.ResponseEntity<org.svalero.memesconclase.domain.dto.UserOutDto> org.svalero.memesconclase.controller.UserController.addUser(org.svalero.memesconclase.domain.dto.UserInDto) throws org.svalero.memesconclase.exception.UserNotFoundException with 5 errors: [Field error in object 'userInDto' on field 'password': rejected value [null]; codes [NotBlank.userInDto.password,NotBlank.password,NotBlank.java.lang.String,NotBlank]; arguments [org.springframework.context.support.DefaultMessageSourceResolvable: codes [userInDto.password,password]; arguments []; default message [password]]; default message [La contraseña es obligatoria.]] [Field error in object 'userInDto' on field 'birthDate': rejected value [null]; codes [NotNull.userInDto.birthDate,NotNull.birthDate,NotNull.java.time.LocalDate,NotNull]; arguments [org.springframework.context.support.DefaultMessageSourceResolvable: codes [userInDto.birthDate,birthDate]; arguments []; default message [birthDate]]; default message [La fecha de nacimiento es obligatoria.]] [Field error in object 'userInDto' on field 'active': rejected value [null]; codes [NotNull.userInDto.active,NotNull.active,NotNull.java.lang.Boolean,NotNull]; arguments [org.springframework.context.support.DefaultMessageSourceResolvable: codes [userInDto.active,active]; arguments []; default message [active]]; default message [El estado activo es obligatorio.]] [Field error in object 'userInDto' on field 'email': rejected value [null]; codes [NotBlank.userInDto.email,NotBlank.email,NotBlank.java.lang.String,NotBlank]; arguments [org.springframework.context.support.DefaultMessageSourceResolvable: codes [userInDto.email,email]; arguments []; default message [email]]; default message [El correo electrónico es obligatorio.]] [Field error in object 'userInDto' on field 'name': rejected value [null]; codes [NotBlank.userInDto.name,NotBlank.name,NotBlank.java.lang.String,NotBlank]; arguments [org.springframework.context.support.DefaultMessageSourceResolvable: codes [userInDto.name,name]; arguments []; default message [name]]; default message [El nombre no puede estar vacío.]] ]
2025-05-25 13:05:53,181 WARN o.s.w.s.h.AbstractHandlerExceptionResolver [main] Resolved [org.springframework.web.bind.MethodArgumentNotValidException: Validation failed for argument [0] in public org.springframework.http.ResponseEntity<org.svalero.memesconclase.domain.dto.UserOutDto> org.svalero.memesconclase.controller.UserController.addUser(org.svalero.memesconclase.domain.dto.UserInDto) throws org.svalero.memesconclase.exception.UserNotFoundException: [Field error in object 'userInDto' on field 'password': rejected value [1234]; codes [Size.userInDto.password,Size.password,Size.java.lang.String,Size]; arguments [org.springframework.context.support.DefaultMessageSourceResolvable: codes [userInDto.password,password]; arguments []; default message [password],2147483647,6]; default message [La contraseña debe tener al menos 6 caracteres.]] ]
2025-05-25 13:05:53,185 INFO o.s.m.c.UserController [main] BEGIN getAll
2025-05-25 13:05:53,185 INFO o.s.m.c.UserController [main] END getAll
2025-05-25 13:05:53,190 INFO o.s.m.c.UserController [main] BEGIN deleteUser
2025-05-25 13:05:53,191 INFO o.s.m.c.UserController [main] END deleteUser
2025-05-25 13:05:53,193 INFO o.s.t.c.s.AnnotationConfigContextLoaderUtils [main] Could not detect default configuration classes for test class [org.svalero.memesconclase.unitary.UserRepositoryTest]: UserRepositoryTest does not declare any static, non-private, non-final, nested classes annotated with @Configuration.
2025-05-25 13:05:53,198 INFO o.s.b.t.c.SpringBootTestContextBootstrapper [main] Found @SpringBootConfiguration org.svalero.memesconclase.MemesConClaseApplication for test class org.svalero.memesconclase.unitary.UserRepositoryTest
2025-05-25 13:05:53,403 INFO o.s.o.j.AbstractEntityManagerFactoryBean [SpringApplicationShutdownHook] Closing JPA EntityManagerFactory for persistence unit 'default'
2025-05-25 13:05:53,406 INFO c.z.h.HikariDataSource [SpringApplicationShutdownHook] HikariPool-1 - Shutdown initiated...
2025-05-25 13:05:53,410 INFO c.z.h.HikariDataSource [SpringApplicationShutdownHook] HikariPool-1 - Shutdown completed.
2025-05-25 13:05:53,412 INFO o.s.o.j.AbstractEntityManagerFactoryBean [SpringApplicationShutdownHook] Closing JPA EntityManagerFactory for persistence unit 'default'
