2025-07-13 13:56:56,110 INFO o.h.v.i.u.Version [background-preinit] HV000001: Hibernate Validator 8.0.2.Final
2025-07-13 13:56:56,166 INFO o.s.b.StartupInfoLogger [main] Starting MemesConClaseApplication using Java 21.0.4 with PID 20556 (C:\Users\josem\IdeaProjects\MemesConClase\target\classes started by josem in C:\Users\josem\IdeaProjects\MemesConClase)
2025-07-13 13:56:56,167 INFO o.s.b.SpringApplication [main] No active profile set, falling back to 1 default profile: "default"
2025-07-13 13:56:56,820 INFO o.s.d.r.c.RepositoryConfigurationDelegate [main] Bootstrapping Spring Data JPA repositories in DEFAULT mode.
2025-07-13 13:56:56,897 INFO o.s.d.r.c.RepositoryConfigurationDelegate [main] Finished Spring Data repository scanning in 66 ms. Found 5 JPA repository interfaces.
2025-07-13 13:56:57,377 INFO o.s.b.w.e.t.TomcatWebServer [main] Tomcat initialized with port 8080 (http)
2025-07-13 13:56:57,393 INFO o.a.j.l.DirectJDKLog [main] Initializing ProtocolHandler ["http-nio-8080"]
2025-07-13 13:56:57,396 INFO o.a.j.l.DirectJDKLog [main] Starting service [Tomcat]
2025-07-13 13:56:57,397 INFO o.a.j.l.DirectJDKLog [main] Starting Servlet engine: [Apache Tomcat/10.1.34]
2025-07-13 13:56:57,471 INFO o.a.j.l.DirectJDKLog [main] Initializing Spring embedded WebApplicationContext
2025-07-13 13:56:57,472 INFO o.s.b.w.s.c.ServletWebServerApplicationContext [main] Root WebApplicationContext: initialization completed in 1269 ms
2025-07-13 13:56:57,605 INFO o.h.j.i.u.LogHelper [main] HHH000204: Processing PersistenceUnitInfo [name: default]
2025-07-13 13:56:57,672 INFO o.h.Version [main] HHH000412: Hibernate ORM core version 6.6.4.Final
2025-07-13 13:56:57,706 INFO o.h.c.i.RegionFactoryInitiator [main] HHH000026: Second-level cache disabled
2025-07-13 13:56:58,009 INFO o.s.o.j.p.SpringPersistenceUnitInfo [main] No LoadTimeWeaver setup: ignoring JPA class transformer
2025-07-13 13:56:58,044 INFO c.z.h.HikariDataSource [main] HikariPool-1 - Starting...
2025-07-13 13:56:58,264 INFO c.z.h.p.HikariPool [main] HikariPool-1 - Added connection conn0: url=jdbc:h2:file:./data/MemesConClase.db user=SA
2025-07-13 13:56:58,266 INFO c.z.h.HikariDataSource [main] HikariPool-1 - Start completed.
2025-07-13 13:56:58,291 WARN o.h.e.j.d.i.DialectFactoryImpl [main] HHH90000025: H2Dialect does not need to be specified explicitly using 'hibernate.dialect' (remove the property setting and it will be selected by default)
2025-07-13 13:56:58,311 INFO o.h.e.j.e.i.JdbcEnvironmentInitiator [main] HHH10001005: Database info:
	Database JDBC URL [Connecting through datasource 'HikariDataSource (HikariPool-1)']
	Database driver: undefined/unknown
	Database version: 2.3.232
	Autocommit mode: undefined/unknown
	Isolation level: undefined/unknown
	Minimum pool size: undefined/unknown
	Maximum pool size: undefined/unknown
2025-07-13 13:56:59,267 INFO o.h.e.t.j.p.i.JtaPlatformInitiator [main] HHH000489: No JTA platform available (set 'hibernate.transaction.jta.platform' to enable JTA platform integration)
2025-07-13 13:56:59,334 INFO o.s.o.j.AbstractEntityManagerFactoryBean [main] Initialized JPA EntityManagerFactory for persistence unit 'default'
2025-07-13 13:57:00,081 WARN o.s.b.a.o.j.JpaBaseConfiguration$JpaWebConfiguration [main] spring.jpa.open-in-view is enabled by default. Therefore, database queries may be performed during view rendering. Explicitly configure spring.jpa.open-in-view to disable this warning
2025-07-13 13:57:00,296 INFO o.s.b.a.h.H2ConsoleAutoConfiguration$H2ConsoleLogger [main] H2 console available at '/h2-console'. Database available at 'jdbc:h2:file:./data/MemesConClase.db'
2025-07-13 13:57:00,340 INFO o.a.j.l.DirectJDKLog [main] Starting ProtocolHandler ["http-nio-8080"]
2025-07-13 13:57:00,366 INFO o.s.b.w.e.t.TomcatWebServer [main] Tomcat started on port 8080 (http) with context path '/'
2025-07-13 13:57:00,372 INFO o.s.b.StartupInfoLogger [main] Started MemesConClaseApplication in 4.696 seconds (process running for 5.012)
2025-07-13 13:57:18,670 INFO o.a.j.l.DirectJDKLog [http-nio-8080-exec-1] Initializing Spring DispatcherServlet 'dispatcherServlet'
2025-07-13 13:57:18,670 INFO o.s.w.s.FrameworkServlet [http-nio-8080-exec-1] Initializing Servlet 'dispatcherServlet'
2025-07-13 13:57:18,672 INFO o.s.w.s.FrameworkServlet [http-nio-8080-exec-1] Completed initialization in 1 ms
2025-07-13 13:57:18,726 INFO o.s.m.c.UserController [http-nio-8080-exec-1] BEGIN getAll
2025-07-13 13:57:18,890 INFO o.s.m.c.UserController [http-nio-8080-exec-1] END getAll
2025-07-13 13:57:31,510 INFO o.s.m.c.UserController [http-nio-8080-exec-2] BEGIN login
2025-07-13 13:57:31,538 INFO o.s.m.c.UserController [http-nio-8080-exec-2] END login - success
2025-07-13 13:57:31,869 INFO o.s.m.c.PublicationController [http-nio-8080-exec-4] Begin getAll
2025-07-13 13:57:31,898 INFO o.s.m.c.PublicationController [http-nio-8080-exec-4] End getAll
2025-07-13 14:06:30,363 INFO o.s.m.c.UserController [http-nio-8080-exec-6] BEGIN login
2025-07-13 14:06:30,366 INFO o.s.m.c.UserController [http-nio-8080-exec-6] END login - success
2025-07-13 14:06:30,480 INFO o.s.m.c.PublicationController [http-nio-8080-exec-7] Begin getAll
2025-07-13 14:06:30,487 INFO o.s.m.c.PublicationController [http-nio-8080-exec-7] End getAll
2025-07-13 14:08:02,051 INFO o.s.m.c.UserController [http-nio-8080-exec-8] BEGIN login
2025-07-13 14:08:02,053 WARN o.s.m.c.UserController [http-nio-8080-exec-8] END login - unauthorized
2025-07-13 14:08:08,096 INFO o.s.m.c.UserController [http-nio-8080-exec-10] BEGIN login
2025-07-13 14:08:08,099 INFO o.s.m.c.UserController [http-nio-8080-exec-10] END login - success
2025-07-13 14:08:08,208 INFO o.s.m.c.PublicationController [http-nio-8080-exec-9] Begin getAll
2025-07-13 14:08:08,210 INFO o.s.m.c.PublicationController [http-nio-8080-exec-9] End getAll
2025-07-13 14:16:07,437 INFO o.s.m.c.UserController [http-nio-8080-exec-2] BEGIN login
2025-07-13 14:16:07,442 INFO o.s.m.c.UserController [http-nio-8080-exec-2] END login - success
2025-07-13 14:16:07,564 INFO o.s.m.c.PublicationController [http-nio-8080-exec-4] Begin getAll
2025-07-13 14:16:07,572 INFO o.s.m.c.PublicationController [http-nio-8080-exec-4] End getAll
2025-07-13 14:23:51,388 INFO o.s.m.c.PublicationController [http-nio-8080-exec-6] Begin getAll
2025-07-13 14:23:51,397 INFO o.s.m.c.PublicationController [http-nio-8080-exec-6] End getAll
2025-07-13 14:24:06,465 INFO o.s.m.c.PublicationController [http-nio-8080-exec-7] Begin getAll
2025-07-13 14:24:06,472 INFO o.s.m.c.PublicationController [http-nio-8080-exec-7] End getAll
2025-07-13 15:30:31,090 WARN c.z.h.p.HikariPool$HouseKeeper [HikariPool-1 housekeeper] HikariPool-1 - Thread starvation or clock leap detected (housekeeper delta=59m32s101ms756µs800ns).
2025-07-13 15:41:40,904 INFO o.s.m.c.UserController [http-nio-8080-exec-8] BEGIN login
2025-07-13 15:41:40,913 INFO o.s.m.c.UserController [http-nio-8080-exec-8] END login - success
2025-07-13 15:41:41,027 INFO o.s.m.c.PublicationController [http-nio-8080-exec-10] Begin getAll
2025-07-13 15:41:41,045 INFO o.s.m.c.PublicationController [http-nio-8080-exec-10] End getAll
2025-07-13 15:46:23,369 INFO o.s.m.c.UserController [http-nio-8080-exec-1] BEGIN login
2025-07-13 15:46:23,374 INFO o.s.m.c.UserController [http-nio-8080-exec-1] END login - success
2025-07-13 15:46:23,496 INFO o.s.m.c.PublicationController [http-nio-8080-exec-2] Begin getAll
2025-07-13 15:46:23,502 INFO o.s.m.c.PublicationController [http-nio-8080-exec-2] End getAll
2025-07-13 15:46:46,564 INFO o.s.m.c.UserController [http-nio-8080-exec-3] BEGIN login
2025-07-13 15:46:46,568 INFO o.s.m.c.UserController [http-nio-8080-exec-3] END login - success
2025-07-13 15:46:46,656 INFO o.s.m.c.PublicationController [http-nio-8080-exec-6] Begin getAll
2025-07-13 15:46:46,660 INFO o.s.m.c.PublicationController [http-nio-8080-exec-6] End getAll
2025-07-13 15:48:52,196 INFO o.s.m.c.UserController [http-nio-8080-exec-5] BEGIN login
2025-07-13 15:48:52,203 INFO o.s.m.c.UserController [http-nio-8080-exec-5] END login - success
2025-07-13 15:48:52,291 INFO o.s.m.c.PublicationController [http-nio-8080-exec-8] Begin getAll
2025-07-13 15:48:52,297 INFO o.s.m.c.PublicationController [http-nio-8080-exec-8] End getAll
2025-07-13 15:49:12,503 INFO o.s.m.c.UserController [http-nio-8080-exec-9] BEGIN login
2025-07-13 15:49:12,504 WARN o.s.m.c.UserController [http-nio-8080-exec-9] END login - unauthorized
2025-07-13 15:49:17,053 INFO o.s.m.c.UserController [http-nio-8080-exec-1] BEGIN login
2025-07-13 15:49:17,059 INFO o.s.m.c.UserController [http-nio-8080-exec-1] END login - success
2025-07-13 15:49:17,108 INFO o.s.m.c.PublicationController [http-nio-8080-exec-2] Begin getAll
2025-07-13 15:49:17,123 INFO o.s.m.c.PublicationController [http-nio-8080-exec-2] End getAll
2025-07-13 15:53:03,419 INFO o.s.m.c.UserController [http-nio-8080-exec-3] BEGIN login
2025-07-13 15:53:03,421 INFO o.s.m.c.UserController [http-nio-8080-exec-3] END login - success
2025-07-13 15:53:03,542 INFO o.s.m.c.PublicationController [http-nio-8080-exec-6] Begin getAll
2025-07-13 15:53:03,547 INFO o.s.m.c.PublicationController [http-nio-8080-exec-6] End getAll
2025-07-13 17:14:59,054 INFO o.s.m.c.UserController [http-nio-8080-exec-5] BEGIN login
2025-07-13 17:14:59,072 INFO o.s.m.c.UserController [http-nio-8080-exec-5] END login - success
2025-07-13 17:14:59,152 INFO o.s.m.c.PublicationController [http-nio-8080-exec-8] Begin getAll
2025-07-13 17:14:59,157 INFO o.s.m.c.PublicationController [http-nio-8080-exec-8] End getAll
2025-07-13 17:15:01,456 INFO o.s.m.c.PublicationController [http-nio-8080-exec-10] Begin getAll
2025-07-13 17:15:01,458 INFO o.s.m.c.PublicationController [http-nio-8080-exec-10] End getAll
2025-07-13 17:15:26,536 INFO o.s.m.c.UserController [http-nio-8080-exec-1] BEGIN login
2025-07-13 17:15:26,538 INFO o.s.m.c.UserController [http-nio-8080-exec-1] END login - success
2025-07-13 17:15:26,611 INFO o.s.m.c.PublicationController [http-nio-8080-exec-2] Begin getAll
2025-07-13 17:15:26,613 INFO o.s.m.c.PublicationController [http-nio-8080-exec-2] End getAll
2025-07-13 17:15:28,587 INFO o.s.m.c.PublicationController [http-nio-8080-exec-4] Begin getAll
2025-07-13 17:15:28,589 INFO o.s.m.c.PublicationController [http-nio-8080-exec-4] End getAll
2025-07-13 17:19:19,303 INFO o.s.m.c.UserController [http-nio-8080-exec-6] BEGIN login
2025-07-13 17:19:19,305 INFO o.s.m.c.UserController [http-nio-8080-exec-6] END login - success
2025-07-13 17:19:19,403 INFO o.s.m.c.PublicationController [http-nio-8080-exec-7] Begin getAll
2025-07-13 17:19:19,405 INFO o.s.m.c.PublicationController [http-nio-8080-exec-7] End getAll
2025-07-13 17:19:22,195 INFO o.s.m.c.PublicationController [http-nio-8080-exec-5] Begin getAll
2025-07-13 17:19:22,197 INFO o.s.m.c.PublicationController [http-nio-8080-exec-5] End getAll
2025-07-13 23:02:09,785 WARN c.z.h.p.HikariPool$HouseKeeper [HikariPool-1 housekeeper] HikariPool-1 - Thread starvation or clock leap detected (housekeeper delta=3h49m37s719ms607µs300ns).
