2025-08-12 10:05:07,267 INFO o.h.v.i.u.Version [background-preinit] HV000001: Hibernate Validator 8.0.2.Final
2025-08-12 10:05:07,323 INFO o.s.b.StartupInfoLogger [main] Starting MemesConClaseApplication using Java 21.0.4 with PID 22836 (C:\Users\josem\IdeaProjects\MemesConClase\target\classes started by josem in C:\Users\josem\IdeaProjects\MemesConClase)
2025-08-12 10:05:07,323 INFO o.s.b.SpringApplication [main] No active profile set, falling back to 1 default profile: "default"
2025-08-12 10:05:07,764 INFO o.s.d.r.c.RepositoryConfigurationDelegate [main] Bootstrapping Spring Data JPA repositories in DEFAULT mode.
2025-08-12 10:05:07,806 INFO o.s.d.r.c.RepositoryConfigurationDelegate [main] Finished Spring Data repository scanning in 36 ms. Found 5 JPA repository interfaces.
2025-08-12 10:05:08,154 INFO o.s.b.w.e.t.TomcatWebServer [main] Tomcat initialized with port 8080 (http)
2025-08-12 10:05:08,164 INFO o.a.j.l.DirectJDKLog [main] Initializing ProtocolHandler ["http-nio-8080"]
2025-08-12 10:05:08,166 INFO o.a.j.l.DirectJDKLog [main] Starting service [Tomcat]
2025-08-12 10:05:08,167 INFO o.a.j.l.DirectJDKLog [main] Starting Servlet engine: [Apache Tomcat/10.1.34]
2025-08-12 10:05:08,211 INFO o.a.j.l.DirectJDKLog [main] Initializing Spring embedded WebApplicationContext
2025-08-12 10:05:08,212 INFO o.s.b.w.s.c.ServletWebServerApplicationContext [main] Root WebApplicationContext: initialization completed in 859 ms
2025-08-12 10:05:08,312 INFO o.h.j.i.u.LogHelper [main] HHH000204: Processing PersistenceUnitInfo [name: default]
2025-08-12 10:05:08,364 INFO o.h.Version [main] HHH000412: Hibernate ORM core version 6.6.4.Final
2025-08-12 10:05:08,392 INFO o.h.c.i.RegionFactoryInitiator [main] HHH000026: Second-level cache disabled
2025-08-12 10:05:08,604 INFO o.s.o.j.p.SpringPersistenceUnitInfo [main] No LoadTimeWeaver setup: ignoring JPA class transformer
2025-08-12 10:05:08,625 INFO c.z.h.HikariDataSource [main] HikariPool-1 - Starting...
2025-08-12 10:05:08,797 INFO c.z.h.p.HikariPool [main] HikariPool-1 - Added connection conn0: url=jdbc:h2:file:./data/MemesConClase.db user=SA
2025-08-12 10:05:08,799 INFO c.z.h.HikariDataSource [main] HikariPool-1 - Start completed.
2025-08-12 10:05:08,820 WARN o.h.e.j.d.i.DialectFactoryImpl [main] HHH90000025: H2Dialect does not need to be specified explicitly using 'hibernate.dialect' (remove the property setting and it will be selected by default)
2025-08-12 10:05:08,834 INFO o.h.e.j.e.i.JdbcEnvironmentInitiator [main] HHH10001005: Database info:
	Database JDBC URL [Connecting through datasource 'HikariDataSource (HikariPool-1)']
	Database driver: undefined/unknown
	Database version: 2.3.232
	Autocommit mode: undefined/unknown
	Isolation level: undefined/unknown
	Minimum pool size: undefined/unknown
	Maximum pool size: undefined/unknown
2025-08-12 10:05:09,480 INFO o.h.e.t.j.p.i.JtaPlatformInitiator [main] HHH000489: No JTA platform available (set 'hibernate.transaction.jta.platform' to enable JTA platform integration)
2025-08-12 10:05:09,523 INFO o.s.o.j.AbstractEntityManagerFactoryBean [main] Initialized JPA EntityManagerFactory for persistence unit 'default'
2025-08-12 10:05:10,004 WARN o.s.b.a.o.j.JpaBaseConfiguration$JpaWebConfiguration [main] spring.jpa.open-in-view is enabled by default. Therefore, database queries may be performed during view rendering. Explicitly configure spring.jpa.open-in-view to disable this warning
2025-08-12 10:05:10,181 INFO o.s.b.a.h.H2ConsoleAutoConfiguration$H2ConsoleLogger [main] H2 console available at '/h2-console'. Database available at 'jdbc:h2:file:./data/MemesConClase.db'
2025-08-12 10:05:10,216 INFO o.a.j.l.DirectJDKLog [main] Starting ProtocolHandler ["http-nio-8080"]
2025-08-12 10:05:10,239 INFO o.s.b.w.e.t.TomcatWebServer [main] Tomcat started on port 8080 (http) with context path '/'
2025-08-12 10:05:10,245 INFO o.s.b.StartupInfoLogger [main] Started MemesConClaseApplication in 3.291 seconds (process running for 3.537)
2025-08-12 11:47:11,863 WARN c.z.h.p.HikariPool$HouseKeeper [HikariPool-1 housekeeper] HikariPool-1 - Thread starvation or clock leap detected (housekeeper delta=28m31s674ms983µs600ns).
2025-08-12 12:17:31,586 INFO o.a.j.l.DirectJDKLog [http-nio-8080-exec-1] Initializing Spring DispatcherServlet 'dispatcherServlet'
2025-08-12 12:17:31,587 INFO o.s.w.s.FrameworkServlet [http-nio-8080-exec-1] Initializing Servlet 'dispatcherServlet'
2025-08-12 12:17:31,600 INFO o.s.w.s.FrameworkServlet [http-nio-8080-exec-1] Completed initialization in 12 ms
2025-08-12 12:17:31,796 INFO o.s.m.c.UserController [http-nio-8080-exec-1] BEGIN login
2025-08-12 12:17:32,066 INFO o.s.m.c.UserController [http-nio-8080-exec-1] END login - success
2025-08-12 12:17:32,642 INFO o.s.m.c.PublicationController [http-nio-8080-exec-3] Begin getAll
2025-08-12 12:17:32,691 INFO o.s.m.c.PublicationController [http-nio-8080-exec-3] End getAll
2025-08-12 12:17:38,035 INFO o.s.m.c.PublicationController [http-nio-8080-exec-2] Begin getUserPublications by user 1
2025-08-12 12:17:38,046 INFO o.s.m.c.UserController [http-nio-8080-exec-4] BEGIN getUser
2025-08-12 12:17:38,051 INFO o.s.m.c.UserController [http-nio-8080-exec-5] BEGIN getUser
2025-08-12 12:17:38,052 INFO o.s.m.c.PublicationController [http-nio-8080-exec-2] End getUserPublications by user 1
2025-08-12 12:17:38,054 INFO o.s.m.c.PublicationController [http-nio-8080-exec-6] Begin getUserPublications by user 1
2025-08-12 12:17:38,057 INFO o.s.m.c.UserController [http-nio-8080-exec-5] END getUser
2025-08-12 12:17:38,058 INFO o.s.m.c.UserController [http-nio-8080-exec-4] END getUser
2025-08-12 12:17:38,060 INFO o.s.m.c.PublicationController [http-nio-8080-exec-6] End getUserPublications by user 1
2025-08-12 12:19:03,324 INFO o.s.m.c.PublicationController [http-nio-8080-exec-1] Begin getAll
2025-08-12 12:19:03,333 INFO o.s.m.c.PublicationController [http-nio-8080-exec-1] End getAll
2025-08-12 12:57:33,072 INFO o.s.m.c.UserController [http-nio-8080-exec-2] BEGIN login
2025-08-12 12:57:33,092 INFO o.s.m.c.UserController [http-nio-8080-exec-2] END login - success
2025-08-12 12:57:33,229 INFO o.s.m.c.PublicationController [http-nio-8080-exec-4] Begin getAll
2025-08-12 12:57:33,240 INFO o.s.m.c.PublicationController [http-nio-8080-exec-4] End getAll
2025-08-12 12:57:36,511 INFO o.s.m.c.UserController [http-nio-8080-exec-5] BEGIN getUser
2025-08-12 12:57:36,519 INFO o.s.m.c.PublicationController [http-nio-8080-exec-7] Begin getUserPublications by user 1
2025-08-12 12:57:36,519 INFO o.s.m.c.PublicationController [http-nio-8080-exec-6] Begin getUserPublications by user 1
2025-08-12 12:57:36,519 INFO o.s.m.c.UserController [http-nio-8080-exec-5] END getUser
2025-08-12 12:57:36,521 INFO o.s.m.c.UserController [http-nio-8080-exec-8] BEGIN getUser
2025-08-12 12:57:36,525 INFO o.s.m.c.UserController [http-nio-8080-exec-8] END getUser
2025-08-12 12:57:36,527 INFO o.s.m.c.PublicationController [http-nio-8080-exec-7] End getUserPublications by user 1
2025-08-12 12:57:36,528 INFO o.s.m.c.PublicationController [http-nio-8080-exec-6] End getUserPublications by user 1
2025-08-12 12:57:40,756 INFO o.s.m.c.PublicationController [http-nio-8080-exec-9] Begin modifyPublication
2025-08-12 12:57:40,824 INFO o.s.m.c.PublicationController [http-nio-8080-exec-9] End modifyPublication
2025-08-12 12:57:40,836 INFO o.s.m.c.PublicationController [http-nio-8080-exec-1] Begin getUserPublications by user 1
2025-08-12 12:57:40,836 INFO o.s.m.c.UserController [http-nio-8080-exec-10] BEGIN getUser
2025-08-12 12:57:40,840 INFO o.s.m.c.UserController [http-nio-8080-exec-10] END getUser
2025-08-12 12:57:40,842 INFO o.s.m.c.PublicationController [http-nio-8080-exec-1] End getUserPublications by user 1
2025-08-12 12:57:42,187 INFO o.s.m.c.PublicationController [http-nio-8080-exec-8] Begin getAll
2025-08-12 12:57:42,193 INFO o.s.m.c.PublicationController [http-nio-8080-exec-8] End getAll
2025-08-12 12:57:45,893 INFO o.s.m.c.UserController [http-nio-8080-exec-6] BEGIN getUser
2025-08-12 12:57:45,897 INFO o.s.m.c.PublicationController [http-nio-8080-exec-7] Begin getUserPublications by user 1
2025-08-12 12:57:45,897 INFO o.s.m.c.UserController [http-nio-8080-exec-6] END getUser
2025-08-12 12:57:45,901 INFO o.s.m.c.UserController [http-nio-8080-exec-9] BEGIN getUser
2025-08-12 12:57:45,903 INFO o.s.m.c.PublicationController [http-nio-8080-exec-10] Begin getUserPublications by user 1
2025-08-12 12:57:45,903 INFO o.s.m.c.UserController [http-nio-8080-exec-9] END getUser
2025-08-12 12:57:45,907 INFO o.s.m.c.PublicationController [http-nio-8080-exec-10] End getUserPublications by user 1
2025-08-12 12:57:45,908 INFO o.s.m.c.PublicationController [http-nio-8080-exec-7] End getUserPublications by user 1
2025-08-12 12:57:55,359 INFO o.s.m.c.PublicationController [http-nio-8080-exec-1] Begin modifyPublication
2025-08-12 12:57:55,362 INFO o.s.m.c.PublicationController [http-nio-8080-exec-1] End modifyPublication
2025-08-12 12:57:55,406 INFO o.s.m.c.PublicationController [http-nio-8080-exec-2] Begin getUserPublications by user 1
2025-08-12 12:57:55,407 INFO o.s.m.c.UserController [http-nio-8080-exec-3] BEGIN getUser
2025-08-12 12:57:55,409 INFO o.s.m.c.UserController [http-nio-8080-exec-3] END getUser
2025-08-12 12:57:55,416 INFO o.s.m.c.PublicationController [http-nio-8080-exec-2] End getUserPublications by user 1
2025-08-12 12:57:55,426 INFO o.s.m.c.PublicationController [http-nio-8080-exec-4] Begin getAll
2025-08-12 12:57:55,431 INFO o.s.m.c.PublicationController [http-nio-8080-exec-4] End getAll
2025-08-12 12:59:38,666 INFO o.s.m.c.UserController [http-nio-8080-exec-10] BEGIN login
2025-08-12 12:59:38,675 INFO o.s.m.c.UserController [http-nio-8080-exec-10] END login - success
2025-08-12 12:59:38,794 INFO o.s.m.c.PublicationController [http-nio-8080-exec-7] Begin getAll
2025-08-12 12:59:38,801 INFO o.s.m.c.PublicationController [http-nio-8080-exec-7] End getAll
2025-08-12 12:59:40,584 INFO o.s.m.c.UserController [http-nio-8080-exec-1] BEGIN getUser
2025-08-12 12:59:40,585 INFO o.s.m.c.PublicationController [http-nio-8080-exec-3] Begin getUserPublications by user 1
2025-08-12 12:59:40,587 INFO o.s.m.c.UserController [http-nio-8080-exec-1] END getUser
2025-08-12 12:59:40,590 INFO o.s.m.c.PublicationController [http-nio-8080-exec-3] End getUserPublications by user 1
2025-08-12 12:59:40,592 INFO o.s.m.c.UserController [http-nio-8080-exec-2] BEGIN getUser
2025-08-12 12:59:40,592 INFO o.s.m.c.PublicationController [http-nio-8080-exec-4] Begin getUserPublications by user 1
2025-08-12 12:59:40,594 INFO o.s.m.c.UserController [http-nio-8080-exec-2] END getUser
2025-08-12 12:59:40,596 INFO o.s.m.c.PublicationController [http-nio-8080-exec-4] End getUserPublications by user 1
2025-08-12 12:59:45,238 INFO o.s.m.c.PublicationController [http-nio-8080-exec-9] Begin modifyPublication
2025-08-12 12:59:45,242 INFO o.s.m.c.PublicationController [http-nio-8080-exec-9] End modifyPublication
2025-08-12 12:59:45,255 INFO o.s.m.c.PublicationController [http-nio-8080-exec-8] Begin getUserPublications by user 1
2025-08-12 12:59:45,255 INFO o.s.m.c.UserController [http-nio-8080-exec-5] BEGIN getUser
2025-08-12 12:59:45,259 INFO o.s.m.c.UserController [http-nio-8080-exec-5] END getUser
2025-08-12 12:59:45,260 INFO o.s.m.c.PublicationController [http-nio-8080-exec-8] End getUserPublications by user 1
2025-08-12 12:59:46,448 INFO o.s.m.c.PublicationController [http-nio-8080-exec-3] Begin getAll
2025-08-12 12:59:46,456 INFO o.s.m.c.PublicationController [http-nio-8080-exec-3] End getAll
2025-08-12 12:59:51,935 INFO o.s.m.c.UserController [http-nio-8080-exec-2] BEGIN getUser
2025-08-12 12:59:51,937 INFO o.s.m.c.PublicationController [http-nio-8080-exec-4] Begin getUserPublications by user 1
2025-08-12 12:59:51,939 INFO o.s.m.c.UserController [http-nio-8080-exec-2] END getUser
2025-08-12 12:59:51,944 INFO o.s.m.c.PublicationController [http-nio-8080-exec-9] Begin getUserPublications by user 1
2025-08-12 12:59:51,944 INFO o.s.m.c.UserController [http-nio-8080-exec-8] BEGIN getUser
2025-08-12 12:59:51,945 INFO o.s.m.c.PublicationController [http-nio-8080-exec-4] End getUserPublications by user 1
2025-08-12 12:59:51,946 INFO o.s.m.c.UserController [http-nio-8080-exec-8] END getUser
2025-08-12 12:59:51,946 INFO o.s.m.c.PublicationController [http-nio-8080-exec-9] End getUserPublications by user 1
2025-08-12 13:00:06,294 INFO o.s.m.c.PublicationController [http-nio-8080-exec-5] Begin modifyPublication
2025-08-12 13:00:06,307 INFO o.s.m.c.PublicationController [http-nio-8080-exec-5] End modifyPublication
2025-08-12 13:00:06,332 INFO o.s.m.c.UserController [http-nio-8080-exec-10] BEGIN getUser
2025-08-12 13:00:06,332 INFO o.s.m.c.PublicationController [http-nio-8080-exec-6] Begin getUserPublications by user 1
2025-08-12 13:00:06,338 INFO o.s.m.c.UserController [http-nio-8080-exec-10] END getUser
2025-08-12 13:00:06,342 INFO o.s.m.c.PublicationController [http-nio-8080-exec-6] End getUserPublications by user 1
2025-08-12 13:00:06,383 INFO o.s.m.c.PublicationController [http-nio-8080-exec-1] Begin getAll
2025-08-12 13:00:06,388 INFO o.s.m.c.PublicationController [http-nio-8080-exec-1] End getAll
2025-08-12 13:09:16,776 INFO o.s.m.c.UserController [http-nio-8080-exec-8] BEGIN login
2025-08-12 13:09:16,784 INFO o.s.m.c.UserController [http-nio-8080-exec-8] END login - success
2025-08-12 13:09:16,907 INFO o.s.m.c.PublicationController [http-nio-8080-exec-9] Begin getAll
2025-08-12 13:09:16,914 INFO o.s.m.c.PublicationController [http-nio-8080-exec-9] End getAll
2025-08-12 13:09:19,424 INFO o.s.m.c.UserController [http-nio-8080-exec-5] BEGIN getUser
2025-08-12 13:09:19,426 INFO o.s.m.c.PublicationController [http-nio-8080-exec-10] Begin getUserPublications by user 1
2025-08-12 13:09:19,427 INFO o.s.m.c.UserController [http-nio-8080-exec-5] END getUser
2025-08-12 13:09:19,435 INFO o.s.m.c.PublicationController [http-nio-8080-exec-10] End getUserPublications by user 1
2025-08-12 13:09:28,262 INFO o.s.m.c.PublicationController [http-nio-8080-exec-6] Begin modifyPublication
2025-08-12 13:09:28,274 INFO o.s.m.c.PublicationController [http-nio-8080-exec-6] End modifyPublication
2025-08-12 13:09:28,308 INFO o.s.m.c.UserController [http-nio-8080-exec-1] BEGIN getUser
2025-08-12 13:09:28,309 INFO o.s.m.c.PublicationController [http-nio-8080-exec-3] Begin getUserPublications by user 1
2025-08-12 13:09:28,312 INFO o.s.m.c.UserController [http-nio-8080-exec-1] END getUser
2025-08-12 13:09:28,324 INFO o.s.m.c.PublicationController [http-nio-8080-exec-3] End getUserPublications by user 1
2025-08-12 13:09:29,487 INFO o.s.m.c.PublicationController [http-nio-8080-exec-4] Begin getAll
2025-08-12 13:09:29,491 INFO o.s.m.c.PublicationController [http-nio-8080-exec-4] End getAll
2025-08-12 13:09:41,750 INFO o.s.m.c.PublicationController [http-nio-8080-exec-8] Begin getAll
2025-08-12 13:09:41,752 INFO o.s.m.c.PublicationController [http-nio-8080-exec-8] End getAll
2025-08-12 13:09:43,467 INFO o.s.m.c.PublicationController [http-nio-8080-exec-9] Begin getAll
2025-08-12 13:09:43,476 INFO o.s.m.c.PublicationController [http-nio-8080-exec-9] End getAll
2025-08-12 13:09:56,250 INFO o.s.m.c.PublicationController [http-nio-8080-exec-5] Begin getAll
2025-08-12 13:09:56,264 INFO o.s.m.c.PublicationController [http-nio-8080-exec-5] End getAll
2025-08-12 13:09:56,871 INFO o.s.m.c.PublicationController [http-nio-8080-exec-10] Begin getAll
2025-08-12 13:09:56,872 INFO o.s.m.c.PublicationController [http-nio-8080-exec-10] End getAll
2025-08-12 13:09:59,803 INFO o.s.m.c.UserController [http-nio-8080-exec-6] BEGIN getUser
2025-08-12 13:09:59,809 INFO o.s.m.c.UserController [http-nio-8080-exec-6] END getUser
2025-08-12 13:09:59,810 INFO o.s.m.c.PublicationController [http-nio-8080-exec-1] Begin getUserPublications by user 1
2025-08-12 13:09:59,816 INFO o.s.m.c.PublicationController [http-nio-8080-exec-1] End getUserPublications by user 1
2025-08-12 13:10:12,653 INFO o.s.m.c.PublicationController [http-nio-8080-exec-3] Begin deletePublication
2025-08-12 13:10:12,670 INFO o.s.m.c.PublicationController [http-nio-8080-exec-3] End deletePublication
