2025-07-25 16:36:16,216 INFO o.h.v.i.u.Version [background-preinit] HV000001: Hibernate Validator 8.0.2.Final
2025-07-25 16:36:16,267 INFO o.s.b.StartupInfoLogger [main] Starting MemesConClaseApplication using Java 21.0.4 with PID 40856 (C:\Users\josem\IdeaProjects\MemesConClase\target\classes started by josem in C:\Users\josem\IdeaProjects\MemesConClase)
2025-07-25 16:36:16,268 INFO o.s.b.SpringApplication [main] No active profile set, falling back to 1 default profile: "default"
2025-07-25 16:36:16,785 INFO o.s.d.r.c.RepositoryConfigurationDelegate [main] Bootstrapping Spring Data JPA repositories in DEFAULT mode.
2025-07-25 16:36:16,829 INFO o.s.d.r.c.RepositoryConfigurationDelegate [main] Finished Spring Data repository scanning in 37 ms. Found 5 JPA repository interfaces.
2025-07-25 16:36:17,233 INFO o.s.b.w.e.t.TomcatWebServer [main] Tomcat initialized with port 8080 (http)
2025-07-25 16:36:17,246 INFO o.a.j.l.DirectJDKLog [main] Initializing ProtocolHandler ["http-nio-8080"]
2025-07-25 16:36:17,248 INFO o.a.j.l.DirectJDKLog [main] Starting service [Tomcat]
2025-07-25 16:36:17,248 INFO o.a.j.l.DirectJDKLog [main] Starting Servlet engine: [Apache Tomcat/10.1.34]
2025-07-25 16:36:17,300 INFO o.a.j.l.DirectJDKLog [main] Initializing Spring embedded WebApplicationContext
2025-07-25 16:36:17,300 INFO o.s.b.w.s.c.ServletWebServerApplicationContext [main] Root WebApplicationContext: initialization completed in 1000 ms
2025-07-25 16:36:17,416 INFO o.h.j.i.u.LogHelper [main] HHH000204: Processing PersistenceUnitInfo [name: default]
2025-07-25 16:36:17,481 INFO o.h.Version [main] HHH000412: Hibernate ORM core version 6.6.4.Final
2025-07-25 16:36:17,515 INFO o.h.c.i.RegionFactoryInitiator [main] HHH000026: Second-level cache disabled
2025-07-25 16:36:17,759 INFO o.s.o.j.p.SpringPersistenceUnitInfo [main] No LoadTimeWeaver setup: ignoring JPA class transformer
2025-07-25 16:36:17,784 INFO c.z.h.HikariDataSource [main] HikariPool-1 - Starting...
2025-07-25 16:36:17,986 INFO c.z.h.p.HikariPool [main] HikariPool-1 - Added connection conn0: url=jdbc:h2:file:./data/MemesConClase.db user=SA
2025-07-25 16:36:17,988 INFO c.z.h.HikariDataSource [main] HikariPool-1 - Start completed.
2025-07-25 16:36:18,014 WARN o.h.e.j.d.i.DialectFactoryImpl [main] HHH90000025: H2Dialect does not need to be specified explicitly using 'hibernate.dialect' (remove the property setting and it will be selected by default)
2025-07-25 16:36:18,030 INFO o.h.e.j.e.i.JdbcEnvironmentInitiator [main] HHH10001005: Database info:
	Database JDBC URL [Connecting through datasource 'HikariDataSource (HikariPool-1)']
	Database driver: undefined/unknown
	Database version: 2.3.232
	Autocommit mode: undefined/unknown
	Isolation level: undefined/unknown
	Minimum pool size: undefined/unknown
	Maximum pool size: undefined/unknown
2025-07-25 16:36:18,780 INFO o.h.e.t.j.p.i.JtaPlatformInitiator [main] HHH000489: No JTA platform available (set 'hibernate.transaction.jta.platform' to enable JTA platform integration)
2025-07-25 16:36:18,833 INFO o.s.o.j.AbstractEntityManagerFactoryBean [main] Initialized JPA EntityManagerFactory for persistence unit 'default'
2025-07-25 16:36:19,432 WARN o.s.b.a.o.j.JpaBaseConfiguration$JpaWebConfiguration [main] spring.jpa.open-in-view is enabled by default. Therefore, database queries may be performed during view rendering. Explicitly configure spring.jpa.open-in-view to disable this warning
2025-07-25 16:36:19,644 INFO o.s.b.a.h.H2ConsoleAutoConfiguration$H2ConsoleLogger [main] H2 console available at '/h2-console'. Database available at 'jdbc:h2:file:./data/MemesConClase.db'
2025-07-25 16:36:19,690 INFO o.a.j.l.DirectJDKLog [main] Starting ProtocolHandler ["http-nio-8080"]
2025-07-25 16:36:19,717 INFO o.s.b.w.e.t.TomcatWebServer [main] Tomcat started on port 8080 (http) with context path '/'
2025-07-25 16:36:19,724 INFO o.s.b.StartupInfoLogger [main] Started MemesConClaseApplication in 3.864 seconds (process running for 4.113)
2025-07-25 16:37:18,705 INFO o.a.j.l.DirectJDKLog [http-nio-8080-exec-1] Initializing Spring DispatcherServlet 'dispatcherServlet'
2025-07-25 16:37:18,705 INFO o.s.w.s.FrameworkServlet [http-nio-8080-exec-1] Initializing Servlet 'dispatcherServlet'
2025-07-25 16:37:18,706 INFO o.s.w.s.FrameworkServlet [http-nio-8080-exec-1] Completed initialization in 0 ms
2025-07-25 16:37:18,772 INFO o.s.m.c.UserController [http-nio-8080-exec-1] BEGIN login
2025-07-25 16:37:18,863 INFO o.s.m.c.UserController [http-nio-8080-exec-1] END login - success
2025-07-25 16:37:18,972 INFO o.s.m.c.PublicationController [http-nio-8080-exec-2] Begin getAll
2025-07-25 16:37:18,996 INFO o.s.m.c.PublicationController [http-nio-8080-exec-2] End getAll
2025-07-25 16:37:24,898 INFO o.s.m.c.PublicationController [http-nio-8080-exec-5] Begin getAll
2025-07-25 16:37:24,901 INFO o.s.m.c.PublicationController [http-nio-8080-exec-5] End getAll
2025-07-25 16:37:44,771 INFO o.s.m.c.PublicationController [http-nio-8080-exec-4] Begin getAll
2025-07-25 16:37:44,775 INFO o.s.m.c.PublicationController [http-nio-8080-exec-4] End getAll
2025-07-25 16:37:46,296 INFO o.s.m.c.UserController [http-nio-8080-exec-3] BEGIN getUser
2025-07-25 16:37:46,302 INFO o.s.m.c.UserController [http-nio-8080-exec-3] END getUser
2025-07-25 16:37:49,161 INFO o.s.m.c.PublicationController [http-nio-8080-exec-7] Begin getAll
2025-07-25 16:37:49,166 INFO o.s.m.c.PublicationController [http-nio-8080-exec-7] End getAll
2025-07-25 16:39:15,405 INFO o.s.m.c.UserController [http-nio-8080-exec-10] BEGIN login
2025-07-25 16:39:15,410 INFO o.s.m.c.UserController [http-nio-8080-exec-10] END login - success
2025-07-25 16:39:15,437 INFO o.s.m.c.PublicationController [http-nio-8080-exec-1] Begin getAll
2025-07-25 16:39:15,440 INFO o.s.m.c.PublicationController [http-nio-8080-exec-1] End getAll
2025-07-25 16:39:20,018 INFO o.s.m.c.UserController [http-nio-8080-exec-2] BEGIN getUser
2025-07-25 16:39:20,019 INFO o.s.m.c.UserController [http-nio-8080-exec-2] END getUser
2025-07-25 17:34:06,558 INFO o.s.b.w.e.t.GracefulShutdown [SpringApplicationShutdownHook] Commencing graceful shutdown. Waiting for active requests to complete
2025-07-25 17:34:06,582 INFO o.s.b.w.e.t.GracefulShutdown [tomcat-shutdown] Graceful shutdown complete
2025-07-25 17:34:06,586 INFO o.s.o.j.AbstractEntityManagerFactoryBean [SpringApplicationShutdownHook] Closing JPA EntityManagerFactory for persistence unit 'default'
2025-07-25 17:34:06,588 INFO c.z.h.HikariDataSource [SpringApplicationShutdownHook] HikariPool-1 - Shutdown initiated...
2025-07-25 17:34:06,590 INFO c.z.h.HikariDataSource [SpringApplicationShutdownHook] HikariPool-1 - Shutdown completed.
2025-07-25 17:34:14,833 INFO o.h.v.i.u.Version [background-preinit] HV000001: Hibernate Validator 8.0.2.Final
2025-07-25 17:34:14,863 INFO o.s.b.StartupInfoLogger [main] Starting MemesConClaseApplication using Java 21.0.4 with PID 44024 (C:\Users\josem\IdeaProjects\MemesConClase\target\classes started by josem in C:\Users\josem\IdeaProjects\MemesConClase)
2025-07-25 17:34:14,863 INFO o.s.b.SpringApplication [main] No active profile set, falling back to 1 default profile: "default"
2025-07-25 17:34:15,184 INFO o.s.d.r.c.RepositoryConfigurationDelegate [main] Bootstrapping Spring Data JPA repositories in DEFAULT mode.
2025-07-25 17:34:15,240 INFO o.s.d.r.c.RepositoryConfigurationDelegate [main] Finished Spring Data repository scanning in 48 ms. Found 5 JPA repository interfaces.
2025-07-25 17:34:15,607 INFO o.s.b.w.e.t.TomcatWebServer [main] Tomcat initialized with port 8080 (http)
2025-07-25 17:34:15,619 INFO o.a.j.l.DirectJDKLog [main] Initializing ProtocolHandler ["http-nio-8080"]
2025-07-25 17:34:15,621 INFO o.a.j.l.DirectJDKLog [main] Starting service [Tomcat]
2025-07-25 17:34:15,621 INFO o.a.j.l.DirectJDKLog [main] Starting Servlet engine: [Apache Tomcat/10.1.34]
2025-07-25 17:34:15,657 INFO o.a.j.l.DirectJDKLog [main] Initializing Spring embedded WebApplicationContext
2025-07-25 17:34:15,658 INFO o.s.b.w.s.c.ServletWebServerApplicationContext [main] Root WebApplicationContext: initialization completed in 771 ms
2025-07-25 17:34:15,745 INFO o.h.j.i.u.LogHelper [main] HHH000204: Processing PersistenceUnitInfo [name: default]
2025-07-25 17:34:15,775 INFO o.h.Version [main] HHH000412: Hibernate ORM core version 6.6.4.Final
2025-07-25 17:34:15,795 INFO o.h.c.i.RegionFactoryInitiator [main] HHH000026: Second-level cache disabled
2025-07-25 17:34:15,945 INFO o.s.o.j.p.SpringPersistenceUnitInfo [main] No LoadTimeWeaver setup: ignoring JPA class transformer
2025-07-25 17:34:15,965 INFO c.z.h.HikariDataSource [main] HikariPool-1 - Starting...
2025-07-25 17:34:16,105 INFO c.z.h.p.HikariPool [main] HikariPool-1 - Added connection conn0: url=jdbc:h2:file:./data/MemesConClase.db user=SA
2025-07-25 17:34:16,107 INFO c.z.h.HikariDataSource [main] HikariPool-1 - Start completed.
2025-07-25 17:34:16,120 WARN o.h.e.j.d.i.DialectFactoryImpl [main] HHH90000025: H2Dialect does not need to be specified explicitly using 'hibernate.dialect' (remove the property setting and it will be selected by default)
2025-07-25 17:34:16,135 INFO o.h.e.j.e.i.JdbcEnvironmentInitiator [main] HHH10001005: Database info:
	Database JDBC URL [Connecting through datasource 'HikariDataSource (HikariPool-1)']
	Database driver: undefined/unknown
	Database version: 2.3.232
	Autocommit mode: undefined/unknown
	Isolation level: undefined/unknown
	Minimum pool size: undefined/unknown
	Maximum pool size: undefined/unknown
2025-07-25 17:34:16,761 INFO o.h.e.t.j.p.i.JtaPlatformInitiator [main] HHH000489: No JTA platform available (set 'hibernate.transaction.jta.platform' to enable JTA platform integration)
2025-07-25 17:34:16,838 INFO o.s.o.j.AbstractEntityManagerFactoryBean [main] Initialized JPA EntityManagerFactory for persistence unit 'default'
2025-07-25 17:34:17,230 WARN o.s.b.a.o.j.JpaBaseConfiguration$JpaWebConfiguration [main] spring.jpa.open-in-view is enabled by default. Therefore, database queries may be performed during view rendering. Explicitly configure spring.jpa.open-in-view to disable this warning
2025-07-25 17:34:17,397 INFO o.s.b.a.h.H2ConsoleAutoConfiguration$H2ConsoleLogger [main] H2 console available at '/h2-console'. Database available at 'jdbc:h2:file:./data/MemesConClase.db'
2025-07-25 17:34:17,432 INFO o.a.j.l.DirectJDKLog [main] Starting ProtocolHandler ["http-nio-8080"]
2025-07-25 17:34:17,446 INFO o.s.b.w.e.t.TomcatWebServer [main] Tomcat started on port 8080 (http) with context path '/'
2025-07-25 17:34:17,452 INFO o.s.b.StartupInfoLogger [main] Started MemesConClaseApplication in 2.871 seconds (process running for 3.046)
2025-07-25 17:34:44,626 INFO o.a.j.l.DirectJDKLog [http-nio-8080-exec-1] Initializing Spring DispatcherServlet 'dispatcherServlet'
2025-07-25 17:34:44,627 INFO o.s.w.s.FrameworkServlet [http-nio-8080-exec-1] Initializing Servlet 'dispatcherServlet'
2025-07-25 17:34:44,628 INFO o.s.w.s.FrameworkServlet [http-nio-8080-exec-1] Completed initialization in 1 ms
2025-07-25 17:34:44,680 INFO o.s.m.c.UserController [http-nio-8080-exec-1] BEGIN login
2025-07-25 17:34:44,759 INFO o.s.m.c.UserController [http-nio-8080-exec-1] END login - success
2025-07-25 17:34:44,834 INFO o.s.m.c.PublicationController [http-nio-8080-exec-3] Begin getAll
2025-07-25 17:34:44,855 INFO o.s.m.c.PublicationController [http-nio-8080-exec-3] End getAll
2025-07-25 17:34:50,347 INFO o.s.m.c.PublicationController [http-nio-8080-exec-2] Begin getAll
2025-07-25 17:34:50,351 INFO o.s.m.c.PublicationController [http-nio-8080-exec-2] End getAll
2025-07-25 17:34:55,457 INFO o.s.m.c.UserController [http-nio-8080-exec-4] BEGIN getUser
2025-07-25 17:34:55,460 INFO o.s.m.c.PublicationController [http-nio-8080-exec-5] Begin getUserPublications by user 1
2025-07-25 17:34:55,461 INFO o.s.m.c.UserController [http-nio-8080-exec-4] END getUser
2025-07-25 17:34:55,470 INFO o.s.m.c.PublicationController [http-nio-8080-exec-5] End getUserPublications by user 1
2025-07-25 18:51:37,206 WARN c.z.h.p.HikariPool$HouseKeeper [HikariPool-1 housekeeper] HikariPool-1 - Thread starvation or clock leap detected (housekeeper delta=15m20s870ms670µs900ns).
2025-07-25 20:28:10,013 WARN c.z.h.p.HikariPool$HouseKeeper [HikariPool-1 housekeeper] HikariPool-1 - Thread starvation or clock leap detected (housekeeper delta=12m2s621ms818µs).
2025-07-25 23:19:21,301 WARN c.z.h.p.HikariPool$HouseKeeper [HikariPool-1 housekeeper] HikariPool-1 - Thread starvation or clock leap detected (housekeeper delta=1h59m11s175ms34µs800ns).
2025-07-25 23:57:46,191 WARN c.z.h.p.HikariPool$HouseKeeper [HikariPool-1 housekeeper] HikariPool-1 - Thread starvation or clock leap detected (housekeeper delta=35m24s874ms482µs500ns).
