2025-07-20 15:43:11,430 INFO o.h.v.i.u.Version [background-preinit] HV000001: Hibernate Validator 8.0.2.Final
2025-07-20 15:43:11,484 INFO o.s.b.StartupInfoLogger [main] Starting MemesConClaseApplication using Java 21.0.4 with PID 18264 (C:\Users\josem\IdeaProjects\MemesConClase\target\classes started by josem in C:\Users\josem\IdeaProjects\MemesConClase)
2025-07-20 15:43:11,485 INFO o.s.b.SpringApplication [main] No active profile set, falling back to 1 default profile: "default"
2025-07-20 15:43:11,926 INFO o.s.d.r.c.RepositoryConfigurationDelegate [main] Bootstrapping Spring Data JPA repositories in DEFAULT mode.
2025-07-20 15:43:11,968 INFO o.s.d.r.c.RepositoryConfigurationDelegate [main] Finished Spring Data repository scanning in 36 ms. Found 5 JPA repository interfaces.
2025-07-20 15:43:12,331 INFO o.s.b.w.e.t.TomcatWebServer [main] Tomcat initialized with port 8080 (http)
2025-07-20 15:43:12,343 INFO o.a.j.l.DirectJDKLog [main] Initializing ProtocolHandler ["http-nio-8080"]
2025-07-20 15:43:12,345 INFO o.a.j.l.DirectJDKLog [main] Starting service [Tomcat]
2025-07-20 15:43:12,345 INFO o.a.j.l.DirectJDKLog [main] Starting Servlet engine: [Apache Tomcat/10.1.34]
2025-07-20 15:43:12,392 INFO o.a.j.l.DirectJDKLog [main] Initializing Spring embedded WebApplicationContext
2025-07-20 15:43:12,393 INFO o.s.b.w.s.c.ServletWebServerApplicationContext [main] Root WebApplicationContext: initialization completed in 879 ms
2025-07-20 15:43:12,491 INFO o.h.j.i.u.LogHelper [main] HHH000204: Processing PersistenceUnitInfo [name: default]
2025-07-20 15:43:12,545 INFO o.h.Version [main] HHH000412: Hibernate ORM core version 6.6.4.Final
2025-07-20 15:43:12,573 INFO o.h.c.i.RegionFactoryInitiator [main] HHH000026: Second-level cache disabled
2025-07-20 15:43:12,777 INFO o.s.o.j.p.SpringPersistenceUnitInfo [main] No LoadTimeWeaver setup: ignoring JPA class transformer
2025-07-20 15:43:12,801 INFO c.z.h.HikariDataSource [main] HikariPool-1 - Starting...
2025-07-20 15:43:12,986 INFO c.z.h.p.HikariPool [main] HikariPool-1 - Added connection conn0: url=jdbc:h2:file:./data/MemesConClase.db user=SA
2025-07-20 15:43:12,989 INFO c.z.h.HikariDataSource [main] HikariPool-1 - Start completed.
2025-07-20 15:43:13,010 WARN o.h.e.j.d.i.DialectFactoryImpl [main] HHH90000025: H2Dialect does not need to be specified explicitly using 'hibernate.dialect' (remove the property setting and it will be selected by default)
2025-07-20 15:43:13,024 INFO o.h.e.j.e.i.JdbcEnvironmentInitiator [main] HHH10001005: Database info:
	Database JDBC URL [Connecting through datasource 'HikariDataSource (HikariPool-1)']
	Database driver: undefined/unknown
	Database version: 2.3.232
	Autocommit mode: undefined/unknown
	Isolation level: undefined/unknown
	Minimum pool size: undefined/unknown
	Maximum pool size: undefined/unknown
2025-07-20 15:43:13,687 INFO o.h.e.t.j.p.i.JtaPlatformInitiator [main] HHH000489: No JTA platform available (set 'hibernate.transaction.jta.platform' to enable JTA platform integration)
2025-07-20 15:43:13,730 INFO o.s.o.j.AbstractEntityManagerFactoryBean [main] Initialized JPA EntityManagerFactory for persistence unit 'default'
2025-07-20 15:43:14,233 WARN o.s.b.a.o.j.JpaBaseConfiguration$JpaWebConfiguration [main] spring.jpa.open-in-view is enabled by default. Therefore, database queries may be performed during view rendering. Explicitly configure spring.jpa.open-in-view to disable this warning
2025-07-20 15:43:14,420 INFO o.s.b.a.h.H2ConsoleAutoConfiguration$H2ConsoleLogger [main] H2 console available at '/h2-console'. Database available at 'jdbc:h2:file:./data/MemesConClase.db'
2025-07-20 15:43:14,461 INFO o.a.j.l.DirectJDKLog [main] Starting ProtocolHandler ["http-nio-8080"]
2025-07-20 15:43:14,484 INFO o.s.b.w.e.t.TomcatWebServer [main] Tomcat started on port 8080 (http) with context path '/'
2025-07-20 15:43:14,489 INFO o.s.b.StartupInfoLogger [main] Started MemesConClaseApplication in 3.379 seconds (process running for 3.628)
2025-07-20 15:46:35,535 INFO o.a.j.l.DirectJDKLog [http-nio-8080-exec-1] Initializing Spring DispatcherServlet 'dispatcherServlet'
2025-07-20 15:46:35,537 INFO o.s.w.s.FrameworkServlet [http-nio-8080-exec-1] Initializing Servlet 'dispatcherServlet'
2025-07-20 15:46:35,541 INFO o.s.w.s.FrameworkServlet [http-nio-8080-exec-1] Completed initialization in 3 ms
2025-07-20 15:46:35,647 INFO o.s.m.c.UserController [http-nio-8080-exec-1] BEGIN login
2025-07-20 15:46:35,804 WARN o.s.m.c.UserController [http-nio-8080-exec-1] END login - unauthorized
2025-07-20 15:46:45,024 INFO o.s.m.c.UserController [http-nio-8080-exec-5] BEGIN login
2025-07-20 15:46:45,026 INFO o.s.m.c.UserController [http-nio-8080-exec-5] END login - success
2025-07-20 15:46:45,110 INFO o.s.m.c.PublicationController [http-nio-8080-exec-2] Begin getAll
2025-07-20 15:46:45,171 INFO o.s.m.c.PublicationController [http-nio-8080-exec-2] End getAll
2025-07-20 15:46:56,488 INFO o.s.m.c.PublicationController [http-nio-8080-exec-9] Begin getAll
2025-07-20 15:46:56,497 INFO o.s.m.c.PublicationController [http-nio-8080-exec-9] End getAll
2025-07-20 15:46:59,478 INFO o.s.m.c.PublicationController [http-nio-8080-exec-4] Begin getAll
2025-07-20 15:46:59,483 INFO o.s.m.c.PublicationController [http-nio-8080-exec-4] End getAll
2025-07-20 15:56:26,357 INFO o.s.m.c.UserController [http-nio-8080-exec-7] BEGIN login
2025-07-20 15:56:26,364 INFO o.s.m.c.UserController [http-nio-8080-exec-7] END login - success
2025-07-20 15:56:26,420 INFO o.s.m.c.PublicationController [http-nio-8080-exec-8] Begin getAll
2025-07-20 15:56:26,436 INFO o.s.m.c.PublicationController [http-nio-8080-exec-8] End getAll
2025-07-20 15:56:31,902 INFO o.s.m.c.UserController [http-nio-8080-exec-3] BEGIN getUser
2025-07-20 15:56:31,922 INFO o.s.m.c.UserController [http-nio-8080-exec-3] END getUser
2025-07-20 15:56:40,549 INFO o.s.m.c.PublicationController [http-nio-8080-exec-1] Begin getAll
2025-07-20 15:56:40,555 INFO o.s.m.c.PublicationController [http-nio-8080-exec-1] End getAll
2025-07-20 19:31:38,479 INFO o.s.m.c.UserController [http-nio-8080-exec-9] BEGIN login
2025-07-20 19:31:38,499 INFO o.s.m.c.UserController [http-nio-8080-exec-9] END login - success
2025-07-20 19:31:38,579 INFO o.s.m.c.PublicationController [http-nio-8080-exec-4] Begin getAll
2025-07-20 19:31:38,586 INFO o.s.m.c.PublicationController [http-nio-8080-exec-4] End getAll
2025-07-20 19:31:42,873 INFO o.s.m.c.PublicationController [http-nio-8080-exec-6] Begin getAll
2025-07-20 19:31:42,875 INFO o.s.m.c.PublicationController [http-nio-8080-exec-6] End getAll
2025-07-20 19:31:45,803 INFO o.s.m.c.PublicationController [http-nio-8080-exec-7] Begin getAll
2025-07-20 19:31:45,806 INFO o.s.m.c.PublicationController [http-nio-8080-exec-7] End getAll
2025-07-20 19:31:48,300 INFO o.s.m.c.UserController [http-nio-8080-exec-8] BEGIN getUser
2025-07-20 19:31:48,301 INFO o.s.m.c.UserController [http-nio-8080-exec-8] END getUser
2025-07-20 19:31:55,195 INFO o.s.m.c.PublicationController [http-nio-8080-exec-10] Begin getAll
2025-07-20 19:31:55,200 INFO o.s.m.c.PublicationController [http-nio-8080-exec-10] End getAll
2025-07-20 19:31:57,842 INFO o.s.m.c.UserController [http-nio-8080-exec-1] BEGIN getUser
2025-07-20 19:31:57,843 INFO o.s.m.c.UserController [http-nio-8080-exec-1] END getUser
2025-07-20 19:32:13,705 INFO o.s.m.c.PublicationController [http-nio-8080-exec-2] Begin getAll
2025-07-20 19:32:13,708 INFO o.s.m.c.PublicationController [http-nio-8080-exec-2] End getAll
2025-07-20 19:33:16,167 INFO o.s.m.c.UserController [http-nio-8080-exec-6] BEGIN getUser
2025-07-20 19:33:16,169 INFO o.s.m.c.UserController [http-nio-8080-exec-6] END getUser
2025-07-20 19:41:32,401 INFO o.s.m.c.UserController [http-nio-8080-exec-10] BEGIN login
2025-07-20 19:41:32,405 INFO o.s.m.c.UserController [http-nio-8080-exec-10] END login - success
2025-07-20 19:41:32,495 INFO o.s.m.c.PublicationController [http-nio-8080-exec-5] Begin getAll
2025-07-20 19:41:32,498 INFO o.s.m.c.PublicationController [http-nio-8080-exec-5] End getAll
2025-07-20 19:41:36,416 INFO o.s.m.c.PublicationController [http-nio-8080-exec-1] Begin getAll
2025-07-20 19:41:36,419 INFO o.s.m.c.PublicationController [http-nio-8080-exec-1] End getAll
2025-07-20 19:41:38,259 INFO o.s.m.c.UserController [http-nio-8080-exec-2] BEGIN getUser
2025-07-20 19:41:38,260 INFO o.s.m.c.UserController [http-nio-8080-exec-2] END getUser
2025-07-20 19:47:21,722 INFO o.s.m.c.UserController [http-nio-8080-exec-7] BEGIN login
2025-07-20 19:47:21,727 INFO o.s.m.c.UserController [http-nio-8080-exec-7] END login - success
2025-07-20 19:47:21,807 INFO o.s.m.c.PublicationController [http-nio-8080-exec-8] Begin getAll
2025-07-20 19:47:21,810 INFO o.s.m.c.PublicationController [http-nio-8080-exec-8] End getAll
2025-07-20 19:47:24,229 INFO o.s.m.c.UserController [http-nio-8080-exec-3] BEGIN getUser
2025-07-20 19:47:24,231 INFO o.s.m.c.UserController [http-nio-8080-exec-3] END getUser
2025-07-20 21:48:04,962 WARN c.z.h.p.HikariPool$HouseKeeper [HikariPool-1 housekeeper] HikariPool-1 - Thread starvation or clock leap detected (housekeeper delta=1h54m20s894ms260µs100ns).
