2025-07-19 15:24:34,146 INFO o.h.v.i.u.Version [background-preinit] HV000001: Hibernate Validator 8.0.2.Final
2025-07-19 15:24:34,200 INFO o.s.b.StartupInfoLogger [main] Starting MemesConClaseApplication using Java 21.0.4 with PID 26848 (C:\Users\josem\IdeaProjects\MemesConClase\target\classes started by josem in C:\Users\josem\IdeaProjects\MemesConClase)
2025-07-19 15:24:34,201 INFO o.s.b.SpringApplication [main] No active profile set, falling back to 1 default profile: "default"
2025-07-19 15:24:34,722 INFO o.s.d.r.c.RepositoryConfigurationDelegate [main] Bootstrapping Spring Data JPA repositories in DEFAULT mode.
2025-07-19 15:24:34,778 INFO o.s.d.r.c.RepositoryConfigurationDelegate [main] Finished Spring Data repository scanning in 46 ms. Found 5 JPA repository interfaces.
2025-07-19 15:24:35,338 INFO o.s.b.w.e.t.TomcatWebServer [main] Tomcat initialized with port 8080 (http)
2025-07-19 15:24:35,358 INFO o.a.j.l.DirectJDKLog [main] Initializing ProtocolHandler ["http-nio-8080"]
2025-07-19 15:24:35,361 INFO o.a.j.l.DirectJDKLog [main] Starting service [Tomcat]
2025-07-19 15:24:35,362 INFO o.a.j.l.DirectJDKLog [main] Starting Servlet engine: [Apache Tomcat/10.1.34]
2025-07-19 15:24:35,443 INFO o.a.j.l.DirectJDKLog [main] Initializing Spring embedded WebApplicationContext
2025-07-19 15:24:35,445 INFO o.s.b.w.s.c.ServletWebServerApplicationContext [main] Root WebApplicationContext: initialization completed in 1210 ms
2025-07-19 15:24:35,604 INFO o.h.j.i.u.LogHelper [main] HHH000204: Processing PersistenceUnitInfo [name: default]
2025-07-19 15:24:35,704 INFO o.h.Version [main] HHH000412: Hibernate ORM core version 6.6.4.Final
2025-07-19 15:24:35,765 INFO o.h.c.i.RegionFactoryInitiator [main] HHH000026: Second-level cache disabled
2025-07-19 15:24:36,163 INFO o.s.o.j.p.SpringPersistenceUnitInfo [main] No LoadTimeWeaver setup: ignoring JPA class transformer
2025-07-19 15:24:36,203 INFO c.z.h.HikariDataSource [main] HikariPool-1 - Starting...
2025-07-19 15:24:36,498 INFO c.z.h.p.HikariPool [main] HikariPool-1 - Added connection conn0: url=jdbc:h2:file:./data/MemesConClase.db user=SA
2025-07-19 15:24:36,500 INFO c.z.h.HikariDataSource [main] HikariPool-1 - Start completed.
2025-07-19 15:24:36,530 WARN o.h.e.j.d.i.DialectFactoryImpl [main] HHH90000025: H2Dialect does not need to be specified explicitly using 'hibernate.dialect' (remove the property setting and it will be selected by default)
2025-07-19 15:24:36,549 INFO o.h.e.j.e.i.JdbcEnvironmentInitiator [main] HHH10001005: Database info:
	Database JDBC URL [Connecting through datasource 'HikariDataSource (HikariPool-1)']
	Database driver: undefined/unknown
	Database version: 2.3.232
	Autocommit mode: undefined/unknown
	Isolation level: undefined/unknown
	Minimum pool size: undefined/unknown
	Maximum pool size: undefined/unknown
2025-07-19 15:24:37,488 INFO o.h.e.t.j.p.i.JtaPlatformInitiator [main] HHH000489: No JTA platform available (set 'hibernate.transaction.jta.platform' to enable JTA platform integration)
2025-07-19 15:24:37,550 INFO o.s.o.j.AbstractEntityManagerFactoryBean [main] Initialized JPA EntityManagerFactory for persistence unit 'default'
2025-07-19 15:24:38,108 WARN o.s.b.a.o.j.JpaBaseConfiguration$JpaWebConfiguration [main] spring.jpa.open-in-view is enabled by default. Therefore, database queries may be performed during view rendering. Explicitly configure spring.jpa.open-in-view to disable this warning
2025-07-19 15:24:38,304 INFO o.s.b.a.h.H2ConsoleAutoConfiguration$H2ConsoleLogger [main] H2 console available at '/h2-console'. Database available at 'jdbc:h2:file:./data/MemesConClase.db'
2025-07-19 15:24:38,345 INFO o.a.j.l.DirectJDKLog [main] Starting ProtocolHandler ["http-nio-8080"]
2025-07-19 15:24:38,362 INFO o.s.b.w.e.t.TomcatWebServer [main] Tomcat started on port 8080 (http) with context path '/'
2025-07-19 15:24:38,368 INFO o.s.b.StartupInfoLogger [main] Started MemesConClaseApplication in 4.58 seconds (process running for 4.85)
2025-07-19 15:42:04,156 INFO o.a.j.l.DirectJDKLog [http-nio-8080-exec-1] Initializing Spring DispatcherServlet 'dispatcherServlet'
2025-07-19 15:42:04,157 INFO o.s.w.s.FrameworkServlet [http-nio-8080-exec-1] Initializing Servlet 'dispatcherServlet'
2025-07-19 15:42:04,161 INFO o.s.w.s.FrameworkServlet [http-nio-8080-exec-1] Completed initialization in 2 ms
2025-07-19 15:42:04,275 INFO o.s.m.c.UserController [http-nio-8080-exec-1] BEGIN login
2025-07-19 15:42:04,400 INFO o.s.m.c.UserController [http-nio-8080-exec-1] END login - success
2025-07-19 15:42:04,543 INFO o.s.m.c.PublicationController [http-nio-8080-exec-3] Begin getAll
2025-07-19 15:42:04,594 INFO o.s.m.c.PublicationController [http-nio-8080-exec-3] End getAll
2025-07-19 15:42:14,484 INFO o.s.m.c.PublicationController [http-nio-8080-exec-4] Begin getAll
2025-07-19 15:42:14,493 INFO o.s.m.c.PublicationController [http-nio-8080-exec-4] End getAll
2025-07-19 15:47:54,800 INFO o.s.m.c.UserController [http-nio-8080-exec-7] BEGIN login
2025-07-19 15:47:54,802 INFO o.s.m.c.UserController [http-nio-8080-exec-7] END login - success
2025-07-19 15:47:54,864 INFO o.s.m.c.PublicationController [http-nio-8080-exec-8] Begin getAll
2025-07-19 15:47:54,868 INFO o.s.m.c.PublicationController [http-nio-8080-exec-8] End getAll
2025-07-19 15:47:58,090 INFO o.s.m.c.PublicationController [http-nio-8080-exec-9] Begin getAll
2025-07-19 15:47:58,093 INFO o.s.m.c.PublicationController [http-nio-8080-exec-9] End getAll
2025-07-19 15:48:36,437 INFO o.s.m.c.PublicationController [http-nio-8080-exec-5] Begin getAll
2025-07-19 15:48:36,438 INFO o.s.m.c.PublicationController [http-nio-8080-exec-5] End getAll
2025-07-19 16:31:18,060 INFO o.s.m.c.UserController [http-nio-8080-exec-6] BEGIN login
2025-07-19 16:31:18,075 INFO o.s.m.c.UserController [http-nio-8080-exec-6] END login - success
2025-07-19 16:31:18,150 INFO o.s.m.c.PublicationController [http-nio-8080-exec-1] Begin getAll
2025-07-19 16:31:18,155 INFO o.s.m.c.PublicationController [http-nio-8080-exec-1] End getAll
2025-07-19 16:31:21,375 INFO o.s.m.c.PublicationController [http-nio-8080-exec-3] Begin getAll
2025-07-19 16:31:21,378 INFO o.s.m.c.PublicationController [http-nio-8080-exec-3] End getAll
2025-07-19 16:32:20,393 INFO o.s.m.c.PublicationController [http-nio-8080-exec-4] Begin getAll
2025-07-19 16:32:20,396 INFO o.s.m.c.PublicationController [http-nio-8080-exec-4] End getAll
2025-07-19 16:32:51,974 INFO o.s.m.c.PublicationController [http-nio-8080-exec-2] Begin addPublication
2025-07-19 16:32:52,028 INFO o.s.m.c.PublicationController [http-nio-8080-exec-2] End addPublication
2025-07-19 16:33:59,194 INFO o.s.m.c.UserController [http-nio-8080-exec-8] BEGIN login
2025-07-19 16:33:59,198 INFO o.s.m.c.UserController [http-nio-8080-exec-8] END login - success
2025-07-19 16:33:59,265 INFO o.s.m.c.PublicationController [http-nio-8080-exec-9] Begin getAll
2025-07-19 16:33:59,268 INFO o.s.m.c.PublicationController [http-nio-8080-exec-9] End getAll
2025-07-19 16:34:04,969 INFO o.s.m.c.PublicationController [http-nio-8080-exec-5] Begin getAll
2025-07-19 16:34:04,973 INFO o.s.m.c.PublicationController [http-nio-8080-exec-5] End getAll
2025-07-19 16:36:04,251 INFO o.s.m.c.PublicationController [http-nio-8080-exec-6] Begin getAll
2025-07-19 16:36:04,254 INFO o.s.m.c.PublicationController [http-nio-8080-exec-6] End getAll
2025-07-19 16:37:42,953 INFO o.s.m.c.PublicationController [http-nio-8080-exec-3] Begin getAll
2025-07-19 16:37:42,955 INFO o.s.m.c.PublicationController [http-nio-8080-exec-3] End getAll
2025-07-19 16:39:16,791 INFO o.s.m.c.PublicationController [http-nio-8080-exec-2] Begin getAll
2025-07-19 16:39:16,796 INFO o.s.m.c.PublicationController [http-nio-8080-exec-2] End getAll
2025-07-19 16:49:28,631 INFO o.s.m.c.UserController [http-nio-8080-exec-8] BEGIN login
2025-07-19 16:49:28,633 INFO o.s.m.c.UserController [http-nio-8080-exec-8] END login - success
2025-07-19 16:49:28,697 INFO o.s.m.c.PublicationController [http-nio-8080-exec-9] Begin getAll
2025-07-19 16:49:28,700 INFO o.s.m.c.PublicationController [http-nio-8080-exec-9] End getAll
2025-07-19 16:49:32,230 INFO o.s.m.c.PublicationController [http-nio-8080-exec-5] Begin getAll
2025-07-19 16:49:32,233 INFO o.s.m.c.PublicationController [http-nio-8080-exec-5] End getAll
2025-07-19 16:49:40,483 INFO o.s.m.c.PublicationController [http-nio-8080-exec-10] Begin getAll
2025-07-19 16:49:40,486 INFO o.s.m.c.PublicationController [http-nio-8080-exec-10] End getAll
2025-07-19 16:52:41,867 INFO o.s.m.c.PublicationController [http-nio-8080-exec-1] Begin getAll
2025-07-19 16:52:41,870 INFO o.s.m.c.PublicationController [http-nio-8080-exec-1] End getAll
2025-07-19 16:53:43,738 INFO o.s.m.c.PublicationController [http-nio-8080-exec-4] Begin getAll
2025-07-19 16:53:43,742 INFO o.s.m.c.PublicationController [http-nio-8080-exec-4] End getAll
2025-07-19 16:57:10,808 INFO o.s.m.c.UserController [http-nio-8080-exec-7] BEGIN login
2025-07-19 16:57:10,811 INFO o.s.m.c.UserController [http-nio-8080-exec-7] END login - success
2025-07-19 16:57:10,887 INFO o.s.m.c.PublicationController [http-nio-8080-exec-8] Begin getAll
2025-07-19 16:57:10,889 INFO o.s.m.c.PublicationController [http-nio-8080-exec-8] End getAll
2025-07-19 16:59:54,477 INFO o.s.m.c.UserController [http-nio-8080-exec-5] BEGIN login
2025-07-19 16:59:54,479 INFO o.s.m.c.UserController [http-nio-8080-exec-5] END login - success
2025-07-19 16:59:54,548 INFO o.s.m.c.PublicationController [http-nio-8080-exec-10] Begin getAll
2025-07-19 16:59:54,551 INFO o.s.m.c.PublicationController [http-nio-8080-exec-10] End getAll
2025-07-19 18:23:26,629 WARN c.z.h.p.HikariPool$HouseKeeper [HikariPool-1 housekeeper] HikariPool-1 - Thread starvation or clock leap detected (housekeeper delta=22m19s321ms375µs200ns).
2025-07-19 19:21:04,069 INFO o.s.m.c.UserController [http-nio-8080-exec-1] BEGIN login
2025-07-19 19:21:04,083 WARN o.s.m.c.UserController [http-nio-8080-exec-1] END login - unauthorized
2025-07-19 19:21:17,018 INFO o.s.m.c.UserController [http-nio-8080-exec-3] BEGIN login
2025-07-19 19:21:17,019 INFO o.s.m.c.UserController [http-nio-8080-exec-3] END login - success
2025-07-19 19:21:17,077 INFO o.s.m.c.PublicationController [http-nio-8080-exec-4] Begin getAll
2025-07-19 19:21:17,082 INFO o.s.m.c.PublicationController [http-nio-8080-exec-4] End getAll
2025-07-19 19:21:21,710 INFO o.s.m.c.PublicationController [http-nio-8080-exec-2] Begin getAll
2025-07-19 19:21:21,713 INFO o.s.m.c.PublicationController [http-nio-8080-exec-2] End getAll
2025-07-19 19:21:59,123 INFO o.s.m.c.PublicationController [http-nio-8080-exec-7] Begin addPublication
2025-07-19 19:21:59,136 INFO o.s.m.c.PublicationController [http-nio-8080-exec-7] End addPublication
2025-07-19 19:22:37,947 INFO o.s.m.c.UserController [http-nio-8080-exec-9] BEGIN login
2025-07-19 19:22:37,949 INFO o.s.m.c.UserController [http-nio-8080-exec-9] END login - success
2025-07-19 19:22:38,007 INFO o.s.m.c.PublicationController [http-nio-8080-exec-5] Begin getAll
2025-07-19 19:22:38,010 INFO o.s.m.c.PublicationController [http-nio-8080-exec-5] End getAll
2025-07-19 19:22:44,064 INFO o.s.m.c.PublicationController [http-nio-8080-exec-10] Begin getAll
2025-07-19 19:22:44,066 INFO o.s.m.c.PublicationController [http-nio-8080-exec-10] End getAll
2025-07-19 19:30:27,047 INFO o.s.m.c.UserController [http-nio-8080-exec-1] BEGIN login
2025-07-19 19:30:27,049 INFO o.s.m.c.UserController [http-nio-8080-exec-1] END login - success
2025-07-19 19:30:27,123 INFO o.s.m.c.PublicationController [http-nio-8080-exec-3] Begin getAll
2025-07-19 19:30:27,125 INFO o.s.m.c.PublicationController [http-nio-8080-exec-3] End getAll
2025-07-19 19:30:45,294 INFO o.s.m.c.PublicationController [http-nio-8080-exec-4] Begin addPublication
2025-07-19 19:30:45,297 INFO o.s.m.c.PublicationController [http-nio-8080-exec-4] End addPublication
2025-07-19 19:30:45,330 INFO o.s.m.c.PublicationController [http-nio-8080-exec-2] Begin getAll
2025-07-19 19:30:45,333 INFO o.s.m.c.PublicationController [http-nio-8080-exec-2] End getAll
2025-07-19 19:51:14,013 INFO o.s.m.c.UserController [http-nio-8080-exec-8] BEGIN login
2025-07-19 19:51:14,015 INFO o.s.m.c.UserController [http-nio-8080-exec-8] END login - success
2025-07-19 19:51:14,090 INFO o.s.m.c.PublicationController [http-nio-8080-exec-9] Begin getAll
2025-07-19 19:51:14,092 INFO o.s.m.c.PublicationController [http-nio-8080-exec-9] End getAll
2025-07-19 19:51:19,534 INFO o.s.m.c.PublicationController [http-nio-8080-exec-5] Begin getAll
2025-07-19 19:51:19,537 INFO o.s.m.c.PublicationController [http-nio-8080-exec-5] End getAll
2025-07-19 19:51:20,516 INFO o.s.m.c.PublicationController [http-nio-8080-exec-10] Begin getAll
2025-07-19 19:51:20,520 INFO o.s.m.c.PublicationController [http-nio-8080-exec-10] End getAll
2025-07-19 19:51:21,504 INFO o.s.m.c.PublicationController [http-nio-8080-exec-6] Begin getAll
2025-07-19 19:51:21,511 INFO o.s.m.c.PublicationController [http-nio-8080-exec-6] End getAll
2025-07-19 20:25:39,992 INFO o.s.m.c.PublicationController [http-nio-8080-exec-3] Begin getAll
2025-07-19 20:25:40,001 INFO o.s.m.c.PublicationController [http-nio-8080-exec-3] End getAll
2025-07-19 21:15:13,534 WARN c.z.h.p.HikariPool$HouseKeeper [HikariPool-1 housekeeper] HikariPool-1 - Thread starvation or clock leap detected (housekeeper delta=3m16s574ms483µs900ns).
2025-07-19 22:44:32,355 WARN c.z.h.p.HikariPool$HouseKeeper [HikariPool-1 housekeeper] HikariPool-1 - Thread starvation or clock leap detected (housekeeper delta=1h1m48s746ms688µs800ns).
2025-07-19 22:47:35,522 WARN c.z.h.p.HikariPool$HouseKeeper [HikariPool-1 housekeeper] HikariPool-1 - Thread starvation or clock leap detected (housekeeper delta=3m3s167ms381µs800ns).
