2025-06-10 17:19:48,459 INFO o.h.v.i.u.Version [background-preinit] HV000001: Hibernate Validator 8.0.2.Final
2025-06-10 17:19:48,506 INFO o.s.b.StartupInfoLogger [main] Starting MemesConClaseApplication using Java 21.0.4 with PID 2152 (C:\Users\josem\IdeaProjects\MemesConClase\target\classes started by josem in C:\Users\josem\IdeaProjects\MemesConClase)
2025-06-10 17:19:48,506 INFO o.s.b.SpringApplication [main] No active profile set, falling back to 1 default profile: "default"
2025-06-10 17:19:48,905 INFO o.s.d.r.c.RepositoryConfigurationDelegate [main] Bootstrapping Spring Data JPA repositories in DEFAULT mode.
2025-06-10 17:19:48,944 INFO o.s.d.r.c.RepositoryConfigurationDelegate [main] Finished Spring Data repository scanning in 33 ms. Found 5 JPA repository interfaces.
2025-06-10 17:19:49,264 INFO o.s.b.w.e.t.TomcatWebServer [main] Tomcat initialized with port 8080 (http)
2025-06-10 17:19:49,272 INFO o.a.j.l.DirectJDKLog [main] Initializing ProtocolHandler ["http-nio-8080"]
2025-06-10 17:19:49,275 INFO o.a.j.l.DirectJDKLog [main] Starting service [Tomcat]
2025-06-10 17:19:49,276 INFO o.a.j.l.DirectJDKLog [main] Starting Servlet engine: [Apache Tomcat/10.1.34]
2025-06-10 17:19:49,319 INFO o.a.j.l.DirectJDKLog [main] Initializing Spring embedded WebApplicationContext
2025-06-10 17:19:49,320 INFO o.s.b.w.s.c.ServletWebServerApplicationContext [main] Root WebApplicationContext: initialization completed in 786 ms
2025-06-10 17:19:49,416 INFO o.h.j.i.u.LogHelper [main] HHH000204: Processing PersistenceUnitInfo [name: default]
2025-06-10 17:19:49,463 INFO o.h.Version [main] HHH000412: Hibernate ORM core version 6.6.4.Final
2025-06-10 17:19:49,492 INFO o.h.c.i.RegionFactoryInitiator [main] HHH000026: Second-level cache disabled
2025-06-10 17:19:49,691 INFO o.s.o.j.p.SpringPersistenceUnitInfo [main] No LoadTimeWeaver setup: ignoring JPA class transformer
2025-06-10 17:19:49,711 INFO c.z.h.HikariDataSource [main] HikariPool-1 - Starting...
2025-06-10 17:19:49,875 INFO c.z.h.p.HikariPool [main] HikariPool-1 - Added connection conn0: url=jdbc:h2:file:./data/MemesConClase.db user=SA
2025-06-10 17:19:49,877 INFO c.z.h.HikariDataSource [main] HikariPool-1 - Start completed.
2025-06-10 17:19:49,897 WARN o.h.e.j.d.i.DialectFactoryImpl [main] HHH90000025: H2Dialect does not need to be specified explicitly using 'hibernate.dialect' (remove the property setting and it will be selected by default)
2025-06-10 17:19:49,909 INFO o.h.e.j.e.i.JdbcEnvironmentInitiator [main] HHH10001005: Database info:
	Database JDBC URL [Connecting through datasource 'HikariDataSource (HikariPool-1)']
	Database driver: undefined/unknown
	Database version: 2.3.232
	Autocommit mode: undefined/unknown
	Isolation level: undefined/unknown
	Minimum pool size: undefined/unknown
	Maximum pool size: undefined/unknown
2025-06-10 17:19:50,511 INFO o.h.e.t.j.p.i.JtaPlatformInitiator [main] HHH000489: No JTA platform available (set 'hibernate.transaction.jta.platform' to enable JTA platform integration)
2025-06-10 17:19:50,556 INFO o.s.o.j.AbstractEntityManagerFactoryBean [main] Initialized JPA EntityManagerFactory for persistence unit 'default'
2025-06-10 17:19:50,839 WARN o.s.b.a.o.j.JpaBaseConfiguration$JpaWebConfiguration [main] spring.jpa.open-in-view is enabled by default. Therefore, database queries may be performed during view rendering. Explicitly configure spring.jpa.open-in-view to disable this warning
2025-06-10 17:19:51,003 INFO o.s.b.a.h.H2ConsoleAutoConfiguration$H2ConsoleLogger [main] H2 console available at '/h2-console'. Database available at 'jdbc:h2:file:./data/MemesConClase.db'
2025-06-10 17:19:51,037 INFO o.a.j.l.DirectJDKLog [main] Starting ProtocolHandler ["http-nio-8080"]
2025-06-10 17:19:51,062 INFO o.s.b.w.e.t.TomcatWebServer [main] Tomcat started on port 8080 (http) with context path '/'
2025-06-10 17:19:51,066 INFO o.s.b.StartupInfoLogger [main] Started MemesConClaseApplication in 2.9 seconds (process running for 3.117)
2025-06-10 17:20:24,488 INFO o.a.j.l.DirectJDKLog [http-nio-8080-exec-1] Initializing Spring DispatcherServlet 'dispatcherServlet'
2025-06-10 17:20:24,489 INFO o.s.w.s.FrameworkServlet [http-nio-8080-exec-1] Initializing Servlet 'dispatcherServlet'
2025-06-10 17:20:24,490 INFO o.s.w.s.FrameworkServlet [http-nio-8080-exec-1] Completed initialization in 1 ms
2025-06-10 17:20:24,541 INFO o.s.m.c.UserController [http-nio-8080-exec-1] BEGIN getAll
2025-06-10 17:20:24,669 INFO o.s.m.c.UserController [http-nio-8080-exec-1] END getAll
2025-06-10 17:20:32,910 INFO o.s.m.c.PublicationController [http-nio-8080-exec-3] Begin getAll
2025-06-10 17:20:32,939 INFO o.s.m.c.PublicationController [http-nio-8080-exec-3] End getAll
2025-06-10 17:20:39,380 INFO o.s.m.c.CommentController [http-nio-8080-exec-2] Begin getAll comments
2025-06-10 17:20:39,397 INFO o.s.m.c.CommentController [http-nio-8080-exec-2] End getAll comments
2025-06-10 17:20:43,840 INFO o.s.m.c.ReactionController [http-nio-8080-exec-4] Begin getAll reactions
2025-06-10 17:20:43,848 INFO o.s.m.c.ReactionController [http-nio-8080-exec-4] End getAll reactions
2025-06-10 17:20:55,976 INFO o.s.m.c.FriendshipController [http-nio-8080-exec-6] Begin Get all friendships
2025-06-10 17:20:55,987 INFO o.s.m.c.FriendshipController [http-nio-8080-exec-6] End Get all friendships
